<?xml version="1.0" encoding="utf-8"?><testsuites><testsuite name="pytest" errors="0" failures="1" skipped="1" tests="3" time="0.174" timestamp="2023-08-06T14:46:07.828485" hostname="zephyrus-g15"><testcase classname="imu_package.test.test_copyright" name="test_copyright" time="0.000"><skipped type="pytest.skip" message="No copyright header has been placed in the generated source file.">/home/jaay/Agnirath/Agnirath_LVS_Strategy/aarush_ros/src/imu_package/test/test_copyright.py:20: No copyright header has been placed in the generated source file.</skipped></testcase><testcase classname="imu_package.test.test_flake8" name="test_flake8" time="0.071"><failure message="AssertionError: Found 7 code style errors / warnings:&#10;  ./imu_package/imu_node.py:12:32: E231 missing whitespace after ','&#10;  ./imu_package/imu_node.py:58:26: E225 missing whitespace around operator&#10;  ./imu_package/imu_node.py:73:1: W293 blank line contains whitespace&#10;  ./imu_package/imu_node.py:74:1: E302 expected 2 blank lines, found 1&#10;  ./imu_package/imu_node.py:78:43: E231 missing whitespace after ','&#10;  ./imu_package/imu_node.py:78:45: E231 missing whitespace after ','&#10;  ./imu_package/imu_node.py:79:1: W293 blank line contains whitespace&#10;assert 1 == 0">test/test_flake8.py:23: in test_flake8
    assert rc == 0, \
E   AssertionError: Found 7 code style errors / warnings:
E     ./imu_package/imu_node.py:12:32: E231 missing whitespace after ','
E     ./imu_package/imu_node.py:58:26: E225 missing whitespace around operator
E     ./imu_package/imu_node.py:73:1: W293 blank line contains whitespace
E     ./imu_package/imu_node.py:74:1: E302 expected 2 blank lines, found 1
E     ./imu_package/imu_node.py:78:43: E231 missing whitespace after ','
E     ./imu_package/imu_node.py:78:45: E231 missing whitespace after ','
E     ./imu_package/imu_node.py:79:1: W293 blank line contains whitespace
E   assert 1 == 0</failure></testcase><testcase classname="imu_package.test.test_pep257" name="test_pep257" time="0.015" /></testsuite></testsuites>