<?xml version="1.0" encoding="utf-8"?><testsuites><testsuite name="pytest" errors="0" failures="1" skipped="1" tests="3" time="0.194" timestamp="2023-08-06T14:46:07.056090" hostname="zephyrus-g15"><testcase classname="can_package.test.test_copyright" name="test_copyright" time="0.000"><skipped type="pytest.skip" message="No copyright header has been placed in the generated source file.">/home/jaay/Agnirath/Agnirath_LVS_Strategy/aarush_ros/src/can_package/test/test_copyright.py:20: No copyright header has been placed in the generated source file.</skipped></testcase><testcase classname="can_package.test.test_flake8" name="test_flake8" time="0.082"><failure message="AssertionError: Found 52 code style errors / warnings:&#10;  ./can_package/sample_CAN.py:7:75: W291 trailing whitespace&#10;  ./can_package/can_node_sim.py:6:1: E302 expected 2 blank lines, found 1&#10;  ./can_package/can_node_sim.py:18:19: E231 missing whitespace after ','&#10;  ./can_package/can_node_sim.py:18:25: E231 missing whitespace after ','&#10;  ./can_package/can_node_sim.py:18:29: E231 missing whitespace after ','&#10;  ./can_package/can_node_sim.py:18:46: E231 missing whitespace after ','&#10;  ./can_package/can_node_sim.py:19:19: E231 missing whitespace after ','&#10;  ./can_package/can_node_sim.py:19:25: E231 missing whitespace after ','&#10;  ./can_package/can_node_sim.py:19:29: E231 missing whitespace after ','&#10;  ./can_package/can_node_sim.py:19:46: E231 missing whitespace after ','&#10;  ./can_package/can_node_sim.py:38:1: W293 blank line contains whitespace&#10;  ./can_package/can_node_sim.py:39:50: E231 missing whitespace after ','&#10;  ./can_package/can_node_sim.py:48:1: E302 expected 2 blank lines, found 1&#10;  ./can_package/can_node_sim.py:57:1: W293 blank line contains whitespace&#10;  ./can_package/can_node_sim.py:59:5: E303 too many blank lines (3)&#10;  ./can_package/can_tx_node.py:5:1: E302 expected 2 blank lines, found 1&#10;  ./can_package/can_tx_node.py:31:41: W291 trailing whitespace&#10;  ./can_package/can_rx_node_v3.py:4:1: F401 'random' imported but unused&#10;  ./can_package/can_rx_node_v3.py:6:1: E265 block comment should start with '# '&#10;  ./can_package/can_rx_node_v3.py:8:1: F401 'time.sleep' imported but unused&#10;  ./can_package/can_rx_node_v3.py:10:1: E302 expected 2 blank lines, found 1&#10;  ./can_package/can_rx_node_v3.py:18:9: E265 block comment should start with '# '&#10;  ./can_package/can_rx_node_v3.py:19:100: E501 line too long (149 &gt; 99 characters)&#10;  ./can_package/can_rx_node_v3.py:31:28: W291 trailing whitespace&#10;  ./can_package/can_rx_node_v3.py:40:36: E222 multiple spaces after operator&#10;  ./can_package/can_rx_node_v3.py:40:100: E501 line too long (109 &gt; 99 characters)&#10;  ./can_package/can_rx_node_v3.py:42:46: E231 missing whitespace after ','&#10;  ./can_package/can_rx_node_v3.py:51:9: E303 too many blank lines (4)&#10;  ./can_package/can_rx_node_v3.py:51:9: E265 block comment should start with '# '&#10;  ./can_package/can_rx_node_v3.py:52:9: E265 block comment should start with '# '&#10;  ./can_package/can_rx_node_v3.py:53:9: E265 block comment should start with '# '&#10;  ./can_package/can_rx_node_v3.py:54:9: E265 block comment should start with '# '&#10;  ./can_package/can_rx_node_v3.py:55:9: E265 block comment should start with '# '&#10;  ./can_package/can_rx_node_v3.py:55:42: W291 trailing whitespace&#10;  ./can_package/can_rx_node_v3.py:59:13: E265 block comment should start with '# '&#10;  ./can_package/can_rx_node_v3.py:81:5: E303 too many blank lines (3)&#10;  ./can_package/can_rx_node_v3.py:87:1: E305 expected 2 blank lines after class or function definition, found 1&#10;  ./can_package/py-can-rx.py:2:1: F401 'time.sleep' imported but unused&#10;  ./can_package/py-can-rx.py:14:1: W391 blank line at end of file&#10;  ./can_package/py-can-tx.py:19:1: W391 blank line at end of file&#10;  ./can_package/can_rx_node.py:7:1: E302 expected 2 blank lines, found 1&#10;  ./can_package/can_rx_node.py:19:1: W293 blank line contains whitespace&#10;  ./can_package/can_rx_node.py:20:28: W291 trailing whitespace&#10;  ./can_package/can_rx_node.py:23:43: E231 missing whitespace after ','&#10;  ./can_package/can_rx_node.py:24:21: E225 missing whitespace around operator&#10;  ./can_package/can_rx_node.py:24:43: E231 missing whitespace after ','&#10;  ./can_package/can_rx_node.py:25:9: E265 block comment should start with '# '&#10;  ./can_package/can_rx_node.py:26:9: E265 block comment should start with '# '&#10;  ./can_package/can_rx_node.py:26:42: W291 trailing whitespace&#10;  ./can_package/can_rx_node.py:35:1: E302 expected 2 blank lines, found 1&#10;  ./can_package/can_rx_node.py:44:1: W293 blank line contains whitespace&#10;  ./can_package/can_rx_node.py:46:5: E303 too many blank lines (3)&#10;assert 1 == 0">test/test_flake8.py:23: in test_flake8
    assert rc == 0, \
E   AssertionError: Found 52 code style errors / warnings:
E     ./can_package/sample_CAN.py:7:75: W291 trailing whitespace
E     ./can_package/can_node_sim.py:6:1: E302 expected 2 blank lines, found 1
E     ./can_package/can_node_sim.py:18:19: E231 missing whitespace after ','
E     ./can_package/can_node_sim.py:18:25: E231 missing whitespace after ','
E     ./can_package/can_node_sim.py:18:29: E231 missing whitespace after ','
E     ./can_package/can_node_sim.py:18:46: E231 missing whitespace after ','
E     ./can_package/can_node_sim.py:19:19: E231 missing whitespace after ','
E     ./can_package/can_node_sim.py:19:25: E231 missing whitespace after ','
E     ./can_package/can_node_sim.py:19:29: E231 missing whitespace after ','
E     ./can_package/can_node_sim.py:19:46: E231 missing whitespace after ','
E     ./can_package/can_node_sim.py:38:1: W293 blank line contains whitespace
E     ./can_package/can_node_sim.py:39:50: E231 missing whitespace after ','
E     ./can_package/can_node_sim.py:48:1: E302 expected 2 blank lines, found 1
E     ./can_package/can_node_sim.py:57:1: W293 blank line contains whitespace
E     ./can_package/can_node_sim.py:59:5: E303 too many blank lines (3)
E     ./can_package/can_tx_node.py:5:1: E302 expected 2 blank lines, found 1
E     ./can_package/can_tx_node.py:31:41: W291 trailing whitespace
E     ./can_package/can_rx_node_v3.py:4:1: F401 'random' imported but unused
E     ./can_package/can_rx_node_v3.py:6:1: E265 block comment should start with '# '
E     ./can_package/can_rx_node_v3.py:8:1: F401 'time.sleep' imported but unused
E     ./can_package/can_rx_node_v3.py:10:1: E302 expected 2 blank lines, found 1
E     ./can_package/can_rx_node_v3.py:18:9: E265 block comment should start with '# '
E     ./can_package/can_rx_node_v3.py:19:100: E501 line too long (149 &gt; 99 characters)
E     ./can_package/can_rx_node_v3.py:31:28: W291 trailing whitespace
E     ./can_package/can_rx_node_v3.py:40:36: E222 multiple spaces after operator
E     ./can_package/can_rx_node_v3.py:40:100: E501 line too long (109 &gt; 99 characters)
E     ./can_package/can_rx_node_v3.py:42:46: E231 missing whitespace after ','
E     ./can_package/can_rx_node_v3.py:51:9: E303 too many blank lines (4)
E     ./can_package/can_rx_node_v3.py:51:9: E265 block comment should start with '# '
E     ./can_package/can_rx_node_v3.py:52:9: E265 block comment should start with '# '
E     ./can_package/can_rx_node_v3.py:53:9: E265 block comment should start with '# '
E     ./can_package/can_rx_node_v3.py:54:9: E265 block comment should start with '# '
E     ./can_package/can_rx_node_v3.py:55:9: E265 block comment should start with '# '
E     ./can_package/can_rx_node_v3.py:55:42: W291 trailing whitespace
E     ./can_package/can_rx_node_v3.py:59:13: E265 block comment should start with '# '
E     ./can_package/can_rx_node_v3.py:81:5: E303 too many blank lines (3)
E     ./can_package/can_rx_node_v3.py:87:1: E305 expected 2 blank lines after class or function definition, found 1
E     ./can_package/py-can-rx.py:2:1: F401 'time.sleep' imported but unused
E     ./can_package/py-can-rx.py:14:1: W391 blank line at end of file
E     ./can_package/py-can-tx.py:19:1: W391 blank line at end of file
E     ./can_package/can_rx_node.py:7:1: E302 expected 2 blank lines, found 1
E     ./can_package/can_rx_node.py:19:1: W293 blank line contains whitespace
E     ./can_package/can_rx_node.py:20:28: W291 trailing whitespace
E     ./can_package/can_rx_node.py:23:43: E231 missing whitespace after ','
E     ./can_package/can_rx_node.py:24:21: E225 missing whitespace around operator
E     ./can_package/can_rx_node.py:24:43: E231 missing whitespace after ','
E     ./can_package/can_rx_node.py:25:9: E265 block comment should start with '# '
E     ./can_package/can_rx_node.py:26:9: E265 block comment should start with '# '
E     ./can_package/can_rx_node.py:26:42: W291 trailing whitespace
E     ./can_package/can_rx_node.py:35:1: E302 expected 2 blank lines, found 1
E     ./can_package/can_rx_node.py:44:1: W293 blank line contains whitespace
E     ./can_package/can_rx_node.py:46:5: E303 too many blank lines (3)
E   assert 1 == 0</failure></testcase><testcase classname="can_package.test.test_pep257" name="test_pep257" time="0.025" /></testsuite></testsuites>