[1.374s] Invoking command in '/home/jaay/Agnirath/Agnirath_LVS_Strategy/aarush_ros/src/logging_package': AMENT_PREFIX_PATH=/home/jaay/Agnirath/Agnirath_LVS_Strategy/aarush_ros/install/logging_package:${AMENT_PREFIX_PATH} PYTEST_ADDOPTS=--tb=short --junit-xml=/home/jaay/Agnirath/Agnirath_LVS_Strategy/aarush_ros/build/logging_package/pytest.xml --junit-prefix=logging_package -o cache_dir=/home/jaay/Agnirath/Agnirath_LVS_Strategy/aarush_ros/build/logging_package/.pytest_cache PYTHONPATH=/home/jaay/Agnirath/Agnirath_LVS_Strategy/aarush_ros/install/logging_package/lib/python3.10/site-packages:${PYTHONPATH} /usr/bin/python3 -m pytest
[2.436s] [1m============================= test session starts ==============================[0m
[2.436s] platform linux -- Python 3.10.12, pytest-6.2.5, py-1.10.0, pluggy-0.13.0
[2.436s] cachedir: /home/jaay/Agnirath/Agnirath_LVS_Strategy/aarush_ros/build/logging_package/.pytest_cache
[2.436s] rootdir: /home/jaay/Agnirath/Agnirath_LVS_Strategy/aarush_ros/src/logging_package
[2.436s] plugins: ament-xmllint-0.14.1, ament-copyright-0.14.1, ament-flake8-0.14.1, launch-testing-2.0.2, ament-pep257-0.14.1, launch-testing-ros-0.24.0, ament-lint-0.14.1, colcon-core-0.12.1, cov-3.0.0
[2.436s] [1mcollecting ... [0m[1m
[2.436s] collected 3 items                                                              [0m
[2.436s] 
[2.436s] test/test_copyright.py [33ms[0m[32m                                                 [ 33%][0m
[2.437s] test/test_flake8.py [31mF[0m[31m                                                    [ 66%][0m
[2.437s] test/test_pep257.py [32m.[0m[31m                                                    [100%][0m
[2.437s] 
[2.437s] =================================== FAILURES ===================================
[2.437s] [31m[1m_________________________________ test_flake8 __________________________________[0m
[2.437s] [1m[31mtest/test_flake8.py[0m:23: in test_flake8
[2.437s]     [94massert[39;49;00m rc == [94m0[39;49;00m, \
[2.437s] [1m[31mE   AssertionError: Found 6 code style errors / warnings:[0m
[2.437s] [1m[31mE     ./logging_package/logging_node.py:3:1: F401 'std_msgs.msg.Float32MultiArray as rosarray' imported but unused[0m
[2.437s] [1m[31mE     ./logging_package/logging_node.py:5:1: E302 expected 2 blank lines, found 1[0m
[2.437s] [1m[31mE     ./logging_package/logging_node.py:10:1: W293 blank line contains whitespace[0m
[2.437s] [1m[31mE     ./logging_package/logging_node.py:15:43: E231 missing whitespace after ','[0m
[2.437s] [1m[31mE     ./logging_package/logging_node.py:15:45: E231 missing whitespace after ','[0m
[2.437s] [1m[31mE     ./logging_package/logging_node.py:16:1: W293 blank line contains whitespace[0m
[2.437s] [1m[31mE   assert 1 == 0[0m
[2.437s] ----------------------------- Captured stdout call -----------------------------
[2.437s] 
[2.437s] ./logging_package/logging_node.py:3:1: F401 'std_msgs.msg.Float32MultiArray as rosarray' imported but unused
[2.437s] from std_msgs.msg import Float32MultiArray as rosarray
[2.437s] ^
[2.437s] 
[2.437s] ./logging_package/logging_node.py:5:1: E302 expected 2 blank lines, found 1
[2.437s] class IMU_NODE(Node):
[2.437s] ^
[2.438s] 
[2.438s] ./logging_package/logging_node.py:10:1: W293 blank line contains whitespace
[2.438s]     
[2.438s] ^
[2.438s] 
[2.438s] ./logging_package/logging_node.py:15:43: E231 missing whitespace after ','
[2.438s]     imu_node.init_imu_publisher("imu_data",1,2)
[2.438s]                                           ^
[2.438s] 
[2.438s] ./logging_package/logging_node.py:15:45: E231 missing whitespace after ','
[2.438s]     imu_node.init_imu_publisher("imu_data",1,2)
[2.438s]                                             ^
[2.438s] 
[2.438s] ./logging_package/logging_node.py:16:1: W293 blank line contains whitespace
[2.438s]     
[2.438s] ^
[2.438s] 
[2.438s] 2     E231 missing whitespace after ','
[2.438s] 1     E302 expected 2 blank lines, found 1
[2.438s] 1     F401 'std_msgs.msg.Float32MultiArray as rosarray' imported but unused
[2.438s] 2     W293 blank line contains whitespace
[2.438s] 
[2.438s] 6 files checked
[2.439s] 6 errors
[2.439s] 
[2.439s] 'E'-type errors: 3
[2.439s] 'F'-type errors: 1
[2.439s] 'W'-type errors: 2
[2.439s] 
[2.439s] Checked files:
[2.439s] 
[2.439s] * ./setup.py
[2.439s] * ./test/test_flake8.py
[2.439s] * ./test/test_pep257.py
[2.439s] * ./test/test_copyright.py
[2.439s] * ./logging_package/logging_node.py
[2.439s] * ./logging_package/__init__.py
[2.439s] ----------------------------- Captured stderr call -----------------------------
[2.439s] option --max-complexity: please update from optparse string `type=` to argparse callable `type=` -- this will be an error in the future
[2.439s] - generated xml file: /home/jaay/Agnirath/Agnirath_LVS_Strategy/aarush_ros/build/logging_package/pytest.xml -
[2.439s] =========================== short test summary info ============================
[2.439s] FAILED test/test_flake8.py::test_flake8 - AssertionError: Found 6 code style ...
[2.439s] [31m============== [31m[1m1 failed[0m, [32m1 passed[0m, [33m1 skipped[0m, [33m2 warnings[0m[31m in 0.27s[0m[31m ==============[0m
[2.439s] [33m=============================== warnings summary ===============================[0m
[2.439s] test/test_flake8.py::test_flake8
[2.439s] test/test_flake8.py::test_flake8
[2.440s]   Warning: SelectableGroups dict interface is deprecated. Use select.
[2.440s] 
[2.440s] -- Docs: https://docs.pytest.org/en/stable/warnings.html
[2.958s] Invoked command in '/home/jaay/Agnirath/Agnirath_LVS_Strategy/aarush_ros/src/logging_package' returned '1': AMENT_PREFIX_PATH=/home/jaay/Agnirath/Agnirath_LVS_Strategy/aarush_ros/install/logging_package:${AMENT_PREFIX_PATH} PYTEST_ADDOPTS=--tb=short --junit-xml=/home/jaay/Agnirath/Agnirath_LVS_Strategy/aarush_ros/build/logging_package/pytest.xml --junit-prefix=logging_package -o cache_dir=/home/jaay/Agnirath/Agnirath_LVS_Strategy/aarush_ros/build/logging_package/.pytest_cache PYTHONPATH=/home/jaay/Agnirath/Agnirath_LVS_Strategy/aarush_ros/install/logging_package/lib/python3.10/site-packages:${PYTHONPATH} /usr/bin/python3 -m pytest
