[1m============================= test session starts ==============================[0m
platform linux -- Python 3.10.12, pytest-6.2.5, py-1.10.0, pluggy-0.13.0
cachedir: /home/jaay/Agnirath/Agnirath_LVS_Strategy/aarush_ros/build/test_package/.pytest_cache
rootdir: /home/jaay/Agnirath/Agnirath_LVS_Strategy/aarush_ros/src/test_package
plugins: ament-xmllint-0.14.1, ament-copyright-0.14.1, ament-flake8-0.14.1, launch-testing-2.0.2, ament-pep257-0.14.1, launch-testing-ros-0.24.0, ament-lint-0.14.1, colcon-core-0.12.1, cov-3.0.0
[1mcollecting ... [0m[1m
collected 3 items                                                              [0m

test/test_copyright.py [33ms[0m[32m                                                 [ 33%][0m
test/test_flake8.py [31mF[0m[31m                                                    [ 66%][0m
test/test_pep257.py [32m.[0m[31m                                                    [100%][0m

=================================== FAILURES ===================================
[31m[1m_________________________________ test_flake8 __________________________________[0m
[1m[31mtest/test_flake8.py[0m:23: in test_flake8
    [94massert[39;49;00m rc == [94m0[39;49;00m, \
[1m[31mE   AssertionError: Found 26 code style errors / warnings:[0m
[1m[31mE     ./test_package/pub.py:8:22: E231 missing whitespace after ','[0m
[1m[31mE     ./test_package/pub.py:10:57: E231 missing whitespace after ','[0m
[1m[31mE     ./test_package/pub.py:11:30: E261 at least two spaces before inline comment[0m
[1m[31mE     ./test_package/pub.py:21:21: E231 missing whitespace after ','[0m
[1m[31mE     ./test_package/pub_sub.py:6:1: E302 expected 2 blank lines, found 1[0m
[1m[31mE     ./test_package/pub_sub.py:7:22: E231 missing whitespace after ','[0m
[1m[31mE     ./test_package/pub_sub.py:11:57: E231 missing whitespace after ','[0m
[1m[31mE     ./test_package/pub_sub.py:12:30: E261 at least two spaces before inline comment[0m
[1m[31mE     ./test_package/pub_sub.py:29:9: E265 block comment should start with '# '[0m
[1m[31mE     ./test_package/pub_sub.py:33:9: E265 block comment should start with '# '[0m
[1m[31mE     ./test_package/pub_sub.py:56:25: E231 missing whitespace after ','[0m
[1m[31mE     ./test_package/pub_sub.py:61:25: E231 missing whitespace after ','[0m
[1m[31mE     ./test_package/pub_sub.py:63:1: W293 blank line contains whitespace[0m
[1m[31mE     ./test_package/pub_sub.py:65:5: E303 too many blank lines (3)[0m
[1m[31mE     ./test_package/sub.py:7:22: E231 missing whitespace after ','[0m
[1m[31mE     ./test_package/sub.py:17:21: E231 missing whitespace after ','[0m
[1m[31mE     ./test_package/pub_sub_simu.py:6:1: E302 expected 2 blank lines, found 1[0m
[1m[31mE     ./test_package/pub_sub_simu.py:7:22: E231 missing whitespace after ','[0m
[1m[31mE     ./test_package/pub_sub_simu.py:11:57: E231 missing whitespace after ','[0m
[1m[31mE     ./test_package/pub_sub_simu.py:12:30: E261 at least two spaces before inline comment[0m
[1m[31mE     ./test_package/pub_sub_simu.py:29:9: E265 block comment should start with '# '[0m
[1m[31mE     ./test_package/pub_sub_simu.py:33:9: E265 block comment should start with '# '[0m
[1m[31mE     ./test_package/pub_sub_simu.py:68:25: E231 missing whitespace after ','[0m
[1m[31mE     ./test_package/pub_sub_simu.py:73:25: E231 missing whitespace after ','[0m
[1m[31mE     ./test_package/pub_sub_simu.py:75:1: W293 blank line contains whitespace[0m
[1m[31mE     ./test_package/pub_sub_simu.py:77:5: E303 too many blank lines (3)[0m
[1m[31mE   assert 1 == 0[0m
----------------------------- Captured stdout call -----------------------------

./test_package/pub.py:8:22: E231 missing whitespace after ','
    def __init__(self,node):
                     ^

./test_package/pub.py:10:57: E231 missing whitespace after ','
        self.publisher_ = self.create_publisher(rosarray,"final_data", 10)
                                                        ^

./test_package/pub.py:11:30: E261 at least two spaces before inline comment
        self.timer_period = 1 # seconds
                             ^

./test_package/pub.py:21:21: E231 missing whitespace after ','
        print("PUB:",self.pub_data)
                    ^

./test_package/pub_sub.py:6:1: E302 expected 2 blank lines, found 1
class sample_publisher_subscriber(Node):
^

./test_package/pub_sub.py:7:22: E231 missing whitespace after ','
    def __init__(self,node):
                     ^

./test_package/pub_sub.py:11:57: E231 missing whitespace after ','
        self.publisher_ = self.create_publisher(rosarray,"final_data", 10)
                                                        ^

./test_package/pub_sub.py:12:30: E261 at least two spaces before inline comment
        self.timer_period = 1 # seconds
                             ^

./test_package/pub_sub.py:29:9: E265 block comment should start with '# '
        #print("PUB:",self.latest_pub_data)
        ^

./test_package/pub_sub.py:33:9: E265 block comment should start with '# '
        #print("SUB:",self.latest_pub_data)
        ^

./test_package/pub_sub.py:56:25: E231 missing whitespace after ','
            print("PUB:",latest_pub_data)
                        ^

./test_package/pub_sub.py:61:25: E231 missing whitespace after ','
            print("SUB:",latest_sub_data)
                        ^

./test_package/pub_sub.py:63:1: W293 blank line contains whitespace
        
^

./test_package/pub_sub.py:65:5: E303 too many blank lines (3)
    # Destroy the node explicitly
    ^

./test_package/sub.py:7:22: E231 missing whitespace after ','
    def __init__(self,node):
                     ^

./test_package/sub.py:17:21: E231 missing whitespace after ','
        print("SUB:",self.latest_data)
                    ^

./test_package/pub_sub_simu.py:6:1: E302 expected 2 blank lines, found 1
class sample_publisher_subscriber(Node):
^

./test_package/pub_sub_simu.py:7:22: E231 missing whitespace after ','
    def __init__(self,node):
                     ^

./test_package/pub_sub_simu.py:11:57: E231 missing whitespace after ','
        self.publisher_ = self.create_publisher(rosarray,"final_data", 10)
                                                        ^

./test_package/pub_sub_simu.py:12:30: E261 at least two spaces before inline comment
        self.timer_period = 1 # seconds
                             ^

./test_package/pub_sub_simu.py:29:9: E265 block comment should start with '# '
        #print("PUB:",self.latest_pub_data)
        ^

./test_package/pub_sub_simu.py:33:9: E265 block comment should start with '# '
        #print("SUB:",self.latest_pub_data)
        ^

./test_package/pub_sub_simu.py:68:25: E231 missing whitespace after ','
            print("PUB:",latest_pub_data)
                        ^

./test_package/pub_sub_simu.py:73:25: E231 missing whitespace after ','
            print("SUB:",latest_sub_data)
                        ^

./test_package/pub_sub_simu.py:75:1: W293 blank line contains whitespace
        
^

./test_package/pub_sub_simu.py:77:5: E303 too many blank lines (3)
    # Destroy the node explicitly
    ^

13    E231 missing whitespace after ','
3     E261 at least two spaces before inline comment
4     E265 block comment should start with '# '
2     E302 expected 2 blank lines, found 1
2     E303 too many blank lines (3)
2     W293 blank line contains whitespace

9 files checked
26 errors

'E'-type errors: 24
'W'-type errors: 2

Checked files:

* ./setup.py
* ./test/test_flake8.py
* ./test/test_pep257.py
* ./test/test_copyright.py
* ./test_package/pub.py
* ./test_package/pub_sub.py
* ./test_package/sub.py
* ./test_package/__init__.py
* ./test_package/pub_sub_simu.py
----------------------------- Captured stderr call -----------------------------
option --max-complexity: please update from optparse string `type=` to argparse callable `type=` -- this will be an error in the future
- generated xml file: /home/jaay/Agnirath/Agnirath_LVS_Strategy/aarush_ros/build/test_package/pytest.xml -
=========================== short test summary info ============================
FAILED test/test_flake8.py::test_flake8 - AssertionError: Found 26 code style...
[31m============== [31m[1m1 failed[0m, [32m1 passed[0m, [33m1 skipped[0m, [33m2 warnings[0m[31m in 0.22s[0m[31m ==============[0m
