[2.942s] Invoking command in '/home/jaay/Agnirath/Agnirath_LVS_Strategy/aarush_ros/src/test_package': AMENT_PREFIX_PATH=/home/jaay/Agnirath/Agnirath_LVS_Strategy/aarush_ros/install/test_package:${AMENT_PREFIX_PATH} PYTEST_ADDOPTS=--tb=short --junit-xml=/home/jaay/Agnirath/Agnirath_LVS_Strategy/aarush_ros/build/test_package/pytest.xml --junit-prefix=test_package -o cache_dir=/home/jaay/Agnirath/Agnirath_LVS_Strategy/aarush_ros/build/test_package/.pytest_cache PYTHONPATH=/home/jaay/Agnirath/Agnirath_LVS_Strategy/aarush_ros/install/test_package/lib/python3.10/site-packages:${PYTHONPATH} /usr/bin/python3 -m pytest
[3.223s] [1m============================= test session starts ==============================[0m
[3.223s] platform linux -- Python 3.10.12, pytest-6.2.5, py-1.10.0, pluggy-0.13.0
[3.223s] cachedir: /home/jaay/Agnirath/Agnirath_LVS_Strategy/aarush_ros/build/test_package/.pytest_cache
[3.223s] rootdir: /home/jaay/Agnirath/Agnirath_LVS_Strategy/aarush_ros/src/test_package
[3.223s] plugins: ament-xmllint-0.14.1, ament-copyright-0.14.1, ament-flake8-0.14.1, launch-testing-2.0.2, ament-pep257-0.14.1, launch-testing-ros-0.24.0, ament-lint-0.14.1, colcon-core-0.12.1, cov-3.0.0
[3.271s] [1mcollecting ... [0m[1m
[3.271s] collected 3 items                                                              [0m
[3.271s] 
[3.271s] test/test_copyright.py [33ms[0m[32m                                                 [ 33%][0m
[3.272s] test/test_flake8.py [31mF[0m[31m                                                    [ 66%][0m
[3.272s] test/test_pep257.py [32m.[0m[31m                                                    [100%][0m
[3.272s] 
[3.272s] =================================== FAILURES ===================================
[3.272s] [31m[1m_________________________________ test_flake8 __________________________________[0m
[3.272s] [1m[31mtest/test_flake8.py[0m:23: in test_flake8
[3.272s]     [94massert[39;49;00m rc == [94m0[39;49;00m, \
[3.272s] [1m[31mE   AssertionError: Found 26 code style errors / warnings:[0m
[3.272s] [1m[31mE     ./test_package/pub.py:8:22: E231 missing whitespace after ','[0m
[3.272s] [1m[31mE     ./test_package/pub.py:10:57: E231 missing whitespace after ','[0m
[3.272s] [1m[31mE     ./test_package/pub.py:11:30: E261 at least two spaces before inline comment[0m
[3.272s] [1m[31mE     ./test_package/pub.py:21:21: E231 missing whitespace after ','[0m
[3.272s] [1m[31mE     ./test_package/pub_sub.py:6:1: E302 expected 2 blank lines, found 1[0m
[3.273s] [1m[31mE     ./test_package/pub_sub.py:7:22: E231 missing whitespace after ','[0m
[3.273s] [1m[31mE     ./test_package/pub_sub.py:11:57: E231 missing whitespace after ','[0m
[3.273s] [1m[31mE     ./test_package/pub_sub.py:12:30: E261 at least two spaces before inline comment[0m
[3.273s] [1m[31mE     ./test_package/pub_sub.py:29:9: E265 block comment should start with '# '[0m
[3.273s] [1m[31mE     ./test_package/pub_sub.py:33:9: E265 block comment should start with '# '[0m
[3.273s] [1m[31mE     ./test_package/pub_sub.py:56:25: E231 missing whitespace after ','[0m
[3.273s] [1m[31mE     ./test_package/pub_sub.py:61:25: E231 missing whitespace after ','[0m
[3.273s] [1m[31mE     ./test_package/pub_sub.py:63:1: W293 blank line contains whitespace[0m
[3.273s] [1m[31mE     ./test_package/pub_sub.py:65:5: E303 too many blank lines (3)[0m
[3.273s] [1m[31mE     ./test_package/sub.py:7:22: E231 missing whitespace after ','[0m
[3.273s] [1m[31mE     ./test_package/sub.py:17:21: E231 missing whitespace after ','[0m
[3.273s] [1m[31mE     ./test_package/pub_sub_simu.py:6:1: E302 expected 2 blank lines, found 1[0m
[3.273s] [1m[31mE     ./test_package/pub_sub_simu.py:7:22: E231 missing whitespace after ','[0m
[3.273s] [1m[31mE     ./test_package/pub_sub_simu.py:11:57: E231 missing whitespace after ','[0m
[3.273s] [1m[31mE     ./test_package/pub_sub_simu.py:12:30: E261 at least two spaces before inline comment[0m
[3.273s] [1m[31mE     ./test_package/pub_sub_simu.py:29:9: E265 block comment should start with '# '[0m
[3.273s] [1m[31mE     ./test_package/pub_sub_simu.py:33:9: E265 block comment should start with '# '[0m
[3.273s] [1m[31mE     ./test_package/pub_sub_simu.py:68:25: E231 missing whitespace after ','[0m
[3.273s] [1m[31mE     ./test_package/pub_sub_simu.py:73:25: E231 missing whitespace after ','[0m
[3.273s] [1m[31mE     ./test_package/pub_sub_simu.py:75:1: W293 blank line contains whitespace[0m
[3.273s] [1m[31mE     ./test_package/pub_sub_simu.py:77:5: E303 too many blank lines (3)[0m
[3.274s] [1m[31mE   assert 1 == 0[0m
[3.274s] ----------------------------- Captured stdout call -----------------------------
[3.274s] 
[3.274s] ./test_package/pub.py:8:22: E231 missing whitespace after ','
[3.274s]     def __init__(self,node):
[3.274s]                      ^
[3.274s] 
[3.274s] ./test_package/pub.py:10:57: E231 missing whitespace after ','
[3.274s]         self.publisher_ = self.create_publisher(rosarray,"final_data", 10)
[3.274s]                                                         ^
[3.274s] 
[3.274s] ./test_package/pub.py:11:30: E261 at least two spaces before inline comment
[3.274s]         self.timer_period = 1 # seconds
[3.274s]                              ^
[3.274s] 
[3.274s] ./test_package/pub.py:21:21: E231 missing whitespace after ','
[3.274s]         print("PUB:",self.pub_data)
[3.274s]                     ^
[3.274s] 
[3.274s] ./test_package/pub_sub.py:6:1: E302 expected 2 blank lines, found 1
[3.274s] class sample_publisher_subscriber(Node):
[3.274s] ^
[3.275s] 
[3.275s] ./test_package/pub_sub.py:7:22: E231 missing whitespace after ','
[3.275s]     def __init__(self,node):
[3.275s]                      ^
[3.275s] 
[3.275s] ./test_package/pub_sub.py:11:57: E231 missing whitespace after ','
[3.275s]         self.publisher_ = self.create_publisher(rosarray,"final_data", 10)
[3.275s]                                                         ^
[3.275s] 
[3.275s] ./test_package/pub_sub.py:12:30: E261 at least two spaces before inline comment
[3.275s]         self.timer_period = 1 # seconds
[3.275s]                              ^
[3.275s] 
[3.275s] ./test_package/pub_sub.py:29:9: E265 block comment should start with '# '
[3.275s]         #print("PUB:",self.latest_pub_data)
[3.275s]         ^
[3.275s] 
[3.275s] ./test_package/pub_sub.py:33:9: E265 block comment should start with '# '
[3.275s]         #print("SUB:",self.latest_pub_data)
[3.275s]         ^
[3.275s] 
[3.275s] ./test_package/pub_sub.py:56:25: E231 missing whitespace after ','
[3.275s]             print("PUB:",latest_pub_data)
[3.275s]                         ^
[3.276s] 
[3.276s] ./test_package/pub_sub.py:61:25: E231 missing whitespace after ','
[3.276s]             print("SUB:",latest_sub_data)
[3.276s]                         ^
[3.276s] 
[3.276s] ./test_package/pub_sub.py:63:1: W293 blank line contains whitespace
[3.276s]         
[3.276s] ^
[3.276s] 
[3.276s] ./test_package/pub_sub.py:65:5: E303 too many blank lines (3)
[3.276s] [33m=============================== warnings summary ===============================[0m
[3.276s]     # Destroy the node explicitly
[3.276s]     ^
[3.276s] 
[3.276s] ./test_package/sub.py:7:22: E231 missing whitespace after ','
[3.276s]     def __init__(self,node):
[3.276s]                      ^
[3.276s] 
[3.276s] ./test_package/sub.py:17:21: E231 missing whitespace after ','
[3.276s]         print("SUB:",self.latest_data)
[3.276s]                     ^
[3.276s] 
[3.276s] ./test_package/pub_sub_simu.py:6:1: E302 expected 2 blank lines, found 1
[3.276s] class sample_publisher_subscriber(Node):
[3.277s] ^
[3.277s] 
[3.277s] ./test_package/pub_sub_simu.py:7:22: E231 missing whitespace after ','
[3.277s]     def __init__(self,node):
[3.277s]                      ^
[3.277s] 
[3.277s] ./test_package/pub_sub_simu.py:11:57: E231 missing whitespace after ','
[3.277s]         self.publisher_ = self.create_publisher(rosarray,"final_data", 10)
[3.277s]                                                         ^
[3.277s] 
[3.277s] ./test_package/pub_sub_simu.py:12:30: E261 at least two spaces before inline comment
[3.277s]         self.timer_period = 1 # seconds
[3.277s]                              ^
[3.277s] 
[3.277s] ./test_package/pub_sub_simu.py:29:9: E265 block comment should start with '# '
[3.277s]         #print("PUB:",self.latest_pub_data)
[3.277s]         ^
[3.277s] 
[3.277s] ./test_package/pub_sub_simu.py:33:9: E265 block comment should start with '# '
[3.278s]         #print("SUB:",self.latest_pub_data)
[3.278s]         ^
[3.278s] 
[3.278s] ./test_package/pub_sub_simu.py:68:25: E231 missing whitespace after ','
[3.278s]             print("PUB:",latest_pub_data)
[3.278s]                         ^
[3.278s] 
[3.278s] ./test_package/pub_sub_simu.py:73:25: E231 missing whitespace after ','
[3.278s]             print("SUB:",latest_sub_data)
[3.278s]                         ^
[3.278s] 
[3.278s] ./test_package/pub_sub_simu.py:75:1: W293 blank line contains whitespace
[3.278s]         
[3.278s] ^
[3.278s] 
[3.278s] ./test_package/pub_sub_simu.py:77:5: E303 too many blank lines (3)
[3.278s]     # Destroy the node explicitly
[3.278s]     ^
[3.278s] 
[3.278s] 13    E231 missing whitespace after ','
[3.278s] 3     E261 at least two spaces before inline comment
[3.278s] 4     E265 block comment should start with '# '
[3.278s] 2     E302 expected 2 blank lines, found 1
[3.279s] 2     E303 too many blank lines (3)
[3.279s] 2     W293 blank line contains whitespace
[3.279s] 
[3.279s] 9 files checked
[3.279s] 26 errors
[3.279s] 
[3.279s] 'E'-type errors: 24
[3.279s] 'W'-type errors: 2
[3.279s] 
[3.279s] Checked files:
[3.279s] 
[3.279s] * ./setup.py
[3.279s] * ./test/test_flake8.py
[3.279s] * ./test/test_pep257.py
[3.279s] * ./test/test_copyright.py
[3.279s] * ./test_package/pub.py
[3.279s] * ./test_package/pub_sub.py
[3.279s] * ./test_package/sub.py
[3.279s] * ./test_package/__init__.py
[3.279s] * ./test_package/pub_sub_simu.py
[3.279s] ----------------------------- Captured stderr call -----------------------------
[3.279s] option --max-complexity: please update from optparse string `type=` to argparse callable `type=` -- this will be an error in the future
[3.279s] - generated xml file: /home/jaay/Agnirath/Agnirath_LVS_Strategy/aarush_ros/build/test_package/pytest.xml -
[3.279s] =========================== short test summary info ============================
[3.279s] FAILED test/test_flake8.py::test_flake8 - AssertionError: Found 26 code style...
[3.280s] [31m============== [31m[1m1 failed[0m, [32m1 passed[0m, [33m1 skipped[0m, [33m2 warnings[0m[31m in 0.22s[0m[31m ==============[0m
[3.280s] test/test_flake8.py::test_flake8
[3.280s] test/test_flake8.py::test_flake8
[3.280s]   Warning: SelectableGroups dict interface is deprecated. Use select.
[3.280s] 
[3.280s] -- Docs: https://docs.pytest.org/en/stable/warnings.html
[3.280s] Invoked command in '/home/jaay/Agnirath/Agnirath_LVS_Strategy/aarush_ros/src/test_package' returned '1': AMENT_PREFIX_PATH=/home/jaay/Agnirath/Agnirath_LVS_Strategy/aarush_ros/install/test_package:${AMENT_PREFIX_PATH} PYTEST_ADDOPTS=--tb=short --junit-xml=/home/jaay/Agnirath/Agnirath_LVS_Strategy/aarush_ros/build/test_package/pytest.xml --junit-prefix=test_package -o cache_dir=/home/jaay/Agnirath/Agnirath_LVS_Strategy/aarush_ros/build/test_package/.pytest_cache PYTHONPATH=/home/jaay/Agnirath/Agnirath_LVS_Strategy/aarush_ros/install/test_package/lib/python3.10/site-packages:${PYTHONPATH} /usr/bin/python3 -m pytest
