<?xml version="1.0" encoding="utf-8"?><testsuites><testsuite name="pytest" errors="0" failures="1" skipped="1" tests="3" time="0.216" timestamp="2023-08-06T14:46:08.538963" hostname="zephyrus-g15"><testcase classname="mc_package.test.test_copyright" name="test_copyright" time="0.000"><skipped type="pytest.skip" message="No copyright header has been placed in the generated source file.">/home/jaay/Agnirath/Agnirath_LVS_Strategy/aarush_ros/src/mc_package/test/test_copyright.py:20: No copyright header has been placed in the generated source file.</skipped></testcase><testcase classname="mc_package.test.test_flake8" name="test_flake8" time="0.110"><failure message="AssertionError: Found 47 code style errors / warnings:&#10;  ./mc_package/mc_node.py:62:9: F841 local variable 'peripherals' is assigned to but never used&#10;  ./mc_package/mc_node.py:63:14: E231 missing whitespace after ','&#10;  ./mc_package/mc_node.py:63:16: E231 missing whitespace after ','&#10;  ./mc_package/mc_node.py:63:18: E231 missing whitespace after ','&#10;  ./mc_package/mc_node.py:63:20: E231 missing whitespace after ','&#10;  ./mc_package/mc_node.py:63:22: E231 missing whitespace after ','&#10;  ./mc_package/mc_node.py:63:24: E231 missing whitespace after ','&#10;  ./mc_package/mc_node.py:63:26: E231 missing whitespace after ','&#10;  ./mc_package/mc_node.py:63:29: E261 at least two spaces before inline comment&#10;  ./mc_package/mc_node.py:63:30: E262 inline comment should start with '# '&#10;  ./mc_package/mc_node.py:64:14: E231 missing whitespace after ','&#10;  ./mc_package/mc_node.py:64:16: E231 missing whitespace after ','&#10;  ./mc_package/mc_node.py:64:18: E231 missing whitespace after ','&#10;  ./mc_package/mc_node.py:64:21: E261 at least two spaces before inline comment&#10;  ./mc_package/mc_node.py:65:14: E231 missing whitespace after ','&#10;  ./mc_package/mc_node.py:65:16: E231 missing whitespace after ','&#10;  ./mc_package/mc_node.py:65:18: E231 missing whitespace after ','&#10;  ./mc_package/mc_node.py:67:15: E261 at least two spaces before inline comment&#10;  ./mc_package/mc_node.py:67:16: E262 inline comment should start with '# '&#10;  ./mc_package/mc_node.py:87:9: E303 too many blank lines (2)&#10;  ./mc_package/mc_node.py:87:23: E261 at least two spaces before inline comment&#10;  ./mc_package/mc_node.py:87:24: E262 inline comment should start with '# '&#10;  ./mc_package/mc_node.py:88:9: E265 block comment should start with '# '&#10;  ./mc_package/mc_node.py:98:26: E261 at least two spaces before inline comment&#10;  ./mc_package/mc_node.py:98:27: E262 inline comment should start with '# '&#10;  ./mc_package/mc_node.py:106:9: E303 too many blank lines (2)&#10;  ./mc_package/mc_node.py:106:21: E231 missing whitespace after ':'&#10;  ./mc_package/mc_node.py:106:23: E231 missing whitespace after ','&#10;  ./mc_package/mc_node.py:106:25: E231 missing whitespace after ':'&#10;  ./mc_package/mc_node.py:106:27: E231 missing whitespace after ','&#10;  ./mc_package/mc_node.py:106:29: E231 missing whitespace after ':'&#10;  ./mc_package/mc_node.py:106:31: E231 missing whitespace after ','&#10;  ./mc_package/mc_node.py:106:33: E231 missing whitespace after ':'&#10;  ./mc_package/mc_node.py:106:35: E231 missing whitespace after ','&#10;  ./mc_package/mc_node.py:106:37: E231 missing whitespace after ':'&#10;  ./mc_package/mc_node.py:108:9: E265 block comment should start with '# '&#10;  ./mc_package/mc_node.py:111:1: W293 blank line contains whitespace&#10;  ./mc_package/mc_node.py:112:9: E265 block comment should start with '# '&#10;  ./mc_package/mc_node.py:125:1: W293 blank line contains whitespace&#10;  ./mc_package/mc_node.py:130:1: W293 blank line contains whitespace&#10;  ./mc_package/mc_node.py:131:9: E265 block comment should start with '# '&#10;  ./mc_package/mc_node.py:134:1: W293 blank line contains whitespace&#10;  ./mc_package/mc_node.py:143:1: W293 blank line contains whitespace&#10;  ./mc_package/mc_node.py:146:1: W293 blank line contains whitespace&#10;  ./mc_package/mc_node.py:149:1: W293 blank line contains whitespace&#10;  ./mc_package/mc_node.py:152:1: W293 blank line contains whitespace&#10;  ./mc_package/mc_node.py:161:11: W292 no newline at end of file&#10;assert 1 == 0">test/test_flake8.py:23: in test_flake8
    assert rc == 0, \
E   AssertionError: Found 47 code style errors / warnings:
E     ./mc_package/mc_node.py:62:9: F841 local variable 'peripherals' is assigned to but never used
E     ./mc_package/mc_node.py:63:14: E231 missing whitespace after ','
E     ./mc_package/mc_node.py:63:16: E231 missing whitespace after ','
E     ./mc_package/mc_node.py:63:18: E231 missing whitespace after ','
E     ./mc_package/mc_node.py:63:20: E231 missing whitespace after ','
E     ./mc_package/mc_node.py:63:22: E231 missing whitespace after ','
E     ./mc_package/mc_node.py:63:24: E231 missing whitespace after ','
E     ./mc_package/mc_node.py:63:26: E231 missing whitespace after ','
E     ./mc_package/mc_node.py:63:29: E261 at least two spaces before inline comment
E     ./mc_package/mc_node.py:63:30: E262 inline comment should start with '# '
E     ./mc_package/mc_node.py:64:14: E231 missing whitespace after ','
E     ./mc_package/mc_node.py:64:16: E231 missing whitespace after ','
E     ./mc_package/mc_node.py:64:18: E231 missing whitespace after ','
E     ./mc_package/mc_node.py:64:21: E261 at least two spaces before inline comment
E     ./mc_package/mc_node.py:65:14: E231 missing whitespace after ','
E     ./mc_package/mc_node.py:65:16: E231 missing whitespace after ','
E     ./mc_package/mc_node.py:65:18: E231 missing whitespace after ','
E     ./mc_package/mc_node.py:67:15: E261 at least two spaces before inline comment
E     ./mc_package/mc_node.py:67:16: E262 inline comment should start with '# '
E     ./mc_package/mc_node.py:87:9: E303 too many blank lines (2)
E     ./mc_package/mc_node.py:87:23: E261 at least two spaces before inline comment
E     ./mc_package/mc_node.py:87:24: E262 inline comment should start with '# '
E     ./mc_package/mc_node.py:88:9: E265 block comment should start with '# '
E     ./mc_package/mc_node.py:98:26: E261 at least two spaces before inline comment
E     ./mc_package/mc_node.py:98:27: E262 inline comment should start with '# '
E     ./mc_package/mc_node.py:106:9: E303 too many blank lines (2)
E     ./mc_package/mc_node.py:106:21: E231 missing whitespace after ':'
E     ./mc_package/mc_node.py:106:23: E231 missing whitespace after ','
E     ./mc_package/mc_node.py:106:25: E231 missing whitespace after ':'
E     ./mc_package/mc_node.py:106:27: E231 missing whitespace after ','
E     ./mc_package/mc_node.py:106:29: E231 missing whitespace after ':'
E     ./mc_package/mc_node.py:106:31: E231 missing whitespace after ','
E     ./mc_package/mc_node.py:106:33: E231 missing whitespace after ':'
E     ./mc_package/mc_node.py:106:35: E231 missing whitespace after ','
E     ./mc_package/mc_node.py:106:37: E231 missing whitespace after ':'
E     ./mc_package/mc_node.py:108:9: E265 block comment should start with '# '
E     ./mc_package/mc_node.py:111:1: W293 blank line contains whitespace
E     ./mc_package/mc_node.py:112:9: E265 block comment should start with '# '
E     ./mc_package/mc_node.py:125:1: W293 blank line contains whitespace
E     ./mc_package/mc_node.py:130:1: W293 blank line contains whitespace
E     ./mc_package/mc_node.py:131:9: E265 block comment should start with '# '
E     ./mc_package/mc_node.py:134:1: W293 blank line contains whitespace
E     ./mc_package/mc_node.py:143:1: W293 blank line contains whitespace
E     ./mc_package/mc_node.py:146:1: W293 blank line contains whitespace
E     ./mc_package/mc_node.py:149:1: W293 blank line contains whitespace
E     ./mc_package/mc_node.py:152:1: W293 blank line contains whitespace
E     ./mc_package/mc_node.py:161:11: W292 no newline at end of file
E   assert 1 == 0</failure></testcase><testcase classname="mc_package.test.test_pep257" name="test_pep257" time="0.018" /></testsuite></testsuites>