[1m============================= test session starts ==============================[0m
platform linux -- Python 3.10.12, pytest-6.2.5, py-1.10.0, pluggy-0.13.0
cachedir: /home/jaay/Agnirath/Agnirath_LVS_Strategy/aarush_ros/build/can_package/.pytest_cache
rootdir: /home/jaay/Agnirath/Agnirath_LVS_Strategy/aarush_ros/src/can_package
plugins: ament-xmllint-0.14.1, ament-copyright-0.14.1, ament-flake8-0.14.1, launch-testing-2.0.2, ament-pep257-0.14.1, launch-testing-ros-0.24.0, ament-lint-0.14.1, colcon-core-0.12.1, cov-3.0.0
[1mcollecting ... [0m[1m
collected 3 items                                                              [0m

test/test_copyright.py [33ms[0m[32m                                                 [ 33%][0m
test/test_flake8.py [31mF[0m[31m                                                    [ 66%][0m
test/test_pep257.py [32m.[0m[31m                                                    [100%][0m

=================================== FAILURES ===================================
[31m[1m_________________________________ test_flake8 __________________________________[0m
[1m[31mtest/test_flake8.py[0m:23: in test_flake8
    [94massert[39;49;00m rc == [94m0[39;49;00m, \
[1m[31mE   AssertionError: Found 52 code style errors / warnings:[0m
[1m[31mE     ./can_package/sample_CAN.py:7:75: W291 trailing whitespace[0m
[1m[31mE     ./can_package/can_node_sim.py:6:1: E302 expected 2 blank lines, found 1[0m
[1m[31mE     ./can_package/can_node_sim.py:18:19: E231 missing whitespace after ','[0m
[1m[31mE     ./can_package/can_node_sim.py:18:25: E231 missing whitespace after ','[0m
[1m[31mE     ./can_package/can_node_sim.py:18:29: E231 missing whitespace after ','[0m
[1m[31mE     ./can_package/can_node_sim.py:18:46: E231 missing whitespace after ','[0m
[1m[31mE     ./can_package/can_node_sim.py:19:19: E231 missing whitespace after ','[0m
[1m[31mE     ./can_package/can_node_sim.py:19:25: E231 missing whitespace after ','[0m
[1m[31mE     ./can_package/can_node_sim.py:19:29: E231 missing whitespace after ','[0m
[1m[31mE     ./can_package/can_node_sim.py:19:46: E231 missing whitespace after ','[0m
[1m[31mE     ./can_package/can_node_sim.py:38:1: W293 blank line contains whitespace[0m
[1m[31mE     ./can_package/can_node_sim.py:39:50: E231 missing whitespace after ','[0m
[1m[31mE     ./can_package/can_node_sim.py:48:1: E302 expected 2 blank lines, found 1[0m
[1m[31mE     ./can_package/can_node_sim.py:57:1: W293 blank line contains whitespace[0m
[1m[31mE     ./can_package/can_node_sim.py:59:5: E303 too many blank lines (3)[0m
[1m[31mE     ./can_package/can_tx_node.py:5:1: E302 expected 2 blank lines, found 1[0m
[1m[31mE     ./can_package/can_tx_node.py:31:41: W291 trailing whitespace[0m
[1m[31mE     ./can_package/can_rx_node_v3.py:4:1: F401 'random' imported but unused[0m
[1m[31mE     ./can_package/can_rx_node_v3.py:6:1: E265 block comment should start with '# '[0m
[1m[31mE     ./can_package/can_rx_node_v3.py:8:1: F401 'time.sleep' imported but unused[0m
[1m[31mE     ./can_package/can_rx_node_v3.py:10:1: E302 expected 2 blank lines, found 1[0m
[1m[31mE     ./can_package/can_rx_node_v3.py:18:9: E265 block comment should start with '# '[0m
[1m[31mE     ./can_package/can_rx_node_v3.py:19:100: E501 line too long (149 > 99 characters)[0m
[1m[31mE     ./can_package/can_rx_node_v3.py:31:28: W291 trailing whitespace[0m
[1m[31mE     ./can_package/can_rx_node_v3.py:40:36: E222 multiple spaces after operator[0m
[1m[31mE     ./can_package/can_rx_node_v3.py:40:100: E501 line too long (109 > 99 characters)[0m
[1m[31mE     ./can_package/can_rx_node_v3.py:42:46: E231 missing whitespace after ','[0m
[1m[31mE     ./can_package/can_rx_node_v3.py:51:9: E303 too many blank lines (4)[0m
[1m[31mE     ./can_package/can_rx_node_v3.py:51:9: E265 block comment should start with '# '[0m
[1m[31mE     ./can_package/can_rx_node_v3.py:52:9: E265 block comment should start with '# '[0m
[1m[31mE     ./can_package/can_rx_node_v3.py:53:9: E265 block comment should start with '# '[0m
[1m[31mE     ./can_package/can_rx_node_v3.py:54:9: E265 block comment should start with '# '[0m
[1m[31mE     ./can_package/can_rx_node_v3.py:55:9: E265 block comment should start with '# '[0m
[1m[31mE     ./can_package/can_rx_node_v3.py:55:42: W291 trailing whitespace[0m
[1m[31mE     ./can_package/can_rx_node_v3.py:59:13: E265 block comment should start with '# '[0m
[1m[31mE     ./can_package/can_rx_node_v3.py:81:5: E303 too many blank lines (3)[0m
[1m[31mE     ./can_package/can_rx_node_v3.py:87:1: E305 expected 2 blank lines after class or function definition, found 1[0m
[1m[31mE     ./can_package/py-can-rx.py:2:1: F401 'time.sleep' imported but unused[0m
[1m[31mE     ./can_package/py-can-rx.py:14:1: W391 blank line at end of file[0m
[1m[31mE     ./can_package/py-can-tx.py:19:1: W391 blank line at end of file[0m
[1m[31mE     ./can_package/can_rx_node.py:7:1: E302 expected 2 blank lines, found 1[0m
[1m[31mE     ./can_package/can_rx_node.py:19:1: W293 blank line contains whitespace[0m
[1m[31mE     ./can_package/can_rx_node.py:20:28: W291 trailing whitespace[0m
[1m[31mE     ./can_package/can_rx_node.py:23:43: E231 missing whitespace after ','[0m
[1m[31mE     ./can_package/can_rx_node.py:24:21: E225 missing whitespace around operator[0m
[1m[31mE     ./can_package/can_rx_node.py:24:43: E231 missing whitespace after ','[0m
[1m[31mE     ./can_package/can_rx_node.py:25:9: E265 block comment should start with '# '[0m
[1m[31mE     ./can_package/can_rx_node.py:26:9: E265 block comment should start with '# '[0m
[1m[31mE     ./can_package/can_rx_node.py:26:42: W291 trailing whitespace[0m
[1m[31mE     ./can_package/can_rx_node.py:35:1: E302 expected 2 blank lines, found 1[0m
[1m[31mE     ./can_package/can_rx_node.py:44:1: W293 blank line contains whitespace[0m
[1m[31mE     ./can_package/can_rx_node.py:46:5: E303 too many blank lines (3)[0m
[1m[31mE   assert 1 == 0[0m
----------------------------- Captured stdout call -----------------------------

./can_package/sample_CAN.py:7:75: W291 trailing whitespace
msg_h = can.Message(arbitration_id=0x100, data=[16], is_extended_id=False) 
                                                                          ^

./can_package/can_node_sim.py:6:1: E302 expected 2 blank lines, found 1
class CAN_NODE(Node):
^

./can_package/can_node_sim.py:18:19: E231 missing whitespace after ','
            [0x601,23942,4.5,random.randint(1,40)],
                  ^

./can_package/can_node_sim.py:18:25: E231 missing whitespace after ','
            [0x601,23942,4.5,random.randint(1,40)],
                        ^

./can_package/can_node_sim.py:18:29: E231 missing whitespace after ','
            [0x601,23942,4.5,random.randint(1,40)],
                            ^

./can_package/can_node_sim.py:18:46: E231 missing whitespace after ','
            [0x601,23942,4.5,random.randint(1,40)],
                                             ^

./can_package/can_node_sim.py:19:19: E231 missing whitespace after ','
            [0x604,52341,4.5,random.randint(1,40)]
                  ^

./can_package/can_node_sim.py:19:25: E231 missing whitespace after ','
            [0x604,52341,4.5,random.randint(1,40)]
                        ^

./can_package/can_node_sim.py:19:29: E231 missing whitespace after ','
            [0x604,52341,4.5,random.randint(1,40)]
                            ^

./can_package/can_node_sim.py:19:46: E231 missing whitespace after ','
            [0x604,52341,4.5,random.randint(1,40)]
                                             ^

./can_package/can_node_sim.py:38:1: W293 blank line contains whitespace
        
^

./can_package/can_node_sim.py:39:50: E231 missing whitespace after ','
        self.can_pub_data = data[random.randint(0,len(data)-1)]
                                                 ^

./can_package/can_node_sim.py:48:1: E302 expected 2 blank lines, found 1
def main(args=None):
^

./can_package/can_node_sim.py:57:1: W293 blank line contains whitespace
        
^

./can_package/can_node_sim.py:59:5: E303 too many blank lines (3)
    # Destroy the node explicitly
    ^

./can_package/can_tx_node.py:5:1: E302 expected 2 blank lines, found 1
class CAN_NODE(Node):
^

./can_package/can_tx_node.py:31:41: W291 trailing whitespace
            print(can_node.can_sub_data)        
                                        ^

./can_package/can_rx_node_v3.py:4:1: F401 'random' imported but unused
import random
^

./can_package/can_rx_node_v3.py:6:1: E265 block comment should start with '# '
#import struct
^

./can_package/can_rx_node_v3.py:8:1: F401 'time.sleep' imported but unused
from time import sleep
^

./can_package/can_rx_node_v3.py:10:1: E302 expected 2 blank lines, found 1
class CAN_RX_NODE(Node):
^

./can_package/can_rx_node_v3.py:18:9: E265 block comment should start with '# '
        #self.bus = can.interfacer.Bus(bustype='socketcan', channel='can0', bitrate=500000)
        ^

./can_package/can_rx_node_v3.py:19:100: E501 line too long (149 > 99 characters)
        self.db = cantools.database.load_file('/home/ubuntu/Agnirath_LVS_Strategy/aarush_ros/src/can_package/can_package/DBC_Files/combined_dbc.dbc')
                                                                                                   ^

./can_package/can_rx_node_v3.py:31:28: W291 trailing whitespace
        # self.can_pub_data 
                           ^

./can_package/can_rx_node_v3.py:40:36: E222 multiple spaces after operator
                self.decoded_data =  self.db.decode_message(self.response.arbitration_id, self.response.data)
                                   ^

./can_package/can_rx_node_v3.py:40:100: E501 line too long (109 > 99 characters)
                self.decoded_data =  self.db.decode_message(self.response.arbitration_id, self.response.data)
                                                                                                   ^

./can_package/can_rx_node_v3.py:42:46: E231 missing whitespace after ','
                self.message_decoded.insert(0,self.message_id)
                                             ^

./can_package/can_rx_node_v3.py:51:9: E303 too many blank lines (4)
        #self.id = [self.response.arbitration_id]
        ^

./can_package/can_rx_node_v3.py:51:9: E265 block comment should start with '# '
        #self.id = [self.response.arbitration_id]
        ^

./can_package/can_rx_node_v3.py:52:9: E265 block comment should start with '# '
        #self.data = list(struct.unpack('f',self.response.data[:4]))
        ^

./can_package/can_rx_node_v3.py:53:9: E265 block comment should start with '# '
        #self.data +=list(struct.unpack('f',self.response.data[4:]))
        ^

./can_package/can_rx_node_v3.py:54:9: E265 block comment should start with '# '
        #print(self.id,self.data)
        ^

./can_package/can_rx_node_v3.py:55:9: E265 block comment should start with '# '
        #print("REC:", self.can_pub_data) 
        ^

./can_package/can_rx_node_v3.py:55:42: W291 trailing whitespace
        #print("REC:", self.can_pub_data) 
                                         ^

./can_package/can_rx_node_v3.py:59:13: E265 block comment should start with '# '
            #self.can_pub_data = self.message_decoded
            ^

./can_package/can_rx_node_v3.py:81:5: E303 too many blank lines (3)
    # Destroy the node explicitly
    ^

./can_package/can_rx_node_v3.py:87:1: E305 expected 2 blank lines after class or function definition, found 1
if __name__ == "__main__":
^

./can_package/py-can-rx.py:2:1: F401 'time.sleep' imported but unused
from time import sleep
^

./can_package/py-can-rx.py:14:1: W391 blank line at end of file

^

./can_package/py-can-tx.py:19:1: W391 blank line at end of file

^

./can_package/can_rx_node.py:7:1: E302 expected 2 blank lines, found 1
class CAN_RX_NODE(Node):
^

./can_package/can_rx_node.py:19:1: W293 blank line contains whitespace
        
^

./can_package/can_rx_node.py:20:28: W291 trailing whitespace
        # self.can_pub_data 
                           ^

./can_package/can_rx_node.py:23:43: E231 missing whitespace after ','
        self.data = list(struct.unpack('f',self.response.data[:4]))
                                          ^

./can_package/can_rx_node.py:24:21: E225 missing whitespace around operator
        self.data +=list(struct.unpack('f',self.response.data[4:]))
                    ^

./can_package/can_rx_node.py:24:43: E231 missing whitespace after ','
        self.data +=list(struct.unpack('f',self.response.data[4:]))
                                          ^

./can_package/can_rx_node.py:25:9: E265 block comment should start with '# '
        #print(self.id,self.data)
        ^

./can_package/can_rx_node.py:26:9: E265 block comment should start with '# '
        #print("REC:", self.can_pub_data) 
        ^

./can_package/can_rx_node.py:26:42: W291 trailing whitespace
        #print("REC:", self.can_pub_data) 
                                         ^

./can_package/can_rx_node.py:35:1: E302 expected 2 blank lines, found 1
def main(args=None):
^

./can_package/can_rx_node.py:44:1: W293 blank line contains whitespace
        
^

./can_package/can_rx_node.py:46:5: E303 too many blank lines (3)
    # Destroy the node explicitly
    ^

1     E222 multiple spaces after operator
1     E225 missing whitespace around operator
12    E231 missing whitespace after ','
10    E265 block comment should start with '# '
6     E302 expected 2 blank lines, found 1
4     E303 too many blank lines (3)
1     E305 expected 2 blank lines after class or function definition, found 1
2     E501 line too long (149 > 99 characters)
3     F401 'random' imported but unused
6     W291 trailing whitespace
4     W293 blank line contains whitespace
2     W391 blank line at end of file

12 files checked
52 errors

'E'-type errors: 37
'F'-type errors: 3
'W'-type errors: 12

Checked files:

* ./setup.py
* ./test/test_flake8.py
* ./test/test_pep257.py
* ./test/test_copyright.py
* ./can_package/sample_CAN.py
* ./can_package/can_node_sim.py
* ./can_package/__init__.py
* ./can_package/can_tx_node.py
* ./can_package/can_rx_node_v3.py
* ./can_package/py-can-rx.py
* ./can_package/py-can-tx.py
* ./can_package/can_rx_node.py
----------------------------- Captured stderr call -----------------------------
option --max-complexity: please update from optparse string `type=` to argparse callable `type=` -- this will be an error in the future
- generated xml file: /home/jaay/Agnirath/Agnirath_LVS_Strategy/aarush_ros/build/can_package/pytest.xml -
=========================== short test summary info ============================
FAILED test/test_flake8.py::test_flake8 - AssertionError: Found 52 code style...
[31m============== [31m[1m1 failed[0m, [32m1 passed[0m, [33m1 skipped[0m, [33m2 warnings[0m[31m in 0.22s[0m[31m ==============[0m
