[1m============================= test session starts ==============================[0m
platform linux -- Python 3.10.12, pytest-6.2.5, py-1.10.0, pluggy-0.13.0
cachedir: /home/jaay/Agnirath/Agnirath_LVS_Strategy/aarush_ros/build/mc_package/.pytest_cache
rootdir: /home/jaay/Agnirath/Agnirath_LVS_Strategy/aarush_ros/src/mc_package
plugins: ament-xmllint-0.14.1, ament-copyright-0.14.1, ament-flake8-0.14.1, launch-testing-2.0.2, ament-pep257-0.14.1, launch-testing-ros-0.24.0, ament-lint-0.14.1, colcon-core-0.12.1, cov-3.0.0
[1mcollecting ... [0m[1m
collected 3 items                                                              [0m

test/test_copyright.py [33ms[0m[32m                                                 [ 33%][0m
test/test_flake8.py [31mF[0m[31m                                                    [ 66%][0m
test/test_pep257.py [32m.[0m[31m                                                    [100%][0m

=================================== FAILURES ===================================
[31m[1m_________________________________ test_flake8 __________________________________[0m
[1m[31mtest/test_flake8.py[0m:23: in test_flake8
    [94massert[39;49;00m rc == [94m0[39;49;00m, \
[1m[31mE   AssertionError: Found 47 code style errors / warnings:[0m
[1m[31mE     ./mc_package/mc_node.py:62:9: F841 local variable 'peripherals' is assigned to but never used[0m
[1m[31mE     ./mc_package/mc_node.py:63:14: E231 missing whitespace after ','[0m
[1m[31mE     ./mc_package/mc_node.py:63:16: E231 missing whitespace after ','[0m
[1m[31mE     ./mc_package/mc_node.py:63:18: E231 missing whitespace after ','[0m
[1m[31mE     ./mc_package/mc_node.py:63:20: E231 missing whitespace after ','[0m
[1m[31mE     ./mc_package/mc_node.py:63:22: E231 missing whitespace after ','[0m
[1m[31mE     ./mc_package/mc_node.py:63:24: E231 missing whitespace after ','[0m
[1m[31mE     ./mc_package/mc_node.py:63:26: E231 missing whitespace after ','[0m
[1m[31mE     ./mc_package/mc_node.py:63:29: E261 at least two spaces before inline comment[0m
[1m[31mE     ./mc_package/mc_node.py:63:30: E262 inline comment should start with '# '[0m
[1m[31mE     ./mc_package/mc_node.py:64:14: E231 missing whitespace after ','[0m
[1m[31mE     ./mc_package/mc_node.py:64:16: E231 missing whitespace after ','[0m
[1m[31mE     ./mc_package/mc_node.py:64:18: E231 missing whitespace after ','[0m
[1m[31mE     ./mc_package/mc_node.py:64:21: E261 at least two spaces before inline comment[0m
[1m[31mE     ./mc_package/mc_node.py:65:14: E231 missing whitespace after ','[0m
[1m[31mE     ./mc_package/mc_node.py:65:16: E231 missing whitespace after ','[0m
[1m[31mE     ./mc_package/mc_node.py:65:18: E231 missing whitespace after ','[0m
[1m[31mE     ./mc_package/mc_node.py:67:15: E261 at least two spaces before inline comment[0m
[1m[31mE     ./mc_package/mc_node.py:67:16: E262 inline comment should start with '# '[0m
[1m[31mE     ./mc_package/mc_node.py:87:9: E303 too many blank lines (2)[0m
[1m[31mE     ./mc_package/mc_node.py:87:23: E261 at least two spaces before inline comment[0m
[1m[31mE     ./mc_package/mc_node.py:87:24: E262 inline comment should start with '# '[0m
[1m[31mE     ./mc_package/mc_node.py:88:9: E265 block comment should start with '# '[0m
[1m[31mE     ./mc_package/mc_node.py:98:26: E261 at least two spaces before inline comment[0m
[1m[31mE     ./mc_package/mc_node.py:98:27: E262 inline comment should start with '# '[0m
[1m[31mE     ./mc_package/mc_node.py:106:9: E303 too many blank lines (2)[0m
[1m[31mE     ./mc_package/mc_node.py:106:21: E231 missing whitespace after ':'[0m
[1m[31mE     ./mc_package/mc_node.py:106:23: E231 missing whitespace after ','[0m
[1m[31mE     ./mc_package/mc_node.py:106:25: E231 missing whitespace after ':'[0m
[1m[31mE     ./mc_package/mc_node.py:106:27: E231 missing whitespace after ','[0m
[1m[31mE     ./mc_package/mc_node.py:106:29: E231 missing whitespace after ':'[0m
[1m[31mE     ./mc_package/mc_node.py:106:31: E231 missing whitespace after ','[0m
[1m[31mE     ./mc_package/mc_node.py:106:33: E231 missing whitespace after ':'[0m
[1m[31mE     ./mc_package/mc_node.py:106:35: E231 missing whitespace after ','[0m
[1m[31mE     ./mc_package/mc_node.py:106:37: E231 missing whitespace after ':'[0m
[1m[31mE     ./mc_package/mc_node.py:108:9: E265 block comment should start with '# '[0m
[1m[31mE     ./mc_package/mc_node.py:111:1: W293 blank line contains whitespace[0m
[1m[31mE     ./mc_package/mc_node.py:112:9: E265 block comment should start with '# '[0m
[1m[31mE     ./mc_package/mc_node.py:125:1: W293 blank line contains whitespace[0m
[1m[31mE     ./mc_package/mc_node.py:130:1: W293 blank line contains whitespace[0m
[1m[31mE     ./mc_package/mc_node.py:131:9: E265 block comment should start with '# '[0m
[1m[31mE     ./mc_package/mc_node.py:134:1: W293 blank line contains whitespace[0m
[1m[31mE     ./mc_package/mc_node.py:143:1: W293 blank line contains whitespace[0m
[1m[31mE     ./mc_package/mc_node.py:146:1: W293 blank line contains whitespace[0m
[1m[31mE     ./mc_package/mc_node.py:149:1: W293 blank line contains whitespace[0m
[1m[31mE     ./mc_package/mc_node.py:152:1: W293 blank line contains whitespace[0m
[1m[31mE     ./mc_package/mc_node.py:161:11: W292 no newline at end of file[0m
[1m[31mE   assert 1 == 0[0m
----------------------------- Captured stdout call -----------------------------

./mc_package/mc_node.py:62:9: F841 local variable 'peripherals' is assigned to but never used
        peripherals = [
        ^

./mc_package/mc_node.py:63:14: E231 missing whitespace after ','
            0,0,0,0,0,0,0,0, #8x MPPT
             ^

./mc_package/mc_node.py:63:16: E231 missing whitespace after ','
            0,0,0,0,0,0,0,0, #8x MPPT
               ^

./mc_package/mc_node.py:63:18: E231 missing whitespace after ','
            0,0,0,0,0,0,0,0, #8x MPPT
                 ^

./mc_package/mc_node.py:63:20: E231 missing whitespace after ','
            0,0,0,0,0,0,0,0, #8x MPPT
                   ^

./mc_package/mc_node.py:63:22: E231 missing whitespace after ','
            0,0,0,0,0,0,0,0, #8x MPPT
                     ^

./mc_package/mc_node.py:63:24: E231 missing whitespace after ','
            0,0,0,0,0,0,0,0, #8x MPPT
                       ^

./mc_package/mc_node.py:63:26: E231 missing whitespace after ','
            0,0,0,0,0,0,0,0, #8x MPPT
                         ^

./mc_package/mc_node.py:63:29: E261 at least two spaces before inline comment
            0,0,0,0,0,0,0,0, #8x MPPT
                            ^

./mc_package/mc_node.py:63:30: E262 inline comment should start with '# '
            0,0,0,0,0,0,0,0, #8x MPPT
                             ^

./mc_package/mc_node.py:64:14: E231 missing whitespace after ','
            0,0,0,0, # MPPT Precharge
             ^

./mc_package/mc_node.py:64:16: E231 missing whitespace after ','
            0,0,0,0, # MPPT Precharge
               ^

./mc_package/mc_node.py:64:18: E231 missing whitespace after ','
            0,0,0,0, # MPPT Precharge
                 ^

./mc_package/mc_node.py:64:21: E261 at least two spaces before inline comment
            0,0,0,0, # MPPT Precharge
                    ^

./mc_package/mc_node.py:65:14: E231 missing whitespace after ','
            0,0,0,0,  # MC Precharge
             ^

./mc_package/mc_node.py:65:16: E231 missing whitespace after ','
            0,0,0,0,  # MC Precharge
               ^

./mc_package/mc_node.py:65:18: E231 missing whitespace after ','
            0,0,0,0,  # MC Precharge
                 ^

./mc_package/mc_node.py:67:15: E261 at least two spaces before inline comment
            0, #Battery Contactor
              ^

./mc_package/mc_node.py:67:16: E262 inline comment should start with '# '
            0, #Battery Contactor
               ^

./mc_package/mc_node.py:87:9: E303 too many blank lines (2)
[33m=============================== warnings summary ===============================[0m
test/test_flake8.py::test_flake8
test/test_flake8.py::test_flake8
  Warning: SelectableGroups dict interface is deprecated. Use select.

-- Docs: https://docs.pytest.org/en/stable/warnings.html
        base_val = 107 #first error code in the csv file for the motor controller
        ^

./mc_package/mc_node.py:87:23: E261 at least two spaces before inline comment
        base_val = 107 #first error code in the csv file for the motor controller
                      ^

./mc_package/mc_node.py:87:24: E262 inline comment should start with '# '
        base_val = 107 #first error code in the csv file for the motor controller
                       ^

./mc_package/mc_node.py:88:9: E265 block comment should start with '# '
        #Fill in limiting values
        ^

./mc_package/mc_node.py:98:26: E261 at least two spaces before inline comment
        supply_15_tol = 2 #Power supply tolerance
                         ^

./mc_package/mc_node.py:98:27: E262 inline comment should start with '# '
        supply_15_tol = 2 #Power supply tolerance
                          ^

./mc_package/mc_node.py:106:9: E303 too many blank lines (2)
        err_flg = {0:0,1:1,2:2,6:3,8:4}
        ^

./mc_package/mc_node.py:106:21: E231 missing whitespace after ':'
        err_flg = {0:0,1:1,2:2,6:3,8:4}
                    ^

./mc_package/mc_node.py:106:23: E231 missing whitespace after ','
        err_flg = {0:0,1:1,2:2,6:3,8:4}
                      ^

./mc_package/mc_node.py:106:25: E231 missing whitespace after ':'
        err_flg = {0:0,1:1,2:2,6:3,8:4}
                        ^

./mc_package/mc_node.py:106:27: E231 missing whitespace after ','
        err_flg = {0:0,1:1,2:2,6:3,8:4}
                          ^

./mc_package/mc_node.py:106:29: E231 missing whitespace after ':'
        err_flg = {0:0,1:1,2:2,6:3,8:4}
                            ^

./mc_package/mc_node.py:106:31: E231 missing whitespace after ','
        err_flg = {0:0,1:1,2:2,6:3,8:4}
                              ^

./mc_package/mc_node.py:106:33: E231 missing whitespace after ':'
        err_flg = {0:0,1:1,2:2,6:3,8:4}
                                ^

./mc_package/mc_node.py:106:35: E231 missing whitespace after ','
        err_flg = {0:0,1:1,2:2,6:3,8:4}
                                  ^

./mc_package/mc_node.py:106:37: E231 missing whitespace after ':'
        err_flg = {0:0,1:1,2:2,6:3,8:4}
                                    ^

./mc_package/mc_node.py:108:9: E265 block comment should start with '# '
        #Error flags - refer datasheet
        ^

./mc_package/mc_node.py:111:1: W293 blank line contains whitespace
        
^

./mc_package/mc_node.py:112:9: E265 block comment should start with '# '
        #Bus current limits
        ^

./mc_package/mc_node.py:125:1: W293 blank line contains whitespace
        
^

./mc_package/mc_node.py:130:1: W293 blank line contains whitespace
        
^

./mc_package/mc_node.py:131:9: E265 block comment should start with '# '
        #Confirm if BEMF value has to be less than or greater than limit in normal condition
        ^

./mc_package/mc_node.py:134:1: W293 blank line contains whitespace
        
^

./mc_package/mc_node.py:143:1: W293 blank line contains whitespace
        
^

./mc_package/mc_node.py:146:1: W293 blank line contains whitespace
        
^

./mc_package/mc_node.py:149:1: W293 blank line contains whitespace
        
^

./mc_package/mc_node.py:152:1: W293 blank line contains whitespace
        
^

./mc_package/mc_node.py:161:11: W292 no newline at end of file
    main()          ^

22    E231 missing whitespace after ','
5     E261 at least two spaces before inline comment
4     E262 inline comment should start with '# '
4     E265 block comment should start with '# '
2     E303 too many blank lines (2)
1     F841 local variable 'peripherals' is assigned to but never used
1     W292 no newline at end of file
8     W293 blank line contains whitespace

6 files checked
47 errors

'E'-type errors: 37
'F'-type errors: 1
'W'-type errors: 9

Checked files:

* ./setup.py
* ./test/test_flake8.py
* ./test/test_pep257.py
* ./test/test_copyright.py
* ./mc_package/__init__.py
* ./mc_package/mc_node.py
----------------------------- Captured stderr call -----------------------------
option --max-complexity: please update from optparse string `type=` to argparse callable `type=` -- this will be an error in the future
- generated xml file: /home/jaay/Agnirath/Agnirath_LVS_Strategy/aarush_ros/build/mc_package/pytest.xml -
=========================== short test summary info ============================
FAILED test/test_flake8.py::test_flake8 - AssertionError: Found 47 code style...
[31m============== [31m[1m1 failed[0m, [32m1 passed[0m, [33m1 skipped[0m, [33m2 warnings[0m[31m in 0.24s[0m[31m ==============[0m
