<?xml version="1.0" encoding="utf-8"?><testsuites><testsuite name="pytest" errors="0" failures="1" skipped="1" tests="3" time="0.194" timestamp="2023-08-06T14:46:09.263250" hostname="zephyrus-g15"><testcase classname="test_package.test.test_copyright" name="test_copyright" time="0.000"><skipped type="pytest.skip" message="No copyright header has been placed in the generated source file.">/home/jaay/Agnirath/Agnirath_LVS_Strategy/aarush_ros/src/test_package/test/test_copyright.py:20: No copyright header has been placed in the generated source file.</skipped></testcase><testcase classname="test_package.test.test_flake8" name="test_flake8" time="0.077"><failure message="AssertionError: Found 26 code style errors / warnings:&#10;  ./test_package/pub.py:8:22: E231 missing whitespace after ','&#10;  ./test_package/pub.py:10:57: E231 missing whitespace after ','&#10;  ./test_package/pub.py:11:30: E261 at least two spaces before inline comment&#10;  ./test_package/pub.py:21:21: E231 missing whitespace after ','&#10;  ./test_package/pub_sub.py:6:1: E302 expected 2 blank lines, found 1&#10;  ./test_package/pub_sub.py:7:22: E231 missing whitespace after ','&#10;  ./test_package/pub_sub.py:11:57: E231 missing whitespace after ','&#10;  ./test_package/pub_sub.py:12:30: E261 at least two spaces before inline comment&#10;  ./test_package/pub_sub.py:29:9: E265 block comment should start with '# '&#10;  ./test_package/pub_sub.py:33:9: E265 block comment should start with '# '&#10;  ./test_package/pub_sub.py:56:25: E231 missing whitespace after ','&#10;  ./test_package/pub_sub.py:61:25: E231 missing whitespace after ','&#10;  ./test_package/pub_sub.py:63:1: W293 blank line contains whitespace&#10;  ./test_package/pub_sub.py:65:5: E303 too many blank lines (3)&#10;  ./test_package/sub.py:7:22: E231 missing whitespace after ','&#10;  ./test_package/sub.py:17:21: E231 missing whitespace after ','&#10;  ./test_package/pub_sub_simu.py:6:1: E302 expected 2 blank lines, found 1&#10;  ./test_package/pub_sub_simu.py:7:22: E231 missing whitespace after ','&#10;  ./test_package/pub_sub_simu.py:11:57: E231 missing whitespace after ','&#10;  ./test_package/pub_sub_simu.py:12:30: E261 at least two spaces before inline comment&#10;  ./test_package/pub_sub_simu.py:29:9: E265 block comment should start with '# '&#10;  ./test_package/pub_sub_simu.py:33:9: E265 block comment should start with '# '&#10;  ./test_package/pub_sub_simu.py:68:25: E231 missing whitespace after ','&#10;  ./test_package/pub_sub_simu.py:73:25: E231 missing whitespace after ','&#10;  ./test_package/pub_sub_simu.py:75:1: W293 blank line contains whitespace&#10;  ./test_package/pub_sub_simu.py:77:5: E303 too many blank lines (3)&#10;assert 1 == 0">test/test_flake8.py:23: in test_flake8
    assert rc == 0, \
E   AssertionError: Found 26 code style errors / warnings:
E     ./test_package/pub.py:8:22: E231 missing whitespace after ','
E     ./test_package/pub.py:10:57: E231 missing whitespace after ','
E     ./test_package/pub.py:11:30: E261 at least two spaces before inline comment
E     ./test_package/pub.py:21:21: E231 missing whitespace after ','
E     ./test_package/pub_sub.py:6:1: E302 expected 2 blank lines, found 1
E     ./test_package/pub_sub.py:7:22: E231 missing whitespace after ','
E     ./test_package/pub_sub.py:11:57: E231 missing whitespace after ','
E     ./test_package/pub_sub.py:12:30: E261 at least two spaces before inline comment
E     ./test_package/pub_sub.py:29:9: E265 block comment should start with '# '
E     ./test_package/pub_sub.py:33:9: E265 block comment should start with '# '
E     ./test_package/pub_sub.py:56:25: E231 missing whitespace after ','
E     ./test_package/pub_sub.py:61:25: E231 missing whitespace after ','
E     ./test_package/pub_sub.py:63:1: W293 blank line contains whitespace
E     ./test_package/pub_sub.py:65:5: E303 too many blank lines (3)
E     ./test_package/sub.py:7:22: E231 missing whitespace after ','
E     ./test_package/sub.py:17:21: E231 missing whitespace after ','
E     ./test_package/pub_sub_simu.py:6:1: E302 expected 2 blank lines, found 1
E     ./test_package/pub_sub_simu.py:7:22: E231 missing whitespace after ','
E     ./test_package/pub_sub_simu.py:11:57: E231 missing whitespace after ','
E     ./test_package/pub_sub_simu.py:12:30: E261 at least two spaces before inline comment
E     ./test_package/pub_sub_simu.py:29:9: E265 block comment should start with '# '
E     ./test_package/pub_sub_simu.py:33:9: E265 block comment should start with '# '
E     ./test_package/pub_sub_simu.py:68:25: E231 missing whitespace after ','
E     ./test_package/pub_sub_simu.py:73:25: E231 missing whitespace after ','
E     ./test_package/pub_sub_simu.py:75:1: W293 blank line contains whitespace
E     ./test_package/pub_sub_simu.py:77:5: E303 too many blank lines (3)
E   assert 1 == 0</failure></testcase><testcase classname="test_package.test.test_pep257" name="test_pep257" time="0.021" /></testsuite></testsuites>