<?xml version="1.0" encoding="utf-8"?><testsuites><testsuite name="pytest" errors="0" failures="1" skipped="1" tests="3" time="1.655" timestamp="2023-08-06T14:46:07.459703" hostname="zephyrus-g15"><testcase classname="display_package.test.test_copyright" name="test_copyright" time="0.000"><skipped type="pytest.skip" message="No copyright header has been placed in the generated source file.">/home/jaay/Agnirath/Agnirath_LVS_Strategy/aarush_ros/src/display_package/test/test_copyright.py:20: No copyright header has been placed in the generated source file.</skipped></testcase><testcase classname="display_package.test.test_flake8" name="test_flake8" time="0.634"><failure message="AssertionError: Found 1284 code style errors / warnings:&#10;  ./display_package/display_node.py:14:1: E302 expected 2 blank lines, found 1&#10;  ./display_package/display_node.py:23:1: E302 expected 2 blank lines, found 1&#10;  ./display_package/display_node.py:45:57: E203 whitespace before ','&#10;  ./display_package/display_node.py:51:100: E501 line too long (102 &gt; 99 characters)&#10;  ./display_package/display_node.py:52:41: E127 continuation line over-indented for visual indent&#10;  ./display_package/display_node.py:58:37: E231 missing whitespace after ','&#10;  ./display_package/display_node.py:59:100: E501 line too long (126 &gt; 99 characters)&#10;  ./display_package/display_node.py:60:28: W291 trailing whitespace&#10;  ./display_package/display_node.py:66:41: E127 continuation line over-indented for visual indent&#10;  ./display_package/display_node.py:72:44: E203 whitespace before ','&#10;  ./display_package/display_node.py:73:100: E501 line too long (128 &gt; 99 characters)&#10;  ./display_package/display_node.py:77:42: E231 missing whitespace after ','&#10;  ./display_package/display_node.py:77:45: E231 missing whitespace after ','&#10;  ./display_package/display_node.py:77:49: E231 missing whitespace after ','&#10;  ./display_package/display_node.py:80:41: E127 continuation line over-indented for visual indent&#10;  ./display_package/display_node.py:86:39: E231 missing whitespace after ','&#10;  ./display_package/display_node.py:87:100: E501 line too long (128 &gt; 99 characters)&#10;  ./display_package/display_node.py:94:41: E127 continuation line over-indented for visual indent&#10;  ./display_package/display_node.py:100:39: E231 missing whitespace after ','&#10;  ./display_package/display_node.py:101:100: E501 line too long (128 &gt; 99 characters)&#10;  ./display_package/display_node.py:107:100: E501 line too long (101 &gt; 99 characters)&#10;  ./display_package/display_node.py:108:41: E127 continuation line over-indented for visual indent&#10;  ./display_package/display_node.py:114:42: E231 missing whitespace after ','&#10;  ./display_package/display_node.py:115:100: E501 line too long (131 &gt; 99 characters)&#10;  ./display_package/display_node.py:121:100: E501 line too long (105 &gt; 99 characters)&#10;  ./display_package/display_node.py:122:41: E128 continuation line under-indented for visual indent&#10;  ./display_package/display_node.py:123:41: E128 continuation line under-indented for visual indent&#10;  ./display_package/display_node.py:128:46: E231 missing whitespace after ','&#10;  ./display_package/display_node.py:129:100: E501 line too long (135 &gt; 99 characters)&#10;  ./display_package/display_node.py:133:46: E231 missing whitespace after ','&#10;  ./display_package/display_node.py:139:100: E501 line too long (109 &gt; 99 characters)&#10;  ./display_package/display_node.py:140:41: E128 continuation line under-indented for visual indent&#10;  ./display_package/display_node.py:141:41: E128 continuation line under-indented for visual indent&#10;  ./display_package/display_node.py:146:50: E231 missing whitespace after ','&#10;  ./display_package/display_node.py:147:100: E501 line too long (139 &gt; 99 characters)&#10;  ./display_package/display_node.py:151:50: E231 missing whitespace after ','&#10;  ./display_package/display_node.py:157:100: E501 line too long (107 &gt; 99 characters)&#10;  ./display_package/display_node.py:158:41: E128 continuation line under-indented for visual indent&#10;  ./display_package/display_node.py:159:41: E128 continuation line under-indented for visual indent&#10;  ./display_package/display_node.py:164:48: E231 missing whitespace after ','&#10;  ./display_package/display_node.py:165:100: E501 line too long (137 &gt; 99 characters)&#10;  ./display_package/display_node.py:169:48: E231 missing whitespace after ','&#10;  ./display_package/display_node.py:175:100: E501 line too long (102 &gt; 99 characters)&#10;  ./display_package/display_node.py:176:41: E127 continuation line over-indented for visual indent&#10;  ./display_package/display_node.py:182:37: E231 missing whitespace after ','&#10;  ./display_package/display_node.py:183:100: E501 line too long (126 &gt; 99 characters)&#10;  ./display_package/display_node.py:187:39: E203 whitespace before ','&#10;  ./display_package/display_node.py:188:100: E501 line too long (170 &gt; 99 characters)&#10;  ./display_package/display_node.py:200:40: E203 whitespace before ','&#10;  ./display_package/display_node.py:201:100: E501 line too long (167 &gt; 99 characters)&#10;  ./display_package/display_node.py:207:100: E501 line too long (101 &gt; 99 characters)&#10;  ./display_package/display_node.py:208:41: E127 continuation line over-indented for visual indent&#10;  ./display_package/display_node.py:211:30: W291 trailing whitespace&#10;  ./display_package/display_node.py:214:36: E231 missing whitespace after ','&#10;  ./display_package/display_node.py:215:100: E501 line too long (125 &gt; 99 characters)&#10;  ./display_package/display_node.py:216:27: W291 trailing whitespace&#10;  ./display_package/display_node.py:221:100: E501 line too long (102 &gt; 99 characters)&#10;  ./display_package/display_node.py:222:41: E127 continuation line over-indented for visual indent&#10;  ./display_package/display_node.py:230:100: E501 line too long (102 &gt; 99 characters)&#10;  ./display_package/display_node.py:231:41: E127 continuation line over-indented for visual indent&#10;  ./display_package/display_node.py:239:100: E501 line too long (102 &gt; 99 characters)&#10;  ./display_package/display_node.py:240:41: E127 continuation line over-indented for visual indent&#10;  ./display_package/display_node.py:246:43: E231 missing whitespace after ','&#10;  ./display_package/display_node.py:246:47: E231 missing whitespace after ','&#10;  ./display_package/display_node.py:246:50: E231 missing whitespace after ','&#10;  ./display_package/display_node.py:248:100: E501 line too long (100 &gt; 99 characters)&#10;  ./display_package/display_node.py:249:41: E128 continuation line under-indented for visual indent&#10;  ./display_package/display_node.py:250:41: E128 continuation line under-indented for visual indent&#10;  ./display_package/display_node.py:251:34: W291 trailing whitespace&#10;  ./display_package/display_node.py:254:43: E231 missing whitespace after ','&#10;  ./display_package/display_node.py:254:47: E231 missing whitespace after ','&#10;  ./display_package/display_node.py:254:50: E231 missing whitespace after ','&#10;  ./display_package/display_node.py:256:100: E501 line too long (100 &gt; 99 characters)&#10;  ./display_package/display_node.py:257:41: E128 continuation line under-indented for visual indent&#10;  ./display_package/display_node.py:258:41: E128 continuation line under-indented for visual indent&#10;  ./display_package/display_node.py:262:43: E231 missing whitespace after ','&#10;  ./display_package/display_node.py:262:47: E231 missing whitespace after ','&#10;  ./display_package/display_node.py:262:50: E231 missing whitespace after ','&#10;  ./display_package/display_node.py:264:100: E501 line too long (100 &gt; 99 characters)&#10;  ./display_package/display_node.py:265:41: E128 continuation line under-indented for visual indent&#10;  ./display_package/display_node.py:266:41: E128 continuation line under-indented for visual indent&#10;  ./display_package/display_node.py:267:34: W291 trailing whitespace&#10;  ./display_package/display_node.py:272:100: E501 line too long (103 &gt; 99 characters)&#10;  ./display_package/display_node.py:273:41: E127 continuation line over-indented for visual indent&#10;  ./display_package/display_node.py:279:38: E231 missing whitespace after ','&#10;  ./display_package/display_node.py:280:100: E501 line too long (127 &gt; 99 characters)&#10;  ./display_package/display_node.py:286:100: E501 line too long (106 &gt; 99 characters)&#10;  ./display_package/display_node.py:287:41: E128 continuation line under-indented for visual indent&#10;  ./display_package/display_node.py:288:41: E128 continuation line under-indented for visual indent&#10;  ./display_package/display_node.py:290:35: W291 trailing whitespace&#10;  ./display_package/display_node.py:295:100: E501 line too long (103 &gt; 99 characters)&#10;  ./display_package/display_node.py:296:31: E128 continuation line under-indented for visual indent&#10;  ./display_package/display_node.py:297:31: E128 continuation line under-indented for visual indent&#10;  ./display_package/display_node.py:302:38: E231 missing whitespace after ','&#10;  ./display_package/display_node.py:303:100: E501 line too long (127 &gt; 99 characters)&#10;  ./display_package/display_node.py:304:29: W291 trailing whitespace&#10;  ./display_package/display_node.py:305:1: W293 blank line contains whitespace&#10;  ./display_package/display_node.py:306:100: E501 line too long (101 &gt; 99 characters)&#10;  ./display_package/display_node.py:307:100: E501 line too long (104 &gt; 99 characters)&#10;  ./display_package/display_node.py:308:100: E501 line too long (101 &gt; 99 characters)&#10;  ./display_package/display_node.py:310:100: E501 line too long (102 &gt; 99 characters)&#10;  ./display_package/display_node.py:312:100: E501 line too long (100 &gt; 99 characters)&#10;  ./display_package/display_node.py:329:1: W293 blank line contains whitespace&#10;  ./display_package/display_node.py:403:100: E501 line too long (149 &gt; 99 characters)&#10;  ./display_package/display_node.py:404:100: E501 line too long (155 &gt; 99 characters)&#10;  ./display_package/display_node.py:416:100: E501 line too long (149 &gt; 99 characters)&#10;  ./display_package/display_node.py:417:100: E501 line too long (155 &gt; 99 characters)&#10;  ./display_package/display_node.py:429:100: E501 line too long (149 &gt; 99 characters)&#10;  ./display_package/display_node.py:430:100: E501 line too long (155 &gt; 99 characters)&#10;  ./display_package/display_node.py:442:100: E501 line too long (149 &gt; 99 characters)&#10;  ./display_package/display_node.py:443:100: E501 line too long (155 &gt; 99 characters)&#10;  ./display_package/display_node.py:455:100: E501 line too long (149 &gt; 99 characters)&#10;  ./display_package/display_node.py:456:100: E501 line too long (155 &gt; 99 characters)&#10;  ./display_package/display_node.py:468:100: E501 line too long (149 &gt; 99 characters)&#10;  ./display_package/display_node.py:469:100: E501 line too long (155 &gt; 99 characters)&#10;  ./display_package/display_node.py:481:100: E501 line too long (149 &gt; 99 characters)&#10;  ./display_package/display_node.py:482:100: E501 line too long (155 &gt; 99 characters)&#10;  ./display_package/display_node.py:494:100: E501 line too long (149 &gt; 99 characters)&#10;  ./display_package/display_node.py:495:100: E501 line too long (155 &gt; 99 characters)&#10;  ./display_package/display_node.py:507:100: E501 line too long (149 &gt; 99 characters)&#10;  ./display_package/display_node.py:508:100: E501 line too long (155 &gt; 99 characters)&#10;  ./display_package/display_node.py:520:100: E501 line too long (145 &gt; 99 characters)&#10;  ./display_package/display_node.py:521:100: E501 line too long (151 &gt; 99 characters)&#10;  ./display_package/display_node.py:533:100: E501 line too long (145 &gt; 99 characters)&#10;  ./display_package/display_node.py:534:100: E501 line too long (151 &gt; 99 characters)&#10;  ./display_package/display_node.py:546:100: E501 line too long (145 &gt; 99 characters)&#10;  ./display_package/display_node.py:547:100: E501 line too long (151 &gt; 99 characters)&#10;  ./display_package/display_node.py:559:100: E501 line too long (141 &gt; 99 characters)&#10;  ./display_package/display_node.py:560:100: E501 line too long (147 &gt; 99 characters)&#10;  ./display_package/display_node.py:572:100: E501 line too long (145 &gt; 99 characters)&#10;  ./display_package/display_node.py:573:100: E501 line too long (151 &gt; 99 characters)&#10;  ./display_package/display_node.py:585:100: E501 line too long (143 &gt; 99 characters)&#10;  ./display_package/display_node.py:586:100: E501 line too long (149 &gt; 99 characters)&#10;  ./display_package/display_node.py:598:100: E501 line too long (147 &gt; 99 characters)&#10;  ./display_package/display_node.py:599:100: E501 line too long (153 &gt; 99 characters)&#10;  ./display_package/display_node.py:606:37: E231 missing whitespace after ','&#10;  ./display_package/display_node.py:606:41: E231 missing whitespace after ','&#10;  ./display_package/display_node.py:606:44: E231 missing whitespace after ','&#10;  ./display_package/display_node.py:615:37: E231 missing whitespace after ','&#10;  ./display_package/display_node.py:615:41: E231 missing whitespace after ','&#10;  ./display_package/display_node.py:615:44: E231 missing whitespace after ','&#10;  ./display_package/display_node.py:624:37: E231 missing whitespace after ','&#10;  ./display_package/display_node.py:624:41: E231 missing whitespace after ','&#10;  ./display_package/display_node.py:624:44: E231 missing whitespace after ','&#10;  ./display_package/display_node.py:653:43: E231 missing whitespace after ','&#10;  ./display_package/display_node.py:653:47: E231 missing whitespace after ','&#10;  ./display_package/display_node.py:653:51: E231 missing whitespace after ','&#10;  ./display_package/display_node.py:656:41: E231 missing whitespace after ','&#10;  ./display_package/display_node.py:656:45: E231 missing whitespace after ','&#10;  ./display_package/display_node.py:656:48: E231 missing whitespace after ','&#10;  ./display_package/display_node.py:659:41: E231 missing whitespace after ','&#10;  ./display_package/display_node.py:659:45: E231 missing whitespace after ','&#10;  ./display_package/display_node.py:659:48: E231 missing whitespace after ','&#10;  ./display_package/display_node.py:662:41: E231 missing whitespace after ','&#10;  ./display_package/display_node.py:662:45: E231 missing whitespace after ','&#10;  ./display_package/display_node.py:662:48: E231 missing whitespace after ','&#10;  ./display_package/display_node.py:665:41: E231 missing whitespace after ','&#10;  ./display_package/display_node.py:665:45: E231 missing whitespace after ','&#10;  ./display_package/display_node.py:665:48: E231 missing whitespace after ','&#10;  ./display_package/display_node.py:670:32: W291 trailing whitespace&#10;  ./display_package/display_node.py:681:1: W293 blank line contains whitespace&#10;  ./display_package/display_node.py:692:14: W291 trailing whitespace&#10;  ./display_package/display_node.py:699:1: W293 blank line contains whitespace&#10;  ./display_package/display_node.py:717:77: W291 trailing whitespace&#10;  ./display_package/display_node.py:718:40: W291 trailing whitespace&#10;  ./display_package/display_node.py:725:9: E722 do not use bare 'except'&#10;  ./display_package/display_node.py:738:1: W293 blank line contains whitespace&#10;  ./display_package/display_node.py:739:1: W293 blank line contains whitespace&#10;  ./display_package/display_node.py:740:5: E303 too many blank lines (2)&#10;  ./display_package/display_node.py:740:5: E266 too many leading '#' for block comment&#10;  ./display_package/display_node.py:741:5: E301 expected 1 blank line, found 0&#10;  ./display_package/display_node.py:745:1: W293 blank line contains whitespace&#10;  ./display_package/display_node.py:751:61: E203 whitespace before ','&#10;  ./display_package/display_node.py:769:32: W291 trailing whitespace&#10;  ./display_package/display_node.py:787:34: W291 trailing whitespace&#10;  ./display_package/display_node.py:788:31: W291 trailing whitespace&#10;  ./display_package/display_node.py:794:38: W291 trailing whitespace&#10;  ./display_package/display_node.py:800:38: W291 trailing whitespace&#10;  ./display_package/display_node.py:801:39: W291 trailing whitespace&#10;  ./display_package/display_node.py:802:36: W291 trailing whitespace&#10;  ./display_package/display_node.py:803:33: W291 trailing whitespace&#10;  ./display_package/display_node.py:813:33: W291 trailing whitespace&#10;  ./display_package/display_node.py:814:36: W291 trailing whitespace&#10;  ./display_package/display_node.py:819:1: W293 blank line contains whitespace&#10;  ./display_package/display_node.py:851:32: W291 trailing whitespace&#10;  ./display_package/display_node.py:858:34: W291 trailing whitespace&#10;  ./display_package/display_node.py:859:31: W291 trailing whitespace&#10;  ./display_package/display_node.py:862:35: W291 trailing whitespace&#10;  ./display_package/display_node.py:868:38: W291 trailing whitespace&#10;  ./display_package/display_node.py:872:39: W291 trailing whitespace&#10;  ./display_package/display_node.py:873:36: W291 trailing whitespace&#10;  ./display_package/display_node.py:884:33: W291 trailing whitespace&#10;  ./display_package/display_node.py:885:36: W291 trailing whitespace&#10;  ./display_package/display_node.py:922:32: W291 trailing whitespace&#10;  ./display_package/display_node.py:929:34: W291 trailing whitespace&#10;  ./display_package/display_node.py:930:31: W291 trailing whitespace&#10;  ./display_package/display_node.py:931:35: W291 trailing whitespace&#10;  ./display_package/display_node.py:939:38: W291 trailing whitespace&#10;  ./display_package/display_node.py:943:39: W291 trailing whitespace&#10;  ./display_package/display_node.py:944:36: W291 trailing whitespace&#10;  ./display_package/display_node.py:945:33: W291 trailing whitespace&#10;  ./display_package/display_node.py:955:33: W291 trailing whitespace&#10;  ./display_package/display_node.py:960:33: W291 trailing whitespace&#10;  ./display_package/display_node.py:964:32: W291 trailing whitespace&#10;  ./display_package/display_node.py:1002:35: W291 trailing whitespace&#10;  ./display_package/display_node.py:1004:35: W291 trailing whitespace&#10;  ./display_package/display_node.py:1007:38: W291 trailing whitespace&#10;  ./display_package/display_node.py:1010:38: W291 trailing whitespace&#10;  ./display_package/display_node.py:1014:39: W291 trailing whitespace&#10;  ./display_package/display_node.py:1015:36: W291 trailing whitespace&#10;  ./display_package/display_node.py:1016:33: W291 trailing whitespace&#10;  ./display_package/display_node.py:1026:33: W291 trailing whitespace&#10;  ./display_package/display_node.py:1027:36: W291 trailing whitespace&#10;  ./display_package/display_node.py:1069:32: W291 trailing whitespace&#10;  ./display_package/display_node.py:1071:34: W291 trailing whitespace&#10;  ./display_package/display_node.py:1072:31: W291 trailing whitespace&#10;  ./display_package/display_node.py:1073:35: W291 trailing whitespace&#10;  ./display_package/display_node.py:1078:38: W291 trailing whitespace&#10;  ./display_package/display_node.py:1081:38: W291 trailing whitespace&#10;  ./display_package/display_node.py:1085:39: W291 trailing whitespace&#10;  ./display_package/display_node.py:1086:36: W291 trailing whitespace&#10;  ./display_package/display_node.py:1087:33: W291 trailing whitespace&#10;  ./display_package/display_node.py:1097:33: W291 trailing whitespace&#10;  ./display_package/display_node.py:1102:33: W291 trailing whitespace&#10;  ./display_package/display_node.py:1105:34: W291 trailing whitespace&#10;  ./display_package/display_node.py:1106:31: W291 trailing whitespace&#10;  ./display_package/display_node.py:1107:35: W291 trailing whitespace&#10;  ./display_package/display_node.py:1109:35: W291 trailing whitespace&#10;  ./display_package/display_node.py:1116:38: W291 trailing whitespace&#10;  ./display_package/display_node.py:1118:38: W291 trailing whitespace&#10;  ./display_package/display_node.py:1149:32: W291 trailing whitespace&#10;  ./display_package/display_node.py:1156:39: W291 trailing whitespace&#10;  ./display_package/display_node.py:1157:36: W291 trailing whitespace&#10;  ./display_package/display_node.py:1158:33: W291 trailing whitespace&#10;  ./display_package/display_node.py:1168:33: W291 trailing whitespace&#10;  ./display_package/display_node.py:1169:36: W291 trailing whitespace&#10;  ./display_package/display_node.py:1174:1: W293 blank line contains whitespace&#10;  ./display_package/display_node.py:1176:39: W291 trailing whitespace&#10;  ./display_package/display_node.py:1177:36: W291 trailing whitespace&#10;  ./display_package/display_node.py:1178:33: W291 trailing whitespace&#10;  ./display_package/display_node.py:1218:32: W291 trailing whitespace&#10;  ./display_package/display_node.py:1225:34: W291 trailing whitespace&#10;  ./display_package/display_node.py:1226:31: W291 trailing whitespace&#10;  ./display_package/display_node.py:1227:35: W291 trailing whitespace&#10;  ./display_package/display_node.py:1232:38: W291 trailing whitespace&#10;  ./display_package/display_node.py:1235:38: W291 trailing whitespace&#10;  ./display_package/display_node.py:1239:33: W291 trailing whitespace&#10;  ./display_package/display_node.py:1240:36: W291 trailing whitespace&#10;  ./display_package/display_node.py:1247:33: W291 trailing whitespace&#10;  ./display_package/display_node.py:1248:36: W291 trailing whitespace&#10;  ./display_package/display_node.py:1283:32: W291 trailing whitespace&#10;  ./display_package/display_node.py:1290:34: W291 trailing whitespace&#10;  ./display_package/display_node.py:1291:31: W291 trailing whitespace&#10;  ./display_package/display_node.py:1292:35: W291 trailing whitespace&#10;  ./display_package/display_node.py:1297:38: W291 trailing whitespace&#10;  ./display_package/display_node.py:1300:38: W291 trailing whitespace&#10;  ./display_package/display_node.py:1304:39: W291 trailing whitespace&#10;  ./display_package/display_node.py:1305:36: W291 trailing whitespace&#10;  ./display_package/display_node.py:1315:33: W291 trailing whitespace&#10;  ./display_package/display_node.py:1348:32: W291 trailing whitespace&#10;  ./display_package/display_node.py:1354:34: W291 trailing whitespace&#10;  ./display_package/display_node.py:1355:31: W291 trailing whitespace&#10;  ./display_package/display_node.py:1356:35: W291 trailing whitespace&#10;  ./display_package/display_node.py:1361:38: W291 trailing whitespace&#10;  ./display_package/display_node.py:1364:38: W291 trailing whitespace&#10;  ./display_package/display_node.py:1368:39: W291 trailing whitespace&#10;  ./display_package/display_node.py:1369:36: W291 trailing whitespace&#10;  ./display_package/display_node.py:1380:33: W291 trailing whitespace&#10;  ./display_package/display_node.py:1381:36: W291 trailing whitespace&#10;  ./display_package/display_node.py:1403:27: W291 trailing whitespace&#10;  ./display_package/display_node.py:1421:9: E265 block comment should start with '# '&#10;  ./display_package/display_node.py:1424:54: W291 trailing whitespace&#10;  ./display_package/display_node.py:1425:38: W291 trailing whitespace&#10;  ./display_package/display_node.py:1432:9: E265 block comment should start with '# '&#10;  ./display_package/display_node.py:1436:39: W291 trailing whitespace&#10;  ./display_package/display_node.py:1443:9: E265 block comment should start with '# '&#10;  ./display_package/display_node.py:1446:55: W291 trailing whitespace&#10;  ./display_package/display_node.py:1447:39: W291 trailing whitespace&#10;  ./display_package/display_node.py:1454:9: E265 block comment should start with '# '&#10;  ./display_package/display_node.py:1457:55: W291 trailing whitespace&#10;  ./display_package/display_node.py:1458:39: W291 trailing whitespace&#10;  ./display_package/display_node.py:1465:9: E265 block comment should start with '# '&#10;  ./display_package/display_node.py:1465:26: W291 trailing whitespace&#10;  ./display_package/display_node.py:1466:100: E501 line too long (109 &gt; 99 characters)&#10;  ./display_package/display_node.py:1468:55: W291 trailing whitespace&#10;  ./display_package/display_node.py:1469:39: W291 trailing whitespace&#10;  ./display_package/display_node.py:1470:90: E225 missing whitespace around operator&#10;  ./display_package/display_node.py:1472:72: E225 missing whitespace around operator&#10;  ./display_package/display_node.py:1476:9: E265 block comment should start with '# '&#10;  ./display_package/display_node.py:1477:100: E501 line too long (113 &gt; 99 characters)&#10;  ./display_package/display_node.py:1479:100: E501 line too long (104 &gt; 99 characters)&#10;  ./display_package/display_node.py:1481:100: E501 line too long (102 &gt; 99 characters)&#10;  ./display_package/display_node.py:1487:9: E265 block comment should start with '# '&#10;  ./display_package/display_node.py:1487:28: W291 trailing whitespace&#10;  ./display_package/display_node.py:1488:100: E501 line too long (111 &gt; 99 characters)&#10;  ./display_package/display_node.py:1490:100: E501 line too long (102 &gt; 99 characters)&#10;  ./display_package/display_node.py:1492:92: E225 missing whitespace around operator&#10;  ./display_package/display_node.py:1492:100: E501 line too long (100 &gt; 99 characters)&#10;  ./display_package/display_node.py:1494:72: E225 missing whitespace around operator&#10;  ./display_package/display_node.py:1498:9: E265 block comment should start with '# '&#10;  ./display_package/display_node.py:1499:100: E501 line too long (115 &gt; 99 characters)&#10;  ./display_package/display_node.py:1501:100: E501 line too long (103 &gt; 99 characters)&#10;  ./display_package/display_node.py:1509:9: E265 block comment should start with '# '&#10;  ./display_package/display_node.py:1511:100: E501 line too long (111 &gt; 99 characters)&#10;  ./display_package/display_node.py:1515:75: E225 missing whitespace around operator&#10;  ./display_package/display_node.py:1522:13: E117 over-indented&#10;  ./display_package/display_node.py:1528:100: E501 line too long (105 &gt; 99 characters)&#10;  ./display_package/display_node.py:1535:28: E231 missing whitespace after ','&#10;  ./display_package/display_node.py:1551:1: W293 blank line contains whitespace&#10;  ./display_package/display_node.py:1556:1: W293 blank line contains whitespace&#10;  ./display_package/display_node.py:1622:1: W293 blank line contains whitespace&#10;  ./display_package/display_node.py:1632:1: W293 blank line contains whitespace&#10;  ./display_package/display_node.py:1644:100: E501 line too long (113 &gt; 99 characters)&#10;  ./display_package/Dashboard/V2.py:3:1: F401 'PyQt5.QtWidgets.QVBoxLayout' imported but unused&#10;  ./display_package/Dashboard/V2.py:3:1: F401 'PyQt5.QtWidgets.QStackedWidget' imported but unused&#10;  ./display_package/Dashboard/V2.py:3:100: E501 line too long (112 &gt; 99 characters)&#10;  ./display_package/Dashboard/V2.py:10:1: E303 too many blank lines (3)&#10;  ./display_package/Dashboard/V2.py:30:100: E501 line too long (102 &gt; 99 characters)&#10;  ./display_package/Dashboard/V2.py:31:41: E127 continuation line over-indented for visual indent&#10;  ./display_package/Dashboard/V2.py:39:41: E127 continuation line over-indented for visual indent&#10;  ./display_package/Dashboard/V2.py:45:44: E203 whitespace before ','&#10;  ./display_package/Dashboard/V2.py:46:100: E501 line too long (128 &gt; 99 characters)&#10;  ./display_package/Dashboard/V2.py:50:42: E231 missing whitespace after ','&#10;  ./display_package/Dashboard/V2.py:50:45: E231 missing whitespace after ','&#10;  ./display_package/Dashboard/V2.py:50:49: E231 missing whitespace after ','&#10;  ./display_package/Dashboard/V2.py:53:41: E127 continuation line over-indented for visual indent&#10;  ./display_package/Dashboard/V2.py:59:39: E231 missing whitespace after ','&#10;  ./display_package/Dashboard/V2.py:60:100: E501 line too long (128 &gt; 99 characters)&#10;  ./display_package/Dashboard/V2.py:64:9: E303 too many blank lines (2)&#10;  ./display_package/Dashboard/V2.py:68:41: E127 continuation line over-indented for visual indent&#10;  ./display_package/Dashboard/V2.py:74:39: E231 missing whitespace after ','&#10;  ./display_package/Dashboard/V2.py:75:100: E501 line too long (128 &gt; 99 characters)&#10;  ./display_package/Dashboard/V2.py:81:100: E501 line too long (101 &gt; 99 characters)&#10;  ./display_package/Dashboard/V2.py:82:41: E127 continuation line over-indented for visual indent&#10;  ./display_package/Dashboard/V2.py:88:42: E231 missing whitespace after ','&#10;  ./display_package/Dashboard/V2.py:89:100: E501 line too long (131 &gt; 99 characters)&#10;  ./display_package/Dashboard/V2.py:95:100: E501 line too long (105 &gt; 99 characters)&#10;  ./display_package/Dashboard/V2.py:96:41: E128 continuation line under-indented for visual indent&#10;  ./display_package/Dashboard/V2.py:97:41: E128 continuation line under-indented for visual indent&#10;  ./display_package/Dashboard/V2.py:102:46: E231 missing whitespace after ','&#10;  ./display_package/Dashboard/V2.py:103:100: E501 line too long (135 &gt; 99 characters)&#10;  ./display_package/Dashboard/V2.py:107:46: E231 missing whitespace after ','&#10;  ./display_package/Dashboard/V2.py:113:100: E501 line too long (109 &gt; 99 characters)&#10;  ./display_package/Dashboard/V2.py:114:41: E128 continuation line under-indented for visual indent&#10;  ./display_package/Dashboard/V2.py:115:41: E128 continuation line under-indented for visual indent&#10;  ./display_package/Dashboard/V2.py:120:50: E231 missing whitespace after ','&#10;  ./display_package/Dashboard/V2.py:121:100: E501 line too long (139 &gt; 99 characters)&#10;  ./display_package/Dashboard/V2.py:125:50: E231 missing whitespace after ','&#10;  ./display_package/Dashboard/V2.py:131:100: E501 line too long (107 &gt; 99 characters)&#10;  ./display_package/Dashboard/V2.py:132:41: E128 continuation line under-indented for visual indent&#10;  ./display_package/Dashboard/V2.py:133:41: E128 continuation line under-indented for visual indent&#10;  ./display_package/Dashboard/V2.py:138:48: E231 missing whitespace after ','&#10;  ./display_package/Dashboard/V2.py:139:100: E501 line too long (137 &gt; 99 characters)&#10;  ./display_package/Dashboard/V2.py:143:48: E231 missing whitespace after ','&#10;  ./display_package/Dashboard/V2.py:149:100: E501 line too long (102 &gt; 99 characters)&#10;  ./display_package/Dashboard/V2.py:150:41: E127 continuation line over-indented for visual indent&#10;  ./display_package/Dashboard/V2.py:155:39: E203 whitespace before ','&#10;  ./display_package/Dashboard/V2.py:156:100: E501 line too long (170 &gt; 99 characters)&#10;  ./display_package/Dashboard/V2.py:163:100: E501 line too long (171 &gt; 99 characters)&#10;  ./display_package/Dashboard/V2.py:164:1: W293 blank line contains whitespace&#10;  ./display_package/Dashboard/V2.py:166:100: E501 line too long (104 &gt; 99 characters)&#10;  ./display_package/Dashboard/V2.py:167:100: E501 line too long (101 &gt; 99 characters)&#10;  ./display_package/Dashboard/V2.py:168:100: E501 line too long (102 &gt; 99 characters)&#10;  ./display_package/Dashboard/V2.py:206:100: E501 line too long (101 &gt; 99 characters)&#10;  ./display_package/Dashboard/V2.py:207:13: E128 continuation line under-indented for visual indent&#10;  ./display_package/Dashboard/V2.py:207:84: W291 trailing whitespace&#10;  ./display_package/Dashboard/V2.py:208:13: E128 continuation line under-indented for visual indent&#10;  ./display_package/Dashboard/V2.py:209:13: E128 continuation line under-indented for visual indent&#10;  ./display_package/Dashboard/V2.py:210:13: E128 continuation line under-indented for visual indent&#10;  ./display_package/Dashboard/V2.py:211:13: E128 continuation line under-indented for visual indent&#10;  ./display_package/Dashboard/V2.py:212:9: E124 closing bracket does not match visual indentation&#10;  ./display_package/Dashboard/V2.py:221:58: E203 whitespace before ','&#10;  ./display_package/Dashboard/V2.py:225:43: E231 missing whitespace after ','&#10;  ./display_package/Dashboard/V2.py:225:47: E231 missing whitespace after ','&#10;  ./display_package/Dashboard/V2.py:225:51: E231 missing whitespace after ','&#10;  ./display_package/Dashboard/V2.py:228:41: E231 missing whitespace after ','&#10;  ./display_package/Dashboard/V2.py:228:45: E231 missing whitespace after ','&#10;  ./display_package/Dashboard/V2.py:228:48: E231 missing whitespace after ','&#10;  ./display_package/Dashboard/V2.py:231:41: E231 missing whitespace after ','&#10;  ./display_package/Dashboard/V2.py:231:45: E231 missing whitespace after ','&#10;  ./display_package/Dashboard/V2.py:231:48: E231 missing whitespace after ','&#10;  ./display_package/Dashboard/V2.py:234:41: E231 missing whitespace after ','&#10;  ./display_package/Dashboard/V2.py:234:45: E231 missing whitespace after ','&#10;  ./display_package/Dashboard/V2.py:234:48: E231 missing whitespace after ','&#10;  ./display_package/Dashboard/V2.py:237:41: E231 missing whitespace after ','&#10;  ./display_package/Dashboard/V2.py:237:45: E231 missing whitespace after ','&#10;  ./display_package/Dashboard/V2.py:237:48: E231 missing whitespace after ','&#10;  ./display_package/Dashboard/V2.py:241:9: E303 too many blank lines (2)&#10;  ./display_package/Dashboard/V2.py:243:31: W291 trailing whitespace&#10;  ./display_package/Dashboard/V2.py:255:62: E203 whitespace before ','&#10;  ./display_package/Dashboard/V2.py:283:1: W293 blank line contains whitespace&#10;  ./display_package/Dashboard/V2.py:315:1: W293 blank line contains whitespace&#10;  ./display_package/Dashboard/V2.py:317:9: E303 too many blank lines (2)&#10;  ./display_package/Dashboard/V2.py:348:1: W293 blank line contains whitespace&#10;  ./display_package/Dashboard/V2.py:350:9: E303 too many blank lines (2)&#10;  ./display_package/Dashboard/V2.py:383:5: E303 too many blank lines (2)&#10;  ./display_package/Dashboard/V2.py:390:26: W291 trailing whitespace&#10;  ./display_package/Dashboard/V2.py:396:26: E225 missing whitespace around operator&#10;  ./display_package/Dashboard/V2.py:399:27: W291 trailing whitespace&#10;  ./display_package/Dashboard/V2.py:415:49: W291 trailing whitespace&#10;  ./display_package/Dashboard/V2.py:416:33: W291 trailing whitespace&#10;  ./display_package/Dashboard/V2.py:436:9: E265 block comment should start with '# '&#10;  ./display_package/Dashboard/V2.py:439:54: W291 trailing whitespace&#10;  ./display_package/Dashboard/V2.py:440:38: W291 trailing whitespace&#10;  ./display_package/Dashboard/V2.py:447:9: E265 block comment should start with '# '&#10;  ./display_package/Dashboard/V2.py:451:39: W291 trailing whitespace&#10;  ./display_package/Dashboard/V2.py:458:9: E265 block comment should start with '# '&#10;  ./display_package/Dashboard/V2.py:461:55: W291 trailing whitespace&#10;  ./display_package/Dashboard/V2.py:462:39: W291 trailing whitespace&#10;  ./display_package/Dashboard/V2.py:469:9: E265 block comment should start with '# '&#10;  ./display_package/Dashboard/V2.py:472:55: W291 trailing whitespace&#10;  ./display_package/Dashboard/V2.py:473:39: W291 trailing whitespace&#10;  ./display_package/Dashboard/V2.py:480:9: E265 block comment should start with '# '&#10;  ./display_package/Dashboard/V2.py:480:26: W291 trailing whitespace&#10;  ./display_package/Dashboard/V2.py:481:100: E501 line too long (109 &gt; 99 characters)&#10;  ./display_package/Dashboard/V2.py:483:55: W291 trailing whitespace&#10;  ./display_package/Dashboard/V2.py:484:39: W291 trailing whitespace&#10;  ./display_package/Dashboard/V2.py:485:90: E225 missing whitespace around operator&#10;  ./display_package/Dashboard/V2.py:487:72: E225 missing whitespace around operator&#10;  ./display_package/Dashboard/V2.py:491:9: E265 block comment should start with '# '&#10;  ./display_package/Dashboard/V2.py:492:100: E501 line too long (113 &gt; 99 characters)&#10;  ./display_package/Dashboard/V2.py:494:100: E501 line too long (104 &gt; 99 characters)&#10;  ./display_package/Dashboard/V2.py:496:100: E501 line too long (102 &gt; 99 characters)&#10;  ./display_package/Dashboard/V2.py:502:9: E265 block comment should start with '# '&#10;  ./display_package/Dashboard/V2.py:502:28: W291 trailing whitespace&#10;  ./display_package/Dashboard/V2.py:503:100: E501 line too long (111 &gt; 99 characters)&#10;  ./display_package/Dashboard/V2.py:505:100: E501 line too long (102 &gt; 99 characters)&#10;  ./display_package/Dashboard/V2.py:507:92: E225 missing whitespace around operator&#10;  ./display_package/Dashboard/V2.py:507:100: E501 line too long (100 &gt; 99 characters)&#10;  ./display_package/Dashboard/V2.py:509:72: E225 missing whitespace around operator&#10;  ./display_package/Dashboard/V2.py:513:9: E265 block comment should start with '# '&#10;  ./display_package/Dashboard/V2.py:514:100: E501 line too long (112 &gt; 99 characters)&#10;  ./display_package/Dashboard/V2.py:516:100: E501 line too long (103 &gt; 99 characters)&#10;  ./display_package/Dashboard/V2.py:524:9: E265 block comment should start with '# '&#10;  ./display_package/Dashboard/V2.py:526:100: E501 line too long (108 &gt; 99 characters)&#10;  ./display_package/Dashboard/V2.py:530:75: E225 missing whitespace around operator&#10;  ./display_package/Dashboard/V2.py:537:13: E117 over-indented&#10;  ./display_package/Dashboard/V2.py:543:100: E501 line too long (105 &gt; 99 characters)&#10;  ./display_package/Dashboard/V2.py:558:58: E203 whitespace before ','&#10;  ./display_package/Dashboard/V2.py:566:1: W293 blank line contains whitespace&#10;  ./display_package/Dashboard/V2.py:568:5: E303 too many blank lines (2)&#10;  ./display_package/Dashboard/V2.py:572:1: W293 blank line contains whitespace&#10;  ./display_package/Dashboard/V2.py:578:1: E302 expected 2 blank lines, found 1&#10;  ./display_package/Dashboard/V2.py:589:100: E501 line too long (113 &gt; 99 characters)&#10;  ./display_package/Dashboard/V3_ros.py:14:1: E302 expected 2 blank lines, found 1&#10;  ./display_package/Dashboard/V3_ros.py:23:1: E302 expected 2 blank lines, found 1&#10;  ./display_package/Dashboard/V3_ros.py:45:57: E203 whitespace before ','&#10;  ./display_package/Dashboard/V3_ros.py:51:100: E501 line too long (102 &gt; 99 characters)&#10;  ./display_package/Dashboard/V3_ros.py:52:41: E127 continuation line over-indented for visual indent&#10;  ./display_package/Dashboard/V3_ros.py:58:37: E231 missing whitespace after ','&#10;  ./display_package/Dashboard/V3_ros.py:59:100: E501 line too long (126 &gt; 99 characters)&#10;  ./display_package/Dashboard/V3_ros.py:60:28: W291 trailing whitespace&#10;  ./display_package/Dashboard/V3_ros.py:66:41: E127 continuation line over-indented for visual indent&#10;  ./display_package/Dashboard/V3_ros.py:72:44: E203 whitespace before ','&#10;  ./display_package/Dashboard/V3_ros.py:73:100: E501 line too long (128 &gt; 99 characters)&#10;  ./display_package/Dashboard/V3_ros.py:77:42: E231 missing whitespace after ','&#10;  ./display_package/Dashboard/V3_ros.py:77:45: E231 missing whitespace after ','&#10;  ./display_package/Dashboard/V3_ros.py:77:49: E231 missing whitespace after ','&#10;  ./display_package/Dashboard/V3_ros.py:80:41: E127 continuation line over-indented for visual indent&#10;  ./display_package/Dashboard/V3_ros.py:86:39: E231 missing whitespace after ','&#10;  ./display_package/Dashboard/V3_ros.py:87:100: E501 line too long (128 &gt; 99 characters)&#10;  ./display_package/Dashboard/V3_ros.py:94:41: E127 continuation line over-indented for visual indent&#10;  ./display_package/Dashboard/V3_ros.py:100:39: E231 missing whitespace after ','&#10;  ./display_package/Dashboard/V3_ros.py:101:100: E501 line too long (128 &gt; 99 characters)&#10;  ./display_package/Dashboard/V3_ros.py:107:100: E501 line too long (101 &gt; 99 characters)&#10;  ./display_package/Dashboard/V3_ros.py:108:41: E127 continuation line over-indented for visual indent&#10;  ./display_package/Dashboard/V3_ros.py:114:42: E231 missing whitespace after ','&#10;  ./display_package/Dashboard/V3_ros.py:115:100: E501 line too long (131 &gt; 99 characters)&#10;  ./display_package/Dashboard/V3_ros.py:121:100: E501 line too long (105 &gt; 99 characters)&#10;  ./display_package/Dashboard/V3_ros.py:122:41: E128 continuation line under-indented for visual indent&#10;  ./display_package/Dashboard/V3_ros.py:123:41: E128 continuation line under-indented for visual indent&#10;  ./display_package/Dashboard/V3_ros.py:128:46: E231 missing whitespace after ','&#10;  ./display_package/Dashboard/V3_ros.py:129:100: E501 line too long (135 &gt; 99 characters)&#10;  ./display_package/Dashboard/V3_ros.py:133:46: E231 missing whitespace after ','&#10;  ./display_package/Dashboard/V3_ros.py:137:46: E231 missing whitespace after ','&#10;  ./display_package/Dashboard/V3_ros.py:143:100: E501 line too long (109 &gt; 99 characters)&#10;  ./display_package/Dashboard/V3_ros.py:144:41: E128 continuation line under-indented for visual indent&#10;  ./display_package/Dashboard/V3_ros.py:145:41: E128 continuation line under-indented for visual indent&#10;  ./display_package/Dashboard/V3_ros.py:150:50: E231 missing whitespace after ','&#10;  ./display_package/Dashboard/V3_ros.py:151:100: E501 line too long (139 &gt; 99 characters)&#10;  ./display_package/Dashboard/V3_ros.py:155:50: E231 missing whitespace after ','&#10;  ./display_package/Dashboard/V3_ros.py:159:50: E231 missing whitespace after ','&#10;  ./display_package/Dashboard/V3_ros.py:165:100: E501 line too long (107 &gt; 99 characters)&#10;  ./display_package/Dashboard/V3_ros.py:166:41: E128 continuation line under-indented for visual indent&#10;  ./display_package/Dashboard/V3_ros.py:167:41: E128 continuation line under-indented for visual indent&#10;  ./display_package/Dashboard/V3_ros.py:172:48: E231 missing whitespace after ','&#10;  ./display_package/Dashboard/V3_ros.py:173:100: E501 line too long (137 &gt; 99 characters)&#10;  ./display_package/Dashboard/V3_ros.py:177:48: E231 missing whitespace after ','&#10;  ./display_package/Dashboard/V3_ros.py:181:48: E231 missing whitespace after ','&#10;  ./display_package/Dashboard/V3_ros.py:187:100: E501 line too long (102 &gt; 99 characters)&#10;  ./display_package/Dashboard/V3_ros.py:188:41: E127 continuation line over-indented for visual indent&#10;  ./display_package/Dashboard/V3_ros.py:194:37: E231 missing whitespace after ','&#10;  ./display_package/Dashboard/V3_ros.py:195:100: E501 line too long (126 &gt; 99 characters)&#10;  ./display_package/Dashboard/V3_ros.py:199:39: E203 whitespace before ','&#10;  ./display_package/Dashboard/V3_ros.py:200:100: E501 line too long (170 &gt; 99 characters)&#10;  ./display_package/Dashboard/V3_ros.py:212:40: E203 whitespace before ','&#10;  ./display_package/Dashboard/V3_ros.py:213:100: E501 line too long (167 &gt; 99 characters)&#10;  ./display_package/Dashboard/V3_ros.py:219:100: E501 line too long (101 &gt; 99 characters)&#10;  ./display_package/Dashboard/V3_ros.py:220:41: E127 continuation line over-indented for visual indent&#10;  ./display_package/Dashboard/V3_ros.py:223:30: W291 trailing whitespace&#10;  ./display_package/Dashboard/V3_ros.py:226:36: E231 missing whitespace after ','&#10;  ./display_package/Dashboard/V3_ros.py:227:100: E501 line too long (125 &gt; 99 characters)&#10;  ./display_package/Dashboard/V3_ros.py:228:27: W291 trailing whitespace&#10;  ./display_package/Dashboard/V3_ros.py:233:100: E501 line too long (102 &gt; 99 characters)&#10;  ./display_package/Dashboard/V3_ros.py:234:41: E127 continuation line over-indented for visual indent&#10;  ./display_package/Dashboard/V3_ros.py:242:100: E501 line too long (102 &gt; 99 characters)&#10;  ./display_package/Dashboard/V3_ros.py:243:41: E127 continuation line over-indented for visual indent&#10;  ./display_package/Dashboard/V3_ros.py:251:100: E501 line too long (102 &gt; 99 characters)&#10;  ./display_package/Dashboard/V3_ros.py:252:41: E127 continuation line over-indented for visual indent&#10;  ./display_package/Dashboard/V3_ros.py:258:43: E231 missing whitespace after ','&#10;  ./display_package/Dashboard/V3_ros.py:258:47: E231 missing whitespace after ','&#10;  ./display_package/Dashboard/V3_ros.py:258:50: E231 missing whitespace after ','&#10;  ./display_package/Dashboard/V3_ros.py:260:100: E501 line too long (100 &gt; 99 characters)&#10;  ./display_package/Dashboard/V3_ros.py:261:41: E128 continuation line under-indented for visual indent&#10;  ./display_package/Dashboard/V3_ros.py:262:41: E128 continuation line under-indented for visual indent&#10;  ./display_package/Dashboard/V3_ros.py:263:34: W291 trailing whitespace&#10;  ./display_package/Dashboard/V3_ros.py:266:43: E231 missing whitespace after ','&#10;  ./display_package/Dashboard/V3_ros.py:266:47: E231 missing whitespace after ','&#10;  ./display_package/Dashboard/V3_ros.py:266:50: E231 missing whitespace after ','&#10;  ./display_package/Dashboard/V3_ros.py:268:100: E501 line too long (100 &gt; 99 characters)&#10;  ./display_package/Dashboard/V3_ros.py:269:41: E128 continuation line under-indented for visual indent&#10;  ./display_package/Dashboard/V3_ros.py:270:41: E128 continuation line under-indented for visual indent&#10;  ./display_package/Dashboard/V3_ros.py:274:43: E231 missing whitespace after ','&#10;  ./display_package/Dashboard/V3_ros.py:274:47: E231 missing whitespace after ','&#10;  ./display_package/Dashboard/V3_ros.py:274:50: E231 missing whitespace after ','&#10;  ./display_package/Dashboard/V3_ros.py:276:100: E501 line too long (100 &gt; 99 characters)&#10;  ./display_package/Dashboard/V3_ros.py:277:41: E128 continuation line under-indented for visual indent&#10;  ./display_package/Dashboard/V3_ros.py:278:41: E128 continuation line under-indented for visual indent&#10;  ./display_package/Dashboard/V3_ros.py:279:34: W291 trailing whitespace&#10;  ./display_package/Dashboard/V3_ros.py:284:100: E501 line too long (103 &gt; 99 characters)&#10;  ./display_package/Dashboard/V3_ros.py:285:41: E127 continuation line over-indented for visual indent&#10;  ./display_package/Dashboard/V3_ros.py:291:38: E231 missing whitespace after ','&#10;  ./display_package/Dashboard/V3_ros.py:292:100: E501 line too long (127 &gt; 99 characters)&#10;  ./display_package/Dashboard/V3_ros.py:298:100: E501 line too long (106 &gt; 99 characters)&#10;  ./display_package/Dashboard/V3_ros.py:299:41: E128 continuation line under-indented for visual indent&#10;  ./display_package/Dashboard/V3_ros.py:300:41: E128 continuation line under-indented for visual indent&#10;  ./display_package/Dashboard/V3_ros.py:302:35: W291 trailing whitespace&#10;  ./display_package/Dashboard/V3_ros.py:307:100: E501 line too long (103 &gt; 99 characters)&#10;  ./display_package/Dashboard/V3_ros.py:308:31: E128 continuation line under-indented for visual indent&#10;  ./display_package/Dashboard/V3_ros.py:309:31: E128 continuation line under-indented for visual indent&#10;  ./display_package/Dashboard/V3_ros.py:314:38: E231 missing whitespace after ','&#10;  ./display_package/Dashboard/V3_ros.py:315:100: E501 line too long (127 &gt; 99 characters)&#10;  ./display_package/Dashboard/V3_ros.py:316:29: W291 trailing whitespace&#10;  ./display_package/Dashboard/V3_ros.py:317:1: W293 blank line contains whitespace&#10;  ./display_package/Dashboard/V3_ros.py:318:100: E501 line too long (101 &gt; 99 characters)&#10;  ./display_package/Dashboard/V3_ros.py:319:100: E501 line too long (104 &gt; 99 characters)&#10;  ./display_package/Dashboard/V3_ros.py:320:100: E501 line too long (101 &gt; 99 characters)&#10;  ./display_package/Dashboard/V3_ros.py:322:100: E501 line too long (102 &gt; 99 characters)&#10;  ./display_package/Dashboard/V3_ros.py:324:100: E501 line too long (100 &gt; 99 characters)&#10;  ./display_package/Dashboard/V3_ros.py:341:1: W293 blank line contains whitespace&#10;  ./display_package/Dashboard/V3_ros.py:415:100: E501 line too long (149 &gt; 99 characters)&#10;  ./display_package/Dashboard/V3_ros.py:416:100: E501 line too long (155 &gt; 99 characters)&#10;  ./display_package/Dashboard/V3_ros.py:428:100: E501 line too long (149 &gt; 99 characters)&#10;  ./display_package/Dashboard/V3_ros.py:429:100: E501 line too long (155 &gt; 99 characters)&#10;  ./display_package/Dashboard/V3_ros.py:441:100: E501 line too long (149 &gt; 99 characters)&#10;  ./display_package/Dashboard/V3_ros.py:442:100: E501 line too long (155 &gt; 99 characters)&#10;  ./display_package/Dashboard/V3_ros.py:454:100: E501 line too long (149 &gt; 99 characters)&#10;  ./display_package/Dashboard/V3_ros.py:455:100: E501 line too long (155 &gt; 99 characters)&#10;  ./display_package/Dashboard/V3_ros.py:467:100: E501 line too long (149 &gt; 99 characters)&#10;  ./display_package/Dashboard/V3_ros.py:468:100: E501 line too long (155 &gt; 99 characters)&#10;  ./display_package/Dashboard/V3_ros.py:480:100: E501 line too long (149 &gt; 99 characters)&#10;  ./display_package/Dashboard/V3_ros.py:481:100: E501 line too long (155 &gt; 99 characters)&#10;  ./display_package/Dashboard/V3_ros.py:493:100: E501 line too long (149 &gt; 99 characters)&#10;  ./display_package/Dashboard/V3_ros.py:494:100: E501 line too long (155 &gt; 99 characters)&#10;  ./display_package/Dashboard/V3_ros.py:506:100: E501 line too long (149 &gt; 99 characters)&#10;  ./display_package/Dashboard/V3_ros.py:507:100: E501 line too long (155 &gt; 99 characters)&#10;  ./display_package/Dashboard/V3_ros.py:519:100: E501 line too long (149 &gt; 99 characters)&#10;  ./display_package/Dashboard/V3_ros.py:520:100: E501 line too long (155 &gt; 99 characters)&#10;  ./display_package/Dashboard/V3_ros.py:532:100: E501 line too long (145 &gt; 99 characters)&#10;  ./display_package/Dashboard/V3_ros.py:533:100: E501 line too long (151 &gt; 99 characters)&#10;  ./display_package/Dashboard/V3_ros.py:545:100: E501 line too long (145 &gt; 99 characters)&#10;  ./display_package/Dashboard/V3_ros.py:546:100: E501 line too long (151 &gt; 99 characters)&#10;  ./display_package/Dashboard/V3_ros.py:558:100: E501 line too long (145 &gt; 99 characters)&#10;  ./display_package/Dashboard/V3_ros.py:559:100: E501 line too long (151 &gt; 99 characters)&#10;  ./display_package/Dashboard/V3_ros.py:571:100: E501 line too long (141 &gt; 99 characters)&#10;  ./display_package/Dashboard/V3_ros.py:572:100: E501 line too long (147 &gt; 99 characters)&#10;  ./display_package/Dashboard/V3_ros.py:584:100: E501 line too long (145 &gt; 99 characters)&#10;  ./display_package/Dashboard/V3_ros.py:585:100: E501 line too long (151 &gt; 99 characters)&#10;  ./display_package/Dashboard/V3_ros.py:597:100: E501 line too long (143 &gt; 99 characters)&#10;  ./display_package/Dashboard/V3_ros.py:598:100: E501 line too long (149 &gt; 99 characters)&#10;  ./display_package/Dashboard/V3_ros.py:610:100: E501 line too long (147 &gt; 99 characters)&#10;  ./display_package/Dashboard/V3_ros.py:611:100: E501 line too long (153 &gt; 99 characters)&#10;  ./display_package/Dashboard/V3_ros.py:618:37: E231 missing whitespace after ','&#10;  ./display_package/Dashboard/V3_ros.py:618:41: E231 missing whitespace after ','&#10;  ./display_package/Dashboard/V3_ros.py:618:44: E231 missing whitespace after ','&#10;  ./display_package/Dashboard/V3_ros.py:627:37: E231 missing whitespace after ','&#10;  ./display_package/Dashboard/V3_ros.py:627:41: E231 missing whitespace after ','&#10;  ./display_package/Dashboard/V3_ros.py:627:44: E231 missing whitespace after ','&#10;  ./display_package/Dashboard/V3_ros.py:636:37: E231 missing whitespace after ','&#10;  ./display_package/Dashboard/V3_ros.py:636:41: E231 missing whitespace after ','&#10;  ./display_package/Dashboard/V3_ros.py:636:44: E231 missing whitespace after ','&#10;  ./display_package/Dashboard/V3_ros.py:658:1: W293 blank line contains whitespace&#10;  ./display_package/Dashboard/V3_ros.py:659:100: E501 line too long (110 &gt; 99 characters)&#10;  ./display_package/Dashboard/V3_ros.py:660:29: E128 continuation line under-indented for visual indent&#10;  ./display_package/Dashboard/V3_ros.py:660:100: E501 line too long (110 &gt; 99 characters)&#10;  ./display_package/Dashboard/V3_ros.py:661:29: E124 closing bracket does not match visual indentation&#10;  ./display_package/Dashboard/V3_ros.py:662:1: W293 blank line contains whitespace&#10;  ./display_package/Dashboard/V3_ros.py:663:100: E501 line too long (106 &gt; 99 characters)&#10;  ./display_package/Dashboard/V3_ros.py:664:100: E501 line too long (109 &gt; 99 characters)&#10;  ./display_package/Dashboard/V3_ros.py:665:29: E124 closing bracket does not match visual indentation&#10;  ./display_package/Dashboard/V3_ros.py:666:1: W293 blank line contains whitespace&#10;  ./display_package/Dashboard/V3_ros.py:667:100: E501 line too long (116 &gt; 99 characters)&#10;  ./display_package/Dashboard/V3_ros.py:668:100: E501 line too long (119 &gt; 99 characters)&#10;  ./display_package/Dashboard/V3_ros.py:669:29: E124 closing bracket does not match visual indentation&#10;  ./display_package/Dashboard/V3_ros.py:670:1: W293 blank line contains whitespace&#10;  ./display_package/Dashboard/V3_ros.py:671:100: E501 line too long (104 &gt; 99 characters)&#10;  ./display_package/Dashboard/V3_ros.py:672:100: E501 line too long (107 &gt; 99 characters)&#10;  ./display_package/Dashboard/V3_ros.py:674:1: W293 blank line contains whitespace&#10;  ./display_package/Dashboard/V3_ros.py:675:100: E501 line too long (106 &gt; 99 characters)&#10;  ./display_package/Dashboard/V3_ros.py:676:100: E501 line too long (109 &gt; 99 characters)&#10;  ./display_package/Dashboard/V3_ros.py:677:29: E124 closing bracket does not match visual indentation&#10;  ./display_package/Dashboard/V3_ros.py:678:1: W293 blank line contains whitespace&#10;  ./display_package/Dashboard/V3_ros.py:679:100: E501 line too long (100 &gt; 99 characters)&#10;  ./display_package/Dashboard/V3_ros.py:680:100: E501 line too long (103 &gt; 99 characters)&#10;  ./display_package/Dashboard/V3_ros.py:681:29: E124 closing bracket does not match visual indentation&#10;  ./display_package/Dashboard/V3_ros.py:689:43: E231 missing whitespace after ','&#10;  ./display_package/Dashboard/V3_ros.py:689:47: E231 missing whitespace after ','&#10;  ./display_package/Dashboard/V3_ros.py:689:51: E231 missing whitespace after ','&#10;  ./display_package/Dashboard/V3_ros.py:692:41: E231 missing whitespace after ','&#10;  ./display_package/Dashboard/V3_ros.py:692:45: E231 missing whitespace after ','&#10;  ./display_package/Dashboard/V3_ros.py:692:48: E231 missing whitespace after ','&#10;  ./display_package/Dashboard/V3_ros.py:695:41: E231 missing whitespace after ','&#10;  ./display_package/Dashboard/V3_ros.py:695:45: E231 missing whitespace after ','&#10;  ./display_package/Dashboard/V3_ros.py:695:48: E231 missing whitespace after ','&#10;  ./display_package/Dashboard/V3_ros.py:698:41: E231 missing whitespace after ','&#10;  ./display_package/Dashboard/V3_ros.py:698:45: E231 missing whitespace after ','&#10;  ./display_package/Dashboard/V3_ros.py:698:48: E231 missing whitespace after ','&#10;  ./display_package/Dashboard/V3_ros.py:701:41: E231 missing whitespace after ','&#10;  ./display_package/Dashboard/V3_ros.py:701:45: E231 missing whitespace after ','&#10;  ./display_package/Dashboard/V3_ros.py:701:48: E231 missing whitespace after ','&#10;  ./display_package/Dashboard/V3_ros.py:705:53: E231 missing whitespace after ','&#10;  ./display_package/Dashboard/V3_ros.py:705:57: E231 missing whitespace after ','&#10;  ./display_package/Dashboard/V3_ros.py:705:60: E231 missing whitespace after ','&#10;  ./display_package/Dashboard/V3_ros.py:708:51: E231 missing whitespace after ','&#10;  ./display_package/Dashboard/V3_ros.py:708:55: E231 missing whitespace after ','&#10;  ./display_package/Dashboard/V3_ros.py:708:58: E231 missing whitespace after ','&#10;  ./display_package/Dashboard/V3_ros.py:711:56: E231 missing whitespace after ','&#10;  ./display_package/Dashboard/V3_ros.py:711:60: E231 missing whitespace after ','&#10;  ./display_package/Dashboard/V3_ros.py:711:63: E231 missing whitespace after ','&#10;  ./display_package/Dashboard/V3_ros.py:714:50: E231 missing whitespace after ','&#10;  ./display_package/Dashboard/V3_ros.py:714:54: E231 missing whitespace after ','&#10;  ./display_package/Dashboard/V3_ros.py:714:57: E231 missing whitespace after ','&#10;  ./display_package/Dashboard/V3_ros.py:717:51: E231 missing whitespace after ','&#10;  ./display_package/Dashboard/V3_ros.py:717:55: E231 missing whitespace after ','&#10;  ./display_package/Dashboard/V3_ros.py:717:58: E231 missing whitespace after ','&#10;  ./display_package/Dashboard/V3_ros.py:720:48: E231 missing whitespace after ','&#10;  ./display_package/Dashboard/V3_ros.py:720:52: E231 missing whitespace after ','&#10;  ./display_package/Dashboard/V3_ros.py:720:55: E231 missing whitespace after ','&#10;  ./display_package/Dashboard/V3_ros.py:721:39: W291 trailing whitespace&#10;  ./display_package/Dashboard/V3_ros.py:725:32: W291 trailing whitespace&#10;  ./display_package/Dashboard/V3_ros.py:736:1: W293 blank line contains whitespace&#10;  ./display_package/Dashboard/V3_ros.py:747:14: W291 trailing whitespace&#10;  ./display_package/Dashboard/V3_ros.py:754:1: W293 blank line contains whitespace&#10;  ./display_package/Dashboard/V3_ros.py:772:77: W291 trailing whitespace&#10;  ./display_package/Dashboard/V3_ros.py:773:40: W291 trailing whitespace&#10;  ./display_package/Dashboard/V3_ros.py:780:9: E722 do not use bare 'except'&#10;  ./display_package/Dashboard/V3_ros.py:793:1: W293 blank line contains whitespace&#10;  ./display_package/Dashboard/V3_ros.py:794:1: W293 blank line contains whitespace&#10;  ./display_package/Dashboard/V3_ros.py:795:5: E303 too many blank lines (2)&#10;  ./display_package/Dashboard/V3_ros.py:795:5: E266 too many leading '#' for block comment&#10;  ./display_package/Dashboard/V3_ros.py:796:5: E301 expected 1 blank line, found 0&#10;  ./display_package/Dashboard/V3_ros.py:800:1: W293 blank line contains whitespace&#10;  ./display_package/Dashboard/V3_ros.py:806:61: E203 whitespace before ','&#10;  ./display_package/Dashboard/V3_ros.py:824:32: W291 trailing whitespace&#10;  ./display_package/Dashboard/V3_ros.py:851:34: W291 trailing whitespace&#10;  ./display_package/Dashboard/V3_ros.py:852:31: W291 trailing whitespace&#10;  ./display_package/Dashboard/V3_ros.py:858:38: W291 trailing whitespace&#10;  ./display_package/Dashboard/V3_ros.py:864:38: W291 trailing whitespace&#10;  ./display_package/Dashboard/V3_ros.py:865:39: W291 trailing whitespace&#10;  ./display_package/Dashboard/V3_ros.py:866:36: W291 trailing whitespace&#10;  ./display_package/Dashboard/V3_ros.py:867:33: W291 trailing whitespace&#10;  ./display_package/Dashboard/V3_ros.py:877:33: W291 trailing whitespace&#10;  ./display_package/Dashboard/V3_ros.py:878:36: W291 trailing whitespace&#10;  ./display_package/Dashboard/V3_ros.py:883:1: W293 blank line contains whitespace&#10;  ./display_package/Dashboard/V3_ros.py:924:32: W291 trailing whitespace&#10;  ./display_package/Dashboard/V3_ros.py:931:34: W291 trailing whitespace&#10;  ./display_package/Dashboard/V3_ros.py:932:31: W291 trailing whitespace&#10;  ./display_package/Dashboard/V3_ros.py:935:35: W291 trailing whitespace&#10;  ./display_package/Dashboard/V3_ros.py:941:38: W291 trailing whitespace&#10;  ./display_package/Dashboard/V3_ros.py:945:39: W291 trailing whitespace&#10;  ./display_package/Dashboard/V3_ros.py:946:36: W291 trailing whitespace&#10;  ./display_package/Dashboard/V3_ros.py:957:33: W291 trailing whitespace&#10;  ./display_package/Dashboard/V3_ros.py:958:36: W291 trailing whitespace&#10;  ./display_package/Dashboard/V3_ros.py:1004:32: W291 trailing whitespace&#10;  ./display_package/Dashboard/V3_ros.py:1011:34: W291 trailing whitespace&#10;  ./display_package/Dashboard/V3_ros.py:1012:31: W291 trailing whitespace&#10;  ./display_package/Dashboard/V3_ros.py:1013:35: W291 trailing whitespace&#10;  ./display_package/Dashboard/V3_ros.py:1021:38: W291 trailing whitespace&#10;  ./display_package/Dashboard/V3_ros.py:1025:39: W291 trailing whitespace&#10;  ./display_package/Dashboard/V3_ros.py:1026:36: W291 trailing whitespace&#10;  ./display_package/Dashboard/V3_ros.py:1027:33: W291 trailing whitespace&#10;  ./display_package/Dashboard/V3_ros.py:1037:33: W291 trailing whitespace&#10;  ./display_package/Dashboard/V3_ros.py:1042:33: W291 trailing whitespace&#10;  ./display_package/Dashboard/V3_ros.py:1046:32: W291 trailing whitespace&#10;  ./display_package/Dashboard/V3_ros.py:1093:35: W291 trailing whitespace&#10;  ./display_package/Dashboard/V3_ros.py:1095:35: W291 trailing whitespace&#10;  ./display_package/Dashboard/V3_ros.py:1098:38: W291 trailing whitespace&#10;  ./display_package/Dashboard/V3_ros.py:1101:38: W291 trailing whitespace&#10;  ./display_package/Dashboard/V3_ros.py:1105:39: W291 trailing whitespace&#10;  ./display_package/Dashboard/V3_ros.py:1106:36: W291 trailing whitespace&#10;  ./display_package/Dashboard/V3_ros.py:1107:33: W291 trailing whitespace&#10;  ./display_package/Dashboard/V3_ros.py:1117:33: W291 trailing whitespace&#10;  ./display_package/Dashboard/V3_ros.py:1118:36: W291 trailing whitespace&#10;  ./display_package/Dashboard/V3_ros.py:1169:32: W291 trailing whitespace&#10;  ./display_package/Dashboard/V3_ros.py:1171:34: W291 trailing whitespace&#10;  ./display_package/Dashboard/V3_ros.py:1172:31: W291 trailing whitespace&#10;  ./display_package/Dashboard/V3_ros.py:1173:35: W291 trailing whitespace&#10;  ./display_package/Dashboard/V3_ros.py:1178:38: W291 trailing whitespace&#10;  ./display_package/Dashboard/V3_ros.py:1181:38: W291 trailing whitespace&#10;  ./display_package/Dashboard/V3_ros.py:1185:39: W291 trailing whitespace&#10;  ./display_package/Dashboard/V3_ros.py:1186:36: W291 trailing whitespace&#10;  ./display_package/Dashboard/V3_ros.py:1187:33: W291 trailing whitespace&#10;  ./display_package/Dashboard/V3_ros.py:1197:33: W291 trailing whitespace&#10;  ./display_package/Dashboard/V3_ros.py:1202:33: W291 trailing whitespace&#10;  ./display_package/Dashboard/V3_ros.py:1205:34: W291 trailing whitespace&#10;  ./display_package/Dashboard/V3_ros.py:1206:31: W291 trailing whitespace&#10;  ./display_package/Dashboard/V3_ros.py:1207:35: W291 trailing whitespace&#10;  ./display_package/Dashboard/V3_ros.py:1209:35: W291 trailing whitespace&#10;  ./display_package/Dashboard/V3_ros.py:1216:38: W291 trailing whitespace&#10;  ./display_package/Dashboard/V3_ros.py:1218:38: W291 trailing whitespace&#10;  ./display_package/Dashboard/V3_ros.py:1258:32: W291 trailing whitespace&#10;  ./display_package/Dashboard/V3_ros.py:1265:39: W291 trailing whitespace&#10;  ./display_package/Dashboard/V3_ros.py:1266:36: W291 trailing whitespace&#10;  ./display_package/Dashboard/V3_ros.py:1267:33: W291 trailing whitespace&#10;  ./display_package/Dashboard/V3_ros.py:1277:33: W291 trailing whitespace&#10;  ./display_package/Dashboard/V3_ros.py:1278:36: W291 trailing whitespace&#10;  ./display_package/Dashboard/V3_ros.py:1283:1: W293 blank line contains whitespace&#10;  ./display_package/Dashboard/V3_ros.py:1285:39: W291 trailing whitespace&#10;  ./display_package/Dashboard/V3_ros.py:1286:36: W291 trailing whitespace&#10;  ./display_package/Dashboard/V3_ros.py:1287:33: W291 trailing whitespace&#10;  ./display_package/Dashboard/V3_ros.py:1336:32: W291 trailing whitespace&#10;  ./display_package/Dashboard/V3_ros.py:1343:34: W291 trailing whitespace&#10;  ./display_package/Dashboard/V3_ros.py:1344:31: W291 trailing whitespace&#10;  ./display_package/Dashboard/V3_ros.py:1345:35: W291 trailing whitespace&#10;  ./display_package/Dashboard/V3_ros.py:1350:38: W291 trailing whitespace&#10;  ./display_package/Dashboard/V3_ros.py:1353:38: W291 trailing whitespace&#10;  ./display_package/Dashboard/V3_ros.py:1357:33: W291 trailing whitespace&#10;  ./display_package/Dashboard/V3_ros.py:1358:36: W291 trailing whitespace&#10;  ./display_package/Dashboard/V3_ros.py:1365:33: W291 trailing whitespace&#10;  ./display_package/Dashboard/V3_ros.py:1366:36: W291 trailing whitespace&#10;  ./display_package/Dashboard/V3_ros.py:1410:32: W291 trailing whitespace&#10;  ./display_package/Dashboard/V3_ros.py:1417:34: W291 trailing whitespace&#10;  ./display_package/Dashboard/V3_ros.py:1418:31: W291 trailing whitespace&#10;  ./display_package/Dashboard/V3_ros.py:1419:35: W291 trailing whitespace&#10;  ./display_package/Dashboard/V3_ros.py:1424:38: W291 trailing whitespace&#10;  ./display_package/Dashboard/V3_ros.py:1427:38: W291 trailing whitespace&#10;  ./display_package/Dashboard/V3_ros.py:1431:39: W291 trailing whitespace&#10;  ./display_package/Dashboard/V3_ros.py:1432:36: W291 trailing whitespace&#10;  ./display_package/Dashboard/V3_ros.py:1442:33: W291 trailing whitespace&#10;  ./display_package/Dashboard/V3_ros.py:1484:32: W291 trailing whitespace&#10;  ./display_package/Dashboard/V3_ros.py:1490:34: W291 trailing whitespace&#10;  ./display_package/Dashboard/V3_ros.py:1491:31: W291 trailing whitespace&#10;  ./display_package/Dashboard/V3_ros.py:1492:35: W291 trailing whitespace&#10;  ./display_package/Dashboard/V3_ros.py:1497:38: W291 trailing whitespace&#10;  ./display_package/Dashboard/V3_ros.py:1500:38: W291 trailing whitespace&#10;  ./display_package/Dashboard/V3_ros.py:1504:39: W291 trailing whitespace&#10;  ./display_package/Dashboard/V3_ros.py:1505:36: W291 trailing whitespace&#10;  ./display_package/Dashboard/V3_ros.py:1516:33: W291 trailing whitespace&#10;  ./display_package/Dashboard/V3_ros.py:1517:36: W291 trailing whitespace&#10;  ./display_package/Dashboard/V3_ros.py:1539:27: W291 trailing whitespace&#10;  ./display_package/Dashboard/V3_ros.py:1587:9: E265 block comment should start with '# '&#10;  ./display_package/Dashboard/V3_ros.py:1587:27: W291 trailing whitespace&#10;  ./display_package/Dashboard/V3_ros.py:1591:9: E265 block comment should start with '# '&#10;  ./display_package/Dashboard/V3_ros.py:1591:25: W291 trailing whitespace&#10;  ./display_package/Dashboard/V3_ros.py:1595:9: E265 block comment should start with '# '&#10;  ./display_package/Dashboard/V3_ros.py:1595:36: W291 trailing whitespace&#10;  ./display_package/Dashboard/V3_ros.py:1599:9: E265 block comment should start with '# '&#10;  ./display_package/Dashboard/V3_ros.py:1599:24: W291 trailing whitespace&#10;  ./display_package/Dashboard/V3_ros.py:1603:9: E265 block comment should start with '# '&#10;  ./display_package/Dashboard/V3_ros.py:1603:25: W291 trailing whitespace&#10;  ./display_package/Dashboard/V3_ros.py:1607:9: E265 block comment should start with '# '&#10;  ./display_package/Dashboard/V3_ros.py:1607:22: W291 trailing whitespace&#10;  ./display_package/Dashboard/V3_ros.py:1618:9: E265 block comment should start with '# '&#10;  ./display_package/Dashboard/V3_ros.py:1621:54: W291 trailing whitespace&#10;  ./display_package/Dashboard/V3_ros.py:1622:38: W291 trailing whitespace&#10;  ./display_package/Dashboard/V3_ros.py:1629:9: E265 block comment should start with '# '&#10;  ./display_package/Dashboard/V3_ros.py:1633:39: W291 trailing whitespace&#10;  ./display_package/Dashboard/V3_ros.py:1640:9: E265 block comment should start with '# '&#10;  ./display_package/Dashboard/V3_ros.py:1643:55: W291 trailing whitespace&#10;  ./display_package/Dashboard/V3_ros.py:1644:39: W291 trailing whitespace&#10;  ./display_package/Dashboard/V3_ros.py:1651:9: E265 block comment should start with '# '&#10;  ./display_package/Dashboard/V3_ros.py:1654:55: W291 trailing whitespace&#10;  ./display_package/Dashboard/V3_ros.py:1655:39: W291 trailing whitespace&#10;  ./display_package/Dashboard/V3_ros.py:1662:9: E265 block comment should start with '# '&#10;  ./display_package/Dashboard/V3_ros.py:1662:26: W291 trailing whitespace&#10;  ./display_package/Dashboard/V3_ros.py:1663:100: E501 line too long (109 &gt; 99 characters)&#10;  ./display_package/Dashboard/V3_ros.py:1665:55: W291 trailing whitespace&#10;  ./display_package/Dashboard/V3_ros.py:1666:39: W291 trailing whitespace&#10;  ./display_package/Dashboard/V3_ros.py:1667:79: E225 missing whitespace around operator&#10;  ./display_package/Dashboard/V3_ros.py:1669:61: E225 missing whitespace around operator&#10;  ./display_package/Dashboard/V3_ros.py:1673:9: E265 block comment should start with '# '&#10;  ./display_package/Dashboard/V3_ros.py:1673:26: W291 trailing whitespace&#10;  ./display_package/Dashboard/V3_ros.py:1674:100: E501 line too long (109 &gt; 99 characters)&#10;  ./display_package/Dashboard/V3_ros.py:1676:55: W291 trailing whitespace&#10;  ./display_package/Dashboard/V3_ros.py:1677:39: W291 trailing whitespace&#10;  ./display_package/Dashboard/V3_ros.py:1678:79: E225 missing whitespace around operator&#10;  ./display_package/Dashboard/V3_ros.py:1680:61: E225 missing whitespace around operator&#10;  ./display_package/Dashboard/V3_ros.py:1684:9: E265 block comment should start with '# '&#10;  ./display_package/Dashboard/V3_ros.py:1685:100: E501 line too long (113 &gt; 99 characters)&#10;  ./display_package/Dashboard/V3_ros.py:1687:100: E501 line too long (104 &gt; 99 characters)&#10;  ./display_package/Dashboard/V3_ros.py:1695:9: E265 block comment should start with '# '&#10;  ./display_package/Dashboard/V3_ros.py:1696:100: E501 line too long (113 &gt; 99 characters)&#10;  ./display_package/Dashboard/V3_ros.py:1698:100: E501 line too long (104 &gt; 99 characters)&#10;  ./display_package/Dashboard/V3_ros.py:1706:9: E265 block comment should start with '# '&#10;  ./display_package/Dashboard/V3_ros.py:1706:28: W291 trailing whitespace&#10;  ./display_package/Dashboard/V3_ros.py:1707:100: E501 line too long (111 &gt; 99 characters)&#10;  ./display_package/Dashboard/V3_ros.py:1709:100: E501 line too long (102 &gt; 99 characters)&#10;  ./display_package/Dashboard/V3_ros.py:1711:84: E225 missing whitespace around operator&#10;  ./display_package/Dashboard/V3_ros.py:1713:64: E225 missing whitespace around operator&#10;  ./display_package/Dashboard/V3_ros.py:1717:9: E265 block comment should start with '# '&#10;  ./display_package/Dashboard/V3_ros.py:1717:28: W291 trailing whitespace&#10;  ./display_package/Dashboard/V3_ros.py:1718:100: E501 line too long (111 &gt; 99 characters)&#10;  ./display_package/Dashboard/V3_ros.py:1720:100: E501 line too long (102 &gt; 99 characters)&#10;  ./display_package/Dashboard/V3_ros.py:1722:84: E225 missing whitespace around operator&#10;  ./display_package/Dashboard/V3_ros.py:1724:64: E225 missing whitespace around operator&#10;  ./display_package/Dashboard/V3_ros.py:1728:9: E265 block comment should start with '# '&#10;  ./display_package/Dashboard/V3_ros.py:1729:100: E501 line too long (115 &gt; 99 characters)&#10;  ./display_package/Dashboard/V3_ros.py:1731:100: E501 line too long (103 &gt; 99 characters)&#10;  ./display_package/Dashboard/V3_ros.py:1739:9: E265 block comment should start with '# '&#10;  ./display_package/Dashboard/V3_ros.py:1741:100: E501 line too long (111 &gt; 99 characters)&#10;  ./display_package/Dashboard/V3_ros.py:1745:75: E225 missing whitespace around operator&#10;  ./display_package/Dashboard/V3_ros.py:1752:13: E117 over-indented&#10;  ./display_package/Dashboard/V3_ros.py:1758:100: E501 line too long (105 &gt; 99 characters)&#10;  ./display_package/Dashboard/V3_ros.py:1765:28: E231 missing whitespace after ','&#10;  ./display_package/Dashboard/V3_ros.py:1781:1: W293 blank line contains whitespace&#10;  ./display_package/Dashboard/V3_ros.py:1786:1: W293 blank line contains whitespace&#10;  ./display_package/Dashboard/V3_ros.py:1852:1: W293 blank line contains whitespace&#10;  ./display_package/Dashboard/V3_ros.py:1862:1: W293 blank line contains whitespace&#10;  ./display_package/Dashboard/V3_ros.py:1874:100: E501 line too long (113 &gt; 99 characters)&#10;  ./display_package/Dashboard/coordinatesV3.py:46:1: E302 expected 2 blank lines, found 1&#10;  ./display_package/Dashboard/coordinatesV3.py:61:1: E302 expected 2 blank lines, found 1&#10;  ./display_package/Dashboard/coordinatesV3.py:68:1: E302 expected 2 blank lines, found 1&#10;  ./display_package/Dashboard/coordinatesV3.py:72:1: E305 expected 2 blank lines after class or function definition, found 1&#10;  ./display_package/Dashboard/coordinatesV3.py:78:1: W391 blank line at end of file&#10;  ./display_package/Dashboard/ex.py:9:1: W293 blank line contains whitespace&#10;  ./display_package/Dashboard/ex.py:10:1: W293 blank line contains whitespace&#10;  ./display_package/Dashboard/ex.py:11:100: E501 line too long (101 &gt; 99 characters)&#10;  ./display_package/Dashboard/ex.py:13:100: E501 line too long (159 &gt; 99 characters)&#10;  ./display_package/Dashboard/ex.py:19:100: E501 line too long (144 &gt; 99 characters)&#10;  ./display_package/Dashboard/ex.py:20:100: E501 line too long (150 &gt; 99 characters)&#10;  ./display_package/Dashboard/ex.py:38:100: E501 line too long (105 &gt; 99 characters)&#10;  ./display_package/Dashboard/ex.py:48:100: E501 line too long (157 &gt; 99 characters)&#10;  ./display_package/Dashboard/ex.py:54:100: E501 line too long (142 &gt; 99 characters)&#10;  ./display_package/Dashboard/ex.py:55:100: E501 line too long (148 &gt; 99 characters)&#10;  ./display_package/Dashboard/ex.py:62:36: E231 missing whitespace after ','&#10;  ./display_package/Dashboard/ex.py:62:40: E231 missing whitespace after ','&#10;  ./display_package/Dashboard/ex.py:62:44: E231 missing whitespace after ','&#10;  ./display_package/Dashboard/ex.py:75:100: E501 line too long (100 &gt; 99 characters)&#10;  ./display_package/Dashboard/ex.py:80:100: E501 line too long (100 &gt; 99 characters)&#10;  ./display_package/Dashboard/ex.py:88:100: E501 line too long (100 &gt; 99 characters)&#10;  ./display_package/Dashboard/ex.py:107:100: E501 line too long (169 &gt; 99 characters)&#10;  ./display_package/Dashboard/ex.py:111:100: E501 line too long (163 &gt; 99 characters)&#10;  ./display_package/Dashboard/ex.py:114:5: E301 expected 1 blank line, found 0&#10;  ./display_package/Dashboard/ex.py:121:1: W293 blank line contains whitespace&#10;  ./display_package/Dashboard/ex.py:124:1: E303 too many blank lines (4)&#10;  ./display_package/Dashboard/ros_test.py:23:1: E302 expected 2 blank lines, found 1&#10;  ./display_package/Dashboard/ros_test.py:40:58: E203 whitespace before ','&#10;  ./display_package/Dashboard/ros_test.py:69:73: W291 trailing whitespace&#10;  ./display_package/Dashboard/ros_test.py:70:36: W291 trailing whitespace&#10;  ./display_package/Dashboard/ros_test.py:71:1: W293 blank line contains whitespace&#10;  ./display_package/Dashboard/ros_test.py:82:1: W293 blank line contains whitespace&#10;  ./display_package/Dashboard/ros_test.py:85:1: W293 blank line contains whitespace&#10;  ./display_package/Dashboard/ros_test.py:87:1: W293 blank line contains whitespace&#10;  ./display_package/Dashboard/ros_test.py:88:9: E722 do not use bare 'except'&#10;  ./display_package/Dashboard/ros_test.py:88:9: E303 too many blank lines (3)&#10;  ./display_package/Dashboard/ros_test.py:101:5: E266 too many leading '#' for block comment&#10;  ./display_package/Dashboard/ros_test.py:107:100: E501 line too long (105 &gt; 99 characters)&#10;  ./display_package/Dashboard/ros_test.py:122:58: E203 whitespace before ','&#10;  ./display_package/Dashboard/ros_test.py:126:1: E302 expected 2 blank lines, found 1&#10;  ./display_package/Dashboard/ros_test.py:137:100: E501 line too long (113 &gt; 99 characters)&#10;  ./display_package/Dashboard/ros_test.py:146:1: E305 expected 2 blank lines after class or function definition, found 1&#10;  ./display_package/Dashboard/ros_test.py:150:26: W292 no newline at end of file&#10;  ./display_package/Dashboard/V3.py:10:1: E303 too many blank lines (3)&#10;  ./display_package/Dashboard/V3.py:25:57: E203 whitespace before ','&#10;  ./display_package/Dashboard/V3.py:31:100: E501 line too long (102 &gt; 99 characters)&#10;  ./display_package/Dashboard/V3.py:32:41: E127 continuation line over-indented for visual indent&#10;  ./display_package/Dashboard/V3.py:38:37: E231 missing whitespace after ','&#10;  ./display_package/Dashboard/V3.py:39:100: E501 line too long (126 &gt; 99 characters)&#10;  ./display_package/Dashboard/V3.py:40:28: W291 trailing whitespace&#10;  ./display_package/Dashboard/V3.py:46:41: E127 continuation line over-indented for visual indent&#10;  ./display_package/Dashboard/V3.py:52:44: E203 whitespace before ','&#10;  ./display_package/Dashboard/V3.py:53:100: E501 line too long (128 &gt; 99 characters)&#10;  ./display_package/Dashboard/V3.py:57:42: E231 missing whitespace after ','&#10;  ./display_package/Dashboard/V3.py:57:45: E231 missing whitespace after ','&#10;  ./display_package/Dashboard/V3.py:57:49: E231 missing whitespace after ','&#10;  ./display_package/Dashboard/V3.py:60:41: E127 continuation line over-indented for visual indent&#10;  ./display_package/Dashboard/V3.py:66:39: E231 missing whitespace after ','&#10;  ./display_package/Dashboard/V3.py:67:100: E501 line too long (128 &gt; 99 characters)&#10;  ./display_package/Dashboard/V3.py:74:41: E127 continuation line over-indented for visual indent&#10;  ./display_package/Dashboard/V3.py:80:39: E231 missing whitespace after ','&#10;  ./display_package/Dashboard/V3.py:81:100: E501 line too long (128 &gt; 99 characters)&#10;  ./display_package/Dashboard/V3.py:87:100: E501 line too long (101 &gt; 99 characters)&#10;  ./display_package/Dashboard/V3.py:88:41: E127 continuation line over-indented for visual indent&#10;  ./display_package/Dashboard/V3.py:94:42: E231 missing whitespace after ','&#10;  ./display_package/Dashboard/V3.py:95:100: E501 line too long (131 &gt; 99 characters)&#10;  ./display_package/Dashboard/V3.py:101:100: E501 line too long (105 &gt; 99 characters)&#10;  ./display_package/Dashboard/V3.py:102:41: E128 continuation line under-indented for visual indent&#10;  ./display_package/Dashboard/V3.py:103:41: E128 continuation line under-indented for visual indent&#10;  ./display_package/Dashboard/V3.py:108:46: E231 missing whitespace after ','&#10;  ./display_package/Dashboard/V3.py:109:100: E501 line too long (135 &gt; 99 characters)&#10;  ./display_package/Dashboard/V3.py:113:46: E231 missing whitespace after ','&#10;  ./display_package/Dashboard/V3.py:119:100: E501 line too long (109 &gt; 99 characters)&#10;  ./display_package/Dashboard/V3.py:120:41: E128 continuation line under-indented for visual indent&#10;  ./display_package/Dashboard/V3.py:121:41: E128 continuation line under-indented for visual indent&#10;  ./display_package/Dashboard/V3.py:126:50: E231 missing whitespace after ','&#10;  ./display_package/Dashboard/V3.py:127:100: E501 line too long (139 &gt; 99 characters)&#10;  ./display_package/Dashboard/V3.py:131:50: E231 missing whitespace after ','&#10;  ./display_package/Dashboard/V3.py:137:100: E501 line too long (107 &gt; 99 characters)&#10;  ./display_package/Dashboard/V3.py:138:41: E128 continuation line under-indented for visual indent&#10;  ./display_package/Dashboard/V3.py:139:41: E128 continuation line under-indented for visual indent&#10;  ./display_package/Dashboard/V3.py:144:48: E231 missing whitespace after ','&#10;  ./display_package/Dashboard/V3.py:145:100: E501 line too long (137 &gt; 99 characters)&#10;  ./display_package/Dashboard/V3.py:149:48: E231 missing whitespace after ','&#10;  ./display_package/Dashboard/V3.py:155:100: E501 line too long (102 &gt; 99 characters)&#10;  ./display_package/Dashboard/V3.py:156:41:
[...]
E     ./display_package/Dashboard/V3.py:731:33: W291 trailing whitespace
E     ./display_package/Dashboard/V3.py:732:36: W291 trailing whitespace
E     ./display_package/Dashboard/V3.py:737:1: W293 blank line contains whitespace
E     ./display_package/Dashboard/V3.py:769:32: W291 trailing whitespace
E     ./display_package/Dashboard/V3.py:776:34: W291 trailing whitespace
E     ./display_package/Dashboard/V3.py:777:31: W291 trailing whitespace
E     ./display_package/Dashboard/V3.py:780:35: W291 trailing whitespace
E     ./display_package/Dashboard/V3.py:786:38: W291 trailing whitespace
E     ./display_package/Dashboard/V3.py:790:39: W291 trailing whitespace
E     ./display_package/Dashboard/V3.py:791:36: W291 trailing whitespace
E     ./display_package/Dashboard/V3.py:802:33: W291 trailing whitespace
E     ./display_package/Dashboard/V3.py:803:36: W291 trailing whitespace
E     ./display_package/Dashboard/V3.py:840:32: W291 trailing whitespace
E     ./display_package/Dashboard/V3.py:847:34: W291 trailing whitespace
E     ./display_package/Dashboard/V3.py:848:31: W291 trailing whitespace
E     ./display_package/Dashboard/V3.py:849:35: W291 trailing whitespace
E     ./display_package/Dashboard/V3.py:857:38: W291 trailing whitespace
E     ./display_package/Dashboard/V3.py:861:39: W291 trailing whitespace
E     ./display_package/Dashboard/V3.py:862:36: W291 trailing whitespace
E     ./display_package/Dashboard/V3.py:863:33: W291 trailing whitespace
E     ./display_package/Dashboard/V3.py:873:33: W291 trailing whitespace
E     ./display_package/Dashboard/V3.py:878:33: W291 trailing whitespace
E     ./display_package/Dashboard/V3.py:882:32: W291 trailing whitespace
E     ./display_package/Dashboard/V3.py:920:35: W291 trailing whitespace
E     ./display_package/Dashboard/V3.py:922:35: W291 trailing whitespace
E     ./display_package/Dashboard/V3.py:925:38: W291 trailing whitespace
E     ./display_package/Dashboard/V3.py:928:38: W291 trailing whitespace
E     ./display_package/Dashboard/V3.py:932:39: W291 trailing whitespace
E     ./display_package/Dashboard/V3.py:933:36: W291 trailing whitespace
E     ./display_package/Dashboard/V3.py:934:33: W291 trailing whitespace
E     ./display_package/Dashboard/V3.py:944:33: W291 trailing whitespace
E     ./display_package/Dashboard/V3.py:945:36: W291 trailing whitespace
E     ./display_package/Dashboard/V3.py:987:32: W291 trailing whitespace
E     ./display_package/Dashboard/V3.py:989:34: W291 trailing whitespace
E     ./display_package/Dashboard/V3.py:990:31: W291 trailing whitespace
E     ./display_package/Dashboard/V3.py:991:35: W291 trailing whitespace
E     ./display_package/Dashboard/V3.py:996:38: W291 trailing whitespace
E     ./display_package/Dashboard/V3.py:999:38: W291 trailing whitespace
E     ./display_package/Dashboard/V3.py:1003:39: W291 trailing whitespace
E     ./display_package/Dashboard/V3.py:1004:36: W291 trailing whitespace
E     ./display_package/Dashboard/V3.py:1005:33: W291 trailing whitespace
E     ./display_package/Dashboard/V3.py:1015:33: W291 trailing whitespace
E     ./display_package/Dashboard/V3.py:1020:33: W291 trailing whitespace
E     ./display_package/Dashboard/V3.py:1023:34: W291 trailing whitespace
E     ./display_package/Dashboard/V3.py:1024:31: W291 trailing whitespace
E     ./display_package/Dashboard/V3.py:1025:35: W291 trailing whitespace
E     ./display_package/Dashboard/V3.py:1027:35: W291 trailing whitespace
E     ./display_package/Dashboard/V3.py:1034:38: W291 trailing whitespace
E     ./display_package/Dashboard/V3.py:1036:38: W291 trailing whitespace
E     ./display_package/Dashboard/V3.py:1067:32: W291 trailing whitespace
E     ./display_package/Dashboard/V3.py:1074:39: W291 trailing whitespace
E     ./display_package/Dashboard/V3.py:1075:36: W291 trailing whitespace
E     ./display_package/Dashboard/V3.py:1076:33: W291 trailing whitespace
E     ./display_package/Dashboard/V3.py:1086:33: W291 trailing whitespace
E     ./display_package/Dashboard/V3.py:1087:36: W291 trailing whitespace
E     ./display_package/Dashboard/V3.py:1092:1: W293 blank line contains whitespace
E     ./display_package/Dashboard/V3.py:1094:39: W291 trailing whitespace
E     ./display_package/Dashboard/V3.py:1095:36: W291 trailing whitespace
E     ./display_package/Dashboard/V3.py:1096:33: W291 trailing whitespace
E     ./display_package/Dashboard/V3.py:1136:32: W291 trailing whitespace
E     ./display_package/Dashboard/V3.py:1143:34: W291 trailing whitespace
E     ./display_package/Dashboard/V3.py:1144:31: W291 trailing whitespace
E     ./display_package/Dashboard/V3.py:1145:35: W291 trailing whitespace
E     ./display_package/Dashboard/V3.py:1150:38: W291 trailing whitespace
E     ./display_package/Dashboard/V3.py:1153:38: W291 trailing whitespace
E     ./display_package/Dashboard/V3.py:1157:33: W291 trailing whitespace
E     ./display_package/Dashboard/V3.py:1158:36: W291 trailing whitespace
E     ./display_package/Dashboard/V3.py:1165:33: W291 trailing whitespace
E     ./display_package/Dashboard/V3.py:1166:36: W291 trailing whitespace
E     ./display_package/Dashboard/V3.py:1201:32: W291 trailing whitespace
E     ./display_package/Dashboard/V3.py:1208:34: W291 trailing whitespace
E     ./display_package/Dashboard/V3.py:1209:31: W291 trailing whitespace
E     ./display_package/Dashboard/V3.py:1210:35: W291 trailing whitespace
E     ./display_package/Dashboard/V3.py:1215:38: W291 trailing whitespace
E     ./display_package/Dashboard/V3.py:1218:38: W291 trailing whitespace
E     ./display_package/Dashboard/V3.py:1222:39: W291 trailing whitespace
E     ./display_package/Dashboard/V3.py:1223:36: W291 trailing whitespace
E     ./display_package/Dashboard/V3.py:1233:33: W291 trailing whitespace
E     ./display_package/Dashboard/V3.py:1266:32: W291 trailing whitespace
E     ./display_package/Dashboard/V3.py:1272:34: W291 trailing whitespace
E     ./display_package/Dashboard/V3.py:1273:31: W291 trailing whitespace
E     ./display_package/Dashboard/V3.py:1274:35: W291 trailing whitespace
E     ./display_package/Dashboard/V3.py:1279:38: W291 trailing whitespace
E     ./display_package/Dashboard/V3.py:1282:38: W291 trailing whitespace
E     ./display_package/Dashboard/V3.py:1286:39: W291 trailing whitespace
E     ./display_package/Dashboard/V3.py:1287:36: W291 trailing whitespace
E     ./display_package/Dashboard/V3.py:1298:33: W291 trailing whitespace
E     ./display_package/Dashboard/V3.py:1299:36: W291 trailing whitespace
E     ./display_package/Dashboard/V3.py:1321:27: W291 trailing whitespace
E     ./display_package/Dashboard/V3.py:1339:9: E265 block comment should start with '# '
E     ./display_package/Dashboard/V3.py:1342:54: W291 trailing whitespace
E     ./display_package/Dashboard/V3.py:1343:38: W291 trailing whitespace
E     ./display_package/Dashboard/V3.py:1350:9: E265 block comment should start with '# '
E     ./display_package/Dashboard/V3.py:1354:39: W291 trailing whitespace
E     ./display_package/Dashboard/V3.py:1361:9: E265 block comment should start with '# '
E     ./display_package/Dashboard/V3.py:1364:55: W291 trailing whitespace
E     ./display_package/Dashboard/V3.py:1365:39: W291 trailing whitespace
E     ./display_package/Dashboard/V3.py:1372:9: E265 block comment should start with '# '
E     ./display_package/Dashboard/V3.py:1375:55: W291 trailing whitespace
E     ./display_package/Dashboard/V3.py:1376:39: W291 trailing whitespace
E     ./display_package/Dashboard/V3.py:1383:9: E265 block comment should start with '# '
E     ./display_package/Dashboard/V3.py:1383:26: W291 trailing whitespace
E     ./display_package/Dashboard/V3.py:1384:100: E501 line too long (109 &gt; 99 characters)
E     ./display_package/Dashboard/V3.py:1386:55: W291 trailing whitespace
E     ./display_package/Dashboard/V3.py:1387:39: W291 trailing whitespace
E     ./display_package/Dashboard/V3.py:1388:90: E225 missing whitespace around operator
E     ./display_package/Dashboard/V3.py:1390:72: E225 missing whitespace around operator
E     ./display_package/Dashboard/V3.py:1394:9: E265 block comment should start with '# '
E     ./display_package/Dashboard/V3.py:1395:100: E501 line too long (113 &gt; 99 characters)
E     ./display_package/Dashboard/V3.py:1397:100: E501 line too long (104 &gt; 99 characters)
E     ./display_package/Dashboard/V3.py:1399:100: E501 line too long (102 &gt; 99 characters)
E     ./display_package/Dashboard/V3.py:1405:9: E265 block comment should start with '# '
E     ./display_package/Dashboard/V3.py:1405:28: W291 trailing whitespace
E     ./display_package/Dashboard/V3.py:1406:100: E501 line too long (111 &gt; 99 characters)
E     ./display_package/Dashboard/V3.py:1408:100: E501 line too long (102 &gt; 99 characters)
E     ./display_package/Dashboard/V3.py:1410:92: E225 missing whitespace around operator
E     ./display_package/Dashboard/V3.py:1410:100: E501 line too long (100 &gt; 99 characters)
E     ./display_package/Dashboard/V3.py:1412:72: E225 missing whitespace around operator
E     ./display_package/Dashboard/V3.py:1416:9: E265 block comment should start with '# '
E     ./display_package/Dashboard/V3.py:1417:100: E501 line too long (115 &gt; 99 characters)
E     ./display_package/Dashboard/V3.py:1419:100: E501 line too long (103 &gt; 99 characters)
E     ./display_package/Dashboard/V3.py:1427:9: E265 block comment should start with '# '
E     ./display_package/Dashboard/V3.py:1429:100: E501 line too long (111 &gt; 99 characters)
E     ./display_package/Dashboard/V3.py:1433:75: E225 missing whitespace around operator
E     ./display_package/Dashboard/V3.py:1440:13: E117 over-indented
E     ./display_package/Dashboard/V3.py:1446:100: E501 line too long (105 &gt; 99 characters)
E     ./display_package/Dashboard/V3.py:1453:28: E231 missing whitespace after ','
E     ./display_package/Dashboard/V3.py:1469:1: W293 blank line contains whitespace
E     ./display_package/Dashboard/V3.py:1474:1: W293 blank line contains whitespace
E     ./display_package/Dashboard/V3.py:1540:1: W293 blank line contains whitespace
E     ./display_package/Dashboard/V3.py:1550:1: W293 blank line contains whitespace
E     ./display_package/Dashboard/V3.py:1562:100: E501 line too long (113 &gt; 99 characters)
E     ./display_package/Dashboard/map.py:6:1: E302 expected 2 blank lines, found 1
E     ./display_package/Dashboard/map.py:10:100: E501 line too long (151 &gt; 99 characters)
E     ./display_package/Dashboard/map.py:14:1: E305 expected 2 blank lines after class or function definition, found 1
E     ./display_package/Dashboard/map.py:17:12: W292 no newline at end of file
E     ./display_package/Dashboard/V1.py:3:1: F401 'PyQt5.QtWidgets.QVBoxLayout' imported but unused
E     ./display_package/Dashboard/V1.py:3:1: F401 'PyQt5.QtWidgets.QStackedWidget' imported but unused
E     ./display_package/Dashboard/V1.py:3:100: E501 line too long (112 &gt; 99 characters)
E     ./display_package/Dashboard/V1.py:8:1: E302 expected 2 blank lines, found 1
E     ./display_package/Dashboard/V1.py:28:100: E501 line too long (102 &gt; 99 characters)
E     ./display_package/Dashboard/V1.py:29:41: E127 continuation line over-indented for visual indent
E     ./display_package/Dashboard/V1.py:37:41: E127 continuation line over-indented for visual indent
E     ./display_package/Dashboard/V1.py:43:44: E203 whitespace before ','
E     ./display_package/Dashboard/V1.py:44:100: E501 line too long (128 &gt; 99 characters)
E     ./display_package/Dashboard/V1.py:48:42: E231 missing whitespace after ','
E     ./display_package/Dashboard/V1.py:48:45: E231 missing whitespace after ','
E     ./display_package/Dashboard/V1.py:48:49: E231 missing whitespace after ','
E     ./display_package/Dashboard/V1.py:51:41: E127 continuation line over-indented for visual indent
E     ./display_package/Dashboard/V1.py:57:39: E231 missing whitespace after ','
E     ./display_package/Dashboard/V1.py:58:100: E501 line too long (128 &gt; 99 characters)
E     ./display_package/Dashboard/V1.py:62:9: E303 too many blank lines (2)
E     ./display_package/Dashboard/V1.py:66:41: E127 continuation line over-indented for visual indent
E     ./display_package/Dashboard/V1.py:72:39: E231 missing whitespace after ','
E     ./display_package/Dashboard/V1.py:73:100: E501 line too long (128 &gt; 99 characters)
E     ./display_package/Dashboard/V1.py:79:100: E501 line too long (101 &gt; 99 characters)
E     ./display_package/Dashboard/V1.py:80:41: E127 continuation line over-indented for visual indent
E     ./display_package/Dashboard/V1.py:86:42: E231 missing whitespace after ','
E     ./display_package/Dashboard/V1.py:87:100: E501 line too long (131 &gt; 99 characters)
E     ./display_package/Dashboard/V1.py:93:100: E501 line too long (105 &gt; 99 characters)
E     ./display_package/Dashboard/V1.py:94:41: E128 continuation line under-indented for visual indent
E     ./display_package/Dashboard/V1.py:95:41: E128 continuation line under-indented for visual indent
E     ./display_package/Dashboard/V1.py:100:46: E231 missing whitespace after ','
E     ./display_package/Dashboard/V1.py:101:100: E501 line too long (135 &gt; 99 characters)
E     ./display_package/Dashboard/V1.py:105:46: E231 missing whitespace after ','
E     ./display_package/Dashboard/V1.py:106:100: E501 line too long (143 &gt; 99 characters)
E     ./display_package/Dashboard/V1.py:112:100: E501 line too long (109 &gt; 99 characters)
E     ./display_package/Dashboard/V1.py:113:41: E128 continuation line under-indented for visual indent
E     ./display_package/Dashboard/V1.py:114:41: E128 continuation line under-indented for visual indent
E     ./display_package/Dashboard/V1.py:119:50: E231 missing whitespace after ','
E     ./display_package/Dashboard/V1.py:120:100: E501 line too long (139 &gt; 99 characters)
E     ./display_package/Dashboard/V1.py:124:50: E231 missing whitespace after ','
E     ./display_package/Dashboard/V1.py:125:100: E501 line too long (147 &gt; 99 characters)
E     ./display_package/Dashboard/V1.py:131:100: E501 line too long (107 &gt; 99 characters)
E     ./display_package/Dashboard/V1.py:132:41: E128 continuation line under-indented for visual indent
E     ./display_package/Dashboard/V1.py:133:41: E128 continuation line under-indented for visual indent
E     ./display_package/Dashboard/V1.py:138:48: E231 missing whitespace after ','
E     ./display_package/Dashboard/V1.py:139:100: E501 line too long (137 &gt; 99 characters)
E     ./display_package/Dashboard/V1.py:143:48: E231 missing whitespace after ','
E     ./display_package/Dashboard/V1.py:144:100: E501 line too long (145 &gt; 99 characters)
E     ./display_package/Dashboard/V1.py:150:100: E501 line too long (102 &gt; 99 characters)
E     ./display_package/Dashboard/V1.py:151:41: E127 continuation line over-indented for visual indent
E     ./display_package/Dashboard/V1.py:156:39: E203 whitespace before ','
E     ./display_package/Dashboard/V1.py:157:100: E501 line too long (170 &gt; 99 characters)
E     ./display_package/Dashboard/V1.py:161:100: E501 line too long (169 &gt; 99 characters)
E     ./display_package/Dashboard/V1.py:165:100: E501 line too long (169 &gt; 99 characters)
E     ./display_package/Dashboard/V1.py:166:1: W293 blank line contains whitespace
E     ./display_package/Dashboard/V1.py:168:100: E501 line too long (104 &gt; 99 characters)
E     ./display_package/Dashboard/V1.py:169:100: E501 line too long (101 &gt; 99 characters)
E     ./display_package/Dashboard/V1.py:170:100: E501 line too long (102 &gt; 99 characters)
E     ./display_package/Dashboard/V1.py:202:100: E501 line too long (101 &gt; 99 characters)
E     ./display_package/Dashboard/V1.py:203:13: E128 continuation line under-indented for visual indent
E     ./display_package/Dashboard/V1.py:203:100: E501 line too long (127 &gt; 99 characters)
E     ./display_package/Dashboard/V1.py:204:13: E128 continuation line under-indented for visual indent
E     ./display_package/Dashboard/V1.py:205:13: E128 continuation line under-indented for visual indent
E     ./display_package/Dashboard/V1.py:206:13: E128 continuation line under-indented for visual indent
E     ./display_package/Dashboard/V1.py:207:13: E128 continuation line under-indented for visual indent
E     ./display_package/Dashboard/V1.py:208:9: E124 closing bracket does not match visual indentation
E     ./display_package/Dashboard/V1.py:217:58: E203 whitespace before ','
E     ./display_package/Dashboard/V1.py:221:43: E231 missing whitespace after ','
E     ./display_package/Dashboard/V1.py:221:47: E231 missing whitespace after ','
E     ./display_package/Dashboard/V1.py:221:51: E231 missing whitespace after ','
E     ./display_package/Dashboard/V1.py:224:41: E231 missing whitespace after ','
E     ./display_package/Dashboard/V1.py:224:45: E231 missing whitespace after ','
E     ./display_package/Dashboard/V1.py:224:48: E231 missing whitespace after ','
E     ./display_package/Dashboard/V1.py:227:41: E231 missing whitespace after ','
E     ./display_package/Dashboard/V1.py:227:45: E231 missing whitespace after ','
E     ./display_package/Dashboard/V1.py:227:48: E231 missing whitespace after ','
E     ./display_package/Dashboard/V1.py:230:41: E231 missing whitespace after ','
E     ./display_package/Dashboard/V1.py:230:45: E231 missing whitespace after ','
E     ./display_package/Dashboard/V1.py:230:48: E231 missing whitespace after ','
E     ./display_package/Dashboard/V1.py:233:41: E231 missing whitespace after ','
E     ./display_package/Dashboard/V1.py:233:45: E231 missing whitespace after ','
E     ./display_package/Dashboard/V1.py:233:48: E231 missing whitespace after ','
E     ./display_package/Dashboard/V1.py:237:9: E303 too many blank lines (2)
E     ./display_package/Dashboard/V1.py:239:31: W291 trailing whitespace
E     ./display_package/Dashboard/V1.py:251:62: E203 whitespace before ','
E     ./display_package/Dashboard/V1.py:277:1: W293 blank line contains whitespace
E     ./display_package/Dashboard/V1.py:307:1: W293 blank line contains whitespace
E     ./display_package/Dashboard/V1.py:309:9: E303 too many blank lines (2)
E     ./display_package/Dashboard/V1.py:338:1: W293 blank line contains whitespace
E     ./display_package/Dashboard/V1.py:340:9: E303 too many blank lines (2)
E     ./display_package/Dashboard/V1.py:371:5: E303 too many blank lines (2)
E     ./display_package/Dashboard/V1.py:376:26: E225 missing whitespace around operator
E     ./display_package/Dashboard/V1.py:379:27: W291 trailing whitespace
E     ./display_package/Dashboard/V1.py:389:20: W291 trailing whitespace
E     ./display_package/Dashboard/V1.py:413:22: W291 trailing whitespace
E     ./display_package/Dashboard/V1.py:417:56: W291 trailing whitespace
E     ./display_package/Dashboard/V1.py:423:1: W293 blank line contains whitespace
E     ./display_package/Dashboard/V1.py:429:5: E303 too many blank lines (2)
E     ./display_package/Dashboard/V1.py:430:13: E117 over-indented
E     ./display_package/Dashboard/V1.py:436:100: E501 line too long (105 &gt; 99 characters)
E     ./display_package/Dashboard/V1.py:451:58: E203 whitespace before ','
E     ./display_package/Dashboard/V1.py:455:1: W293 blank line contains whitespace
E     ./display_package/Dashboard/V1.py:456:1: W293 blank line contains whitespace
E     ./display_package/Dashboard/V1.py:458:5: E303 too many blank lines (4)
E     ./display_package/Dashboard/V1.py:462:1: W293 blank line contains whitespace
E     ./display_package/Dashboard/V1.py:464:5: E303 too many blank lines (2)
E     ./display_package/Dashboard/V1.py:468:1: W293 blank line contains whitespace
E     ./display_package/Dashboard/V1.py:474:1: E302 expected 2 blank lines, found 1
E     ./display_package/Dashboard/V1.py:485:100: E501 line too long (113 &gt; 99 characters)
E   assert 1 == 0</failure></testcase><testcase classname="display_package.test.test_pep257" name="test_pep257" time="0.393" /></testsuite></testsuites>