<?xml version="1.0" encoding="utf-8"?><testsuites><testsuite name="pytest" errors="0" failures="1" skipped="1" tests="3" time="0.280" timestamp="2023-08-06T14:46:06.869425" hostname="zephyrus-g15"><testcase classname="battery_package.test.test_copyright" name="test_copyright" time="0.000"><skipped type="pytest.skip" message="No copyright header has been placed in the generated source file.">/home/jaay/Agnirath/Agnirath_LVS_Strategy/aarush_ros/src/battery_package/test/test_copyright.py:20: No copyright header has been placed in the generated source file.</skipped></testcase><testcase classname="battery_package.test.test_flake8" name="test_flake8" time="0.167"><failure message="AssertionError: Found 195 code style errors / warnings:&#10;  ./battery_package/battery_node.py:6:1: E302 expected 2 blank lines, found 1&#10;  ./battery_package/battery_node.py:75:5: F841 local variable 'cmu_1_cell_temp_timer' is assigned to but never used&#10;  ./battery_package/battery_node.py:76:5: F841 local variable 'cmu_1_cell_0_voltage_timer' is assigned to but never used&#10;  ./battery_package/battery_node.py:77:5: F841 local variable 'cmu_1_cell_1_voltage_timer' is assigned to but never used&#10;  ./battery_package/battery_node.py:78:5: F841 local variable 'cmu_1_cell_2_voltage_timer' is assigned to but never used&#10;  ./battery_package/battery_node.py:79:5: F841 local variable 'cmu_1_cell_3_voltage_timer' is assigned to but never used&#10;  ./battery_package/battery_node.py:80:5: F841 local variable 'cmu_1_cell_4_voltage_timer' is assigned to but never used&#10;  ./battery_package/battery_node.py:81:5: F841 local variable 'cmu_1_cell_5_voltage_timer' is assigned to but never used&#10;  ./battery_package/battery_node.py:82:5: F841 local variable 'cmu_1_cell_6_voltage_timer' is assigned to but never used&#10;  ./battery_package/battery_node.py:83:5: F841 local variable 'cmu_1_cell_7_voltage_timer' is assigned to but never used&#10;  ./battery_package/battery_node.py:86:5: F841 local variable 'cmu_2_cell_temp_timer' is assigned to but never used&#10;  ./battery_package/battery_node.py:87:5: F841 local variable 'cmu_2_cell_0_voltage_timer' is assigned to but never used&#10;  ./battery_package/battery_node.py:88:5: F841 local variable 'cmu_2_cell_1_voltage_timer' is assigned to but never used&#10;  ./battery_package/battery_node.py:89:5: F841 local variable 'cmu_2_cell_2_voltage_timer' is assigned to but never used&#10;  ./battery_package/battery_node.py:90:5: F841 local variable 'cmu_2_cell_3_voltage_timer' is assigned to but never used&#10;  ./battery_package/battery_node.py:91:5: F841 local variable 'cmu_2_cell_4_voltage_timer' is assigned to but never used&#10;  ./battery_package/battery_node.py:92:5: F841 local variable 'cmu_2_cell_5_voltage_timer' is assigned to but never used&#10;  ./battery_package/battery_node.py:93:5: F841 local variable 'cmu_2_cell_6_voltage_timer' is assigned to but never used&#10;  ./battery_package/battery_node.py:94:5: F841 local variable 'cmu_2_cell_7_voltage_timer' is assigned to but never used&#10;  ./battery_package/battery_node.py:96:5: F841 local variable 'cmu_3_pcb_temp_timer' is assigned to but never used&#10;  ./battery_package/battery_node.py:97:5: F841 local variable 'cmu_3_cell_temp_timer' is assigned to but never used&#10;  ./battery_package/battery_node.py:98:5: F841 local variable 'cmu_3_cell_0_voltage_timer' is assigned to but never used&#10;  ./battery_package/battery_node.py:99:5: F841 local variable 'cmu_3_cell_1_voltage_timer' is assigned to but never used&#10;  ./battery_package/battery_node.py:100:5: F841 local variable 'cmu_3_cell_2_voltage_timer' is assigned to but never used&#10;  ./battery_package/battery_node.py:101:5: F841 local variable 'cmu_3_cell_3_voltage_timer' is assigned to but never used&#10;  ./battery_package/battery_node.py:102:5: F841 local variable 'cmu_3_cell_4_voltage_timer' is assigned to but never used&#10;  ./battery_package/battery_node.py:103:5: F841 local variable 'cmu_3_cell_5_voltage_timer' is assigned to but never used&#10;  ./battery_package/battery_node.py:104:5: F841 local variable 'cmu_3_cell_6_voltage_timer' is assigned to but never used&#10;  ./battery_package/battery_node.py:105:5: F841 local variable 'cmu_3_cell_7_voltage_timer' is assigned to but never used&#10;  ./battery_package/battery_node.py:107:5: F841 local variable 'cmu_4_pcb_temp_timer' is assigned to but never used&#10;  ./battery_package/battery_node.py:108:5: F841 local variable 'cmu_4_cell_temp_timer' is assigned to but never used&#10;  ./battery_package/battery_node.py:109:5: F841 local variable 'cmu_4_cell_0_voltage_timer' is assigned to but never used&#10;  ./battery_package/battery_node.py:110:5: F841 local variable 'cmu_4_cell_1_voltage_timer' is assigned to but never used&#10;  ./battery_package/battery_node.py:111:5: F841 local variable 'cmu_4_cell_2_voltage_timer' is assigned to but never used&#10;  ./battery_package/battery_node.py:112:5: F841 local variable 'cmu_4_cell_3_voltage_timer' is assigned to but never used&#10;  ./battery_package/battery_node.py:113:5: F841 local variable 'cmu_4_cell_4_voltage_timer' is assigned to but never used&#10;  ./battery_package/battery_node.py:114:5: F841 local variable 'cmu_4_cell_5_voltage_timer' is assigned to but never used&#10;  ./battery_package/battery_node.py:115:5: F841 local variable 'cmu_4_cell_6_voltage_timer' is assigned to but never used&#10;  ./battery_package/battery_node.py:116:5: F841 local variable 'cmu_4_cell_7_voltage_timer' is assigned to but never used&#10;  ./battery_package/battery_node.py:118:5: F841 local variable 'cmu_5_pcb_temp_timer' is assigned to but never used&#10;  ./battery_package/battery_node.py:119:5: F841 local variable 'cmu_5_cell_temp_timer' is assigned to but never used&#10;  ./battery_package/battery_node.py:120:5: F841 local variable 'cmu_5_cell_0_voltage_timer' is assigned to but never used&#10;  ./battery_package/battery_node.py:121:5: F841 local variable 'cmu_5_cell_1_voltage_timer' is assigned to but never used&#10;  ./battery_package/battery_node.py:122:5: F841 local variable 'cmu_5_cell_2_voltage_timer' is assigned to but never used&#10;  ./battery_package/battery_node.py:123:5: F841 local variable 'cmu_5_cell_3_voltage_timer' is assigned to but never used&#10;  ./battery_package/battery_node.py:124:5: F841 local variable 'cmu_5_cell_4_voltage_timer' is assigned to but never used&#10;  ./battery_package/battery_node.py:125:5: F841 local variable 'cmu_5_cell_5_voltage_timer' is assigned to but never used&#10;  ./battery_package/battery_node.py:126:5: F841 local variable 'cmu_5_cell_6_voltage_timer' is assigned to but never used&#10;  ./battery_package/battery_node.py:127:5: F841 local variable 'cmu_5_cell_7_voltage_timer' is assigned to but never used&#10;  ./battery_package/battery_node.py:129:5: F841 local variable 'battery_soc_ah_timer' is assigned to but never used&#10;  ./battery_package/battery_node.py:130:5: F841 local variable 'battery_soc_percent_timer' is assigned to but never used&#10;  ./battery_package/battery_node.py:132:5: F841 local variable 'min_cell_voltage_timer' is assigned to but never used&#10;  ./battery_package/battery_node.py:133:5: F841 local variable 'max_cell_voltage_timer' is assigned to but never used&#10;  ./battery_package/battery_node.py:135:5: F841 local variable 'min_cell_temp_timer' is assigned to but never used&#10;  ./battery_package/battery_node.py:136:5: F841 local variable 'max_cell_temp_timer' is assigned to but never used&#10;  ./battery_package/battery_node.py:138:5: F841 local variable 'battery_voltage_timer' is assigned to but never used&#10;  ./battery_package/battery_node.py:139:5: F841 local variable 'battery_current_timer' is assigned to but never used&#10;  ./battery_package/battery_node.py:141:5: F841 local variable 'battery_status_1_timer' is assigned to but never used&#10;  ./battery_package/battery_node.py:142:5: F841 local variable 'battery_status_2_timer' is assigned to but never used&#10;  ./battery_package/battery_node.py:143:5: F841 local variable 'battery_status_3_timer' is assigned to but never used&#10;  ./battery_package/battery_node.py:144:5: F841 local variable 'battery_status_4_timer' is assigned to but never used&#10;  ./battery_package/battery_node.py:145:5: F841 local variable 'battery_status_5_timer' is assigned to but never used&#10;  ./battery_package/battery_node.py:146:5: F841 local variable 'battery_status_6_timer' is assigned to but never used&#10;  ./battery_package/battery_node.py:147:5: F841 local variable 'battery_status_7_timer' is assigned to but never used&#10;  ./battery_package/battery_node.py:148:5: F841 local variable 'battery_status_8_timer' is assigned to but never used&#10;  ./battery_package/battery_node.py:152:5: E303 too many blank lines (3)&#10;  ./battery_package/battery_node.py:155:28: W291 trailing whitespace&#10;  ./battery_package/battery_node.py:157:9: F841 local variable 'peripherals' is assigned to but never used&#10;  ./battery_package/battery_node.py:158:14: E231 missing whitespace after ','&#10;  ./battery_package/battery_node.py:158:16: E231 missing whitespace after ','&#10;  ./battery_package/battery_node.py:158:18: E231 missing whitespace after ','&#10;  ./battery_package/battery_node.py:158:20: E231 missing whitespace after ','&#10;  ./battery_package/battery_node.py:158:22: E231 missing whitespace after ','&#10;  ./battery_package/battery_node.py:158:24: E231 missing whitespace after ','&#10;  ./battery_package/battery_node.py:158:26: E231 missing whitespace after ','&#10;  ./battery_package/battery_node.py:158:29: E261 at least two spaces before inline comment&#10;  ./battery_package/battery_node.py:158:30: E262 inline comment should start with '# '&#10;  ./battery_package/battery_node.py:159:14: E231 missing whitespace after ','&#10;  ./battery_package/battery_node.py:159:16: E231 missing whitespace after ','&#10;  ./battery_package/battery_node.py:159:18: E231 missing whitespace after ','&#10;  ./battery_package/battery_node.py:159:21: E261 at least two spaces before inline comment&#10;  ./battery_package/battery_node.py:160:14: E231 missing whitespace after ','&#10;  ./battery_package/battery_node.py:160:16: E231 missing whitespace after ','&#10;  ./battery_package/battery_node.py:160:18: E231 missing whitespace after ','&#10;  ./battery_package/battery_node.py:162:15: E261 at least two spaces before inline comment&#10;  ./battery_package/battery_node.py:162:16: E262 inline comment should start with '# '&#10;  ./battery_package/battery_node.py:170:9: F841 local variable 'cmu_1_cell_temp' is assigned to but never used&#10;  ./battery_package/battery_node.py:171:9: F841 local variable 'cmu_1_cell_0_voltage' is assigned to but never used&#10;  ./battery_package/battery_node.py:172:9: F841 local variable 'cmu_1_cell_1_voltage' is assigned to but never used&#10;  ./battery_package/battery_node.py:173:9: F841 local variable 'cmu_1_cell_2_voltage' is assigned to but never used&#10;  ./battery_package/battery_node.py:174:9: F841 local variable 'cmu_1_cell_3_voltage' is assigned to but never used&#10;  ./battery_package/battery_node.py:175:9: F841 local variable 'cmu_1_cell_4_voltage' is assigned to but never used&#10;  ./battery_package/battery_node.py:176:9: F841 local variable 'cmu_1_cell_5_voltage' is assigned to but never used&#10;  ./battery_package/battery_node.py:177:9: F841 local variable 'cmu_1_cell_6_voltage' is assigned to but never used&#10;  ./battery_package/battery_node.py:178:9: F841 local variable 'cmu_1_cell_7_voltage' is assigned to but never used&#10;  ./battery_package/battery_node.py:182:9: F841 local variable 'cmu_2_cell_temp' is assigned to but never used&#10;  ./battery_package/battery_node.py:183:9: F841 local variable 'cmu_2_cell_0_voltage' is assigned to but never used&#10;  ./battery_package/battery_node.py:184:9: F841 local variable 'cmu_2_cell_1_voltage' is assigned to but never used&#10;  ./battery_package/battery_node.py:185:9: F841 local variable 'cmu_2_cell_2_voltage' is assigned to but never used&#10;  ./battery_package/battery_node.py:186:9: F841 local variable 'cmu_2_cell_3_voltage' is assigned to but never used&#10;  ./battery_package/battery_node.py:187:9: F841 local variable 'cmu_2_cell_4_voltage' is assigned to but never used&#10;  ./battery_package/battery_node.py:188:9: F841 local variable 'cmu_2_cell_5_voltage' is assigned to but never used&#10;  ./battery_package/battery_node.py:189:9: F841 local variable 'cmu_2_cell_6_voltage' is assigned to but never used&#10;  ./battery_package/battery_node.py:190:9: F841 local variable 'cmu_2_cell_7_voltage' is assigned to but never used&#10;  ./battery_package/battery_node.py:193:9: F841 local variable 'cmu_3_pcb_temp' is assigned to but never used&#10;  ./battery_package/battery_node.py:194:9: F841 local variable 'cmu_3_cell_temp' is assigned to but never used&#10;  ./battery_package/battery_node.py:195:9: F841 local variable 'cmu_3_cell_0_voltage' is assigned to but never used&#10;  ./battery_package/battery_node.py:196:9: F841 local variable 'cmu_3_cell_1_voltage' is assigned to but never used&#10;  ./battery_package/battery_node.py:197:9: F841 local variable 'cmu_3_cell_2_voltage' is assigned to but never used&#10;  ./battery_package/battery_node.py:198:9: F841 local variable 'cmu_3_cell_3_voltage' is assigned to but never used&#10;  ./battery_package/battery_node.py:199:9: F841 local variable 'cmu_3_cell_4_voltage' is assigned to but never used&#10;  ./battery_package/battery_node.py:200:9: F841 local variable 'cmu_3_cell_5_voltage' is assigned to but never used&#10;  ./battery_package/battery_node.py:201:9: F841 local variable 'cmu_3_cell_6_voltage' is assigned to but never used&#10;  ./battery_package/battery_node.py:202:9: F841 local variable 'cmu_3_cell_7_voltage' is assigned to but never used&#10;  ./battery_package/battery_node.py:205:9: F841 local variable 'cmu_4_pcb_temp' is assigned to but never used&#10;  ./battery_package/battery_node.py:206:9: F841 local variable 'cmu_4_cell_temp' is assigned to but never used&#10;  ./battery_package/battery_node.py:207:9: F841 local variable 'cmu_4_cell_0_voltage' is assigned to but never used&#10;  ./battery_package/battery_node.py:208:9: F841 local variable 'cmu_4_cell_1_voltage' is assigned to but never used&#10;  ./battery_package/battery_node.py:209:9: F841 local variable 'cmu_4_cell_2_voltage' is assigned to but never used&#10;  ./battery_package/battery_node.py:210:9: F841 local variable 'cmu_4_cell_3_voltage' is assigned to but never used&#10;  ./battery_package/battery_node.py:211:9: F841 local variable 'cmu_4_cell_4_voltage' is assigned to but never used&#10;  ./battery_package/battery_node.py:212:9: F841 local variable 'cmu_4_cell_5_voltage' is assigned to but never used&#10;  ./battery_package/battery_node.py:213:9: F841 local variable 'cmu_4_cell_6_voltage' is assigned to but never used&#10;  ./battery_package/battery_node.py:214:9: F841 local variable 'cmu_4_cell_7_voltage' is assigned to but never used&#10;  ./battery_package/battery_node.py:217:9: F841 local variable 'cmu_5_pcb_temp' is assigned to but never used&#10;  ./battery_package/battery_node.py:218:9: F841 local variable 'cmu_5_cell_temp' is assigned to but never used&#10;  ./battery_package/battery_node.py:219:9: F841 local variable 'cmu_5_cell_0_voltage' is assigned to but never used&#10;  ./battery_package/battery_node.py:220:9: F841 local variable 'cmu_5_cell_1_voltage' is assigned to but never used&#10;  ./battery_package/battery_node.py:221:9: F841 local variable 'cmu_5_cell_2_voltage' is assigned to but never used&#10;  ./battery_package/battery_node.py:222:9: F841 local variable 'cmu_5_cell_3_voltage' is assigned to but never used&#10;  ./battery_package/battery_node.py:223:9: F841 local variable 'cmu_5_cell_4_voltage' is assigned to but never used&#10;  ./battery_package/battery_node.py:224:9: F841 local variable 'cmu_5_cell_5_voltage' is assigned to but never used&#10;  ./battery_package/battery_node.py:225:9: F841 local variable 'cmu_5_cell_6_voltage' is assigned to but never used&#10;  ./battery_package/battery_node.py:226:9: F841 local variable 'cmu_5_cell_7_voltage' is assigned to but never used&#10;  ./battery_package/battery_node.py:229:9: F841 local variable 'battery_soc_ah' is assigned to but never used&#10;  ./battery_package/battery_node.py:230:9: F841 local variable 'battery_soc_percent' is assigned to but never used&#10;  ./battery_package/battery_node.py:231:1: W293 blank line contains whitespace&#10;  ./battery_package/battery_node.py:233:9: F841 local variable 'min_cell_voltage' is assigned to but never used&#10;  ./battery_package/battery_node.py:234:9: F841 local variable 'max_cell_voltage' is assigned to but never used&#10;  ./battery_package/battery_node.py:237:9: F841 local variable 'min_cell_temp' is assigned to but never used&#10;  ./battery_package/battery_node.py:238:9: F841 local variable 'max_cell_temp' is assigned to but never used&#10;  ./battery_package/battery_node.py:241:9: F841 local variable 'battery_voltage' is assigned to but never used&#10;  ./battery_package/battery_node.py:242:9: F841 local variable 'battery_current' is assigned to but never used&#10;  ./battery_package/battery_node.py:245:9: F841 local variable 'battery_status' is assigned to but never used&#10;  ./battery_package/battery_node.py:248:9: E265 block comment should start with '# '&#10;  ./battery_package/battery_node.py:253:46: E225 missing whitespace around operator&#10;  ./battery_package/battery_node.py:255:14: W291 trailing whitespace&#10;  ./battery_package/battery_node.py:262:46: E225 missing whitespace around operator&#10;  ./battery_package/battery_node.py:270:1: W293 blank line contains whitespace&#10;  ./battery_package/battery_node.py:280:1: W293 blank line contains whitespace&#10;  ./battery_package/battery_node.py:290:1: W293 blank line contains whitespace&#10;  ./battery_package/battery_node.py:300:1: W293 blank line contains whitespace&#10;  ./battery_package/battery_node.py:330:1: W293 blank line contains whitespace&#10;  ./battery_package/battery_node.py:348:1: W293 blank line contains whitespace&#10;  ./battery_package/battery_node.py:354:53: W291 trailing whitespace&#10;  ./battery_package/battery_node.py:371:1: W293 blank line contains whitespace&#10;  ./battery_package/battery_node.py:373:53: W291 trailing whitespace&#10;  ./battery_package/battery_node.py:391:1: W293 blank line contains whitespace&#10;  ./battery_package/battery_node.py:410:1: W293 blank line contains whitespace&#10;  ./battery_package/battery_node.py:453:1: W293 blank line contains whitespace&#10;  ./battery_package/battery_node.py:473:1: W293 blank line contains whitespace&#10;  ./battery_package/battery_node.py:486:1: W293 blank line contains whitespace&#10;  ./battery_package/battery_node.py:499:1: W293 blank line contains whitespace&#10;  ./battery_package/battery_node.py:516:1: W293 blank line contains whitespace&#10;  ./battery_package/battery_node.py:523:1: W293 blank line contains whitespace&#10;  ./battery_package/battery_node.py:526:1: W293 blank line contains whitespace&#10;  ./battery_package/battery_node.py:531:9: E303 too many blank lines (2)&#10;  ./battery_package/battery_node.py:534:1: W293 blank line contains whitespace&#10;  ./battery_package/battery_node.py:545:80: W291 trailing whitespace&#10;  ./battery_package/battery_node.py:566:53: W291 trailing whitespace&#10;  ./battery_package/battery_node.py:567:1: W293 blank line contains whitespace&#10;  ./battery_package/battery_node.py:617:80: W291 trailing whitespace&#10;  ./battery_package/battery_node.py:692:1: W293 blank line contains whitespace&#10;  ./battery_package/battery_node.py:694:9: E303 too many blank lines (2)&#10;  ./battery_package/battery_node.py:697:1: W293 blank line contains whitespace&#10;  ./battery_package/battery_node.py:710:1: W293 blank line contains whitespace&#10;  ./battery_package/battery_node.py:752:1: W293 blank line contains whitespace&#10;  ./battery_package/battery_node.py:774:9: E303 too many blank lines (2)&#10;  ./battery_package/battery_node.py:790:53: W291 trailing whitespace&#10;  ./battery_package/battery_node.py:817:1: W293 blank line contains whitespace&#10;  ./battery_package/battery_node.py:852:9: E303 too many blank lines (2)&#10;  ./battery_package/battery_node.py:885:1: W293 blank line contains whitespace&#10;  ./battery_package/battery_node.py:933:9: E303 too many blank lines (2)&#10;  ./battery_package/battery_node.py:957:1: W293 blank line contains whitespace&#10;  ./battery_package/battery_node.py:967:1: W293 blank line contains whitespace&#10;  ./battery_package/battery_node.py:1014:1: W293 blank line contains whitespace&#10;  ./battery_package/battery_node.py:1024:1: W293 blank line contains whitespace&#10;  ./battery_package/battery_node.py:1140:1: W293 blank line contains whitespace&#10;  ./battery_package/battery_node.py:1170:1: W293 blank line contains whitespace&#10;  ./battery_package/battery_node.py:1211:1: W293 blank line contains whitespace&#10;  ./battery_package/battery_node.py:1212:9: E303 too many blank lines (2)&#10;  ./battery_package/battery_node.py:1298:54: W291 trailing whitespace&#10;  ./battery_package/battery_node.py:1326:1: W293 blank line contains whitespace&#10;  ./battery_package/battery_node.py:1415:5: E303 too many blank lines (2)&#10;  ./battery_package/battery_node.py:1420:11: W292 no newline at end of file&#10;assert 1 == 0">test/test_flake8.py:23: in test_flake8
    assert rc == 0, \
E   AssertionError: Found 195 code style errors / warnings:
E     ./battery_package/battery_node.py:6:1: E302 expected 2 blank lines, found 1
E     ./battery_package/battery_node.py:75:5: F841 local variable 'cmu_1_cell_temp_timer' is assigned to but never used
E     ./battery_package/battery_node.py:76:5: F841 local variable 'cmu_1_cell_0_voltage_timer' is assigned to but never used
E     ./battery_package/battery_node.py:77:5: F841 local variable 'cmu_1_cell_1_voltage_timer' is assigned to but never used
E     ./battery_package/battery_node.py:78:5: F841 local variable 'cmu_1_cell_2_voltage_timer' is assigned to but never used
E     ./battery_package/battery_node.py:79:5: F841 local variable 'cmu_1_cell_3_voltage_timer' is assigned to but never used
E     ./battery_package/battery_node.py:80:5: F841 local variable 'cmu_1_cell_4_voltage_timer' is assigned to but never used
E     ./battery_package/battery_node.py:81:5: F841 local variable 'cmu_1_cell_5_voltage_timer' is assigned to but never used
E     ./battery_package/battery_node.py:82:5: F841 local variable 'cmu_1_cell_6_voltage_timer' is assigned to but never used
E     ./battery_package/battery_node.py:83:5: F841 local variable 'cmu_1_cell_7_voltage_timer' is assigned to but never used
E     ./battery_package/battery_node.py:86:5: F841 local variable 'cmu_2_cell_temp_timer' is assigned to but never used
E     ./battery_package/battery_node.py:87:5: F841 local variable 'cmu_2_cell_0_voltage_timer' is assigned to but never used
E     ./battery_package/battery_node.py:88:5: F841 local variable 'cmu_2_cell_1_voltage_timer' is assigned to but never used
E     ./battery_package/battery_node.py:89:5: F841 local variable 'cmu_2_cell_2_voltage_timer' is assigned to but never used
E     ./battery_package/battery_node.py:90:5: F841 local variable 'cmu_2_cell_3_voltage_timer' is assigned to but never used
E     ./battery_package/battery_node.py:91:5: F841 local variable 'cmu_2_cell_4_voltage_timer' is assigned to but never used
E     ./battery_package/battery_node.py:92:5: F841 local variable 'cmu_2_cell_5_voltage_timer' is assigned to but never used
E     ./battery_package/battery_node.py:93:5: F841 local variable 'cmu_2_cell_6_voltage_timer' is assigned to but never used
E     ./battery_package/battery_node.py:94:5: F841 local variable 'cmu_2_cell_7_voltage_timer' is assigned to but never used
E     ./battery_package/battery_node.py:96:5: F841 local variable 'cmu_3_pcb_temp_timer' is assigned to but never used
E     ./battery_package/battery_node.py:97:5: F841 local variable 'cmu_3_cell_temp_timer' is assigned to but never used
E     ./battery_package/battery_node.py:98:5: F841 local variable 'cmu_3_cell_0_voltage_timer' is assigned to but never used
E     ./battery_package/battery_node.py:99:5: F841 local variable 'cmu_3_cell_1_voltage_timer' is assigned to but never used
E     ./battery_package/battery_node.py:100:5: F841 local variable 'cmu_3_cell_2_voltage_timer' is assigned to but never used
E     ./battery_package/battery_node.py:101:5: F841 local variable 'cmu_3_cell_3_voltage_timer' is assigned to but never used
E     ./battery_package/battery_node.py:102:5: F841 local variable 'cmu_3_cell_4_voltage_timer' is assigned to but never used
E     ./battery_package/battery_node.py:103:5: F841 local variable 'cmu_3_cell_5_voltage_timer' is assigned to but never used
E     ./battery_package/battery_node.py:104:5: F841 local variable 'cmu_3_cell_6_voltage_timer' is assigned to but never used
E     ./battery_package/battery_node.py:105:5: F841 local variable 'cmu_3_cell_7_voltage_timer' is assigned to but never used
E     ./battery_package/battery_node.py:107:5: F841 local variable 'cmu_4_pcb_temp_timer' is assigned to but never used
E     ./battery_package/battery_node.py:108:5: F841 local variable 'cmu_4_cell_temp_timer' is assigned to but never used
E     ./battery_package/battery_node.py:109:5: F841 local variable 'cmu_4_cell_0_voltage_timer' is assigned to but never used
E     ./battery_package/battery_node.py:110:5: F841 local variable 'cmu_4_cell_1_voltage_timer' is assigned to but never used
E     ./battery_package/battery_node.py:111:5: F841 local variable 'cmu_4_cell_2_voltage_timer' is assigned to but never used
E     ./battery_package/battery_node.py:112:5: F841 local variable 'cmu_4_cell_3_voltage_timer' is assigned to but never used
E     ./battery_package/battery_node.py:113:5: F841 local variable 'cmu_4_cell_4_voltage_timer' is assigned to but never used
E     ./battery_package/battery_node.py:114:5: F841 local variable 'cmu_4_cell_5_voltage_timer' is assigned to but never used
E     ./battery_package/battery_node.py:115:5: F841 local variable 'cmu_4_cell_6_voltage_timer' is assigned to but never used
E     ./battery_package/battery_node.py:116:5: F841 local variable 'cmu_4_cell_7_voltage_timer' is assigned to but never used
E     ./battery_package/battery_node.py:118:5: F841 local variable 'cmu_5_pcb_temp_timer' is assigned to but never used
E     ./battery_package/battery_node.py:119:5: F841 local variable 'cmu_5_cell_temp_timer' is assigned to but never used
E     ./battery_package/battery_node.py:120:5: F841 local variable 'cmu_5_cell_0_voltage_timer' is assigned to but never used
E     ./battery_package/battery_node.py:121:5: F841 local variable 'cmu_5_cell_1_voltage_timer' is assigned to but never used
E     ./battery_package/battery_node.py:122:5: F841 local variable 'cmu_5_cell_2_voltage_timer' is assigned to but never used
E     ./battery_package/battery_node.py:123:5: F841 local variable 'cmu_5_cell_3_voltage_timer' is assigned to but never used
E     ./battery_package/battery_node.py:124:5: F841 local variable 'cmu_5_cell_4_voltage_timer' is assigned to but never used
E     ./battery_package/battery_node.py:125:5: F841 local variable 'cmu_5_cell_5_voltage_timer' is assigned to but never used
E     ./battery_package/battery_node.py:126:5: F841 local variable 'cmu_5_cell_6_voltage_timer' is assigned to but never used
E     ./battery_package/battery_node.py:127:5: F841 local variable 'cmu_5_cell_7_voltage_timer' is assigned to but never used
E     ./battery_package/battery_node.py:129:5: F841 local variable 'battery_soc_ah_timer' is assigned to but never used
E     ./battery_package/battery_node.py:130:5: F841 local variable 'battery_soc_percent_timer' is assigned to but never used
E     ./battery_package/battery_node.py:132:5: F841 local variable 'min_cell_voltage_timer' is assigned to but never used
E     ./battery_package/battery_node.py:133:5: F841 local variable 'max_cell_voltage_timer' is assigned to but never used
E     ./battery_package/battery_node.py:135:5: F841 local variable 'min_cell_temp_timer' is assigned to but never used
E     ./battery_package/battery_node.py:136:5: F841 local variable 'max_cell_temp_timer' is assigned to but never used
E     ./battery_package/battery_node.py:138:5: F841 local variable 'battery_voltage_timer' is assigned to but never used
E     ./battery_package/battery_node.py:139:5: F841 local variable 'battery_current_timer' is assigned to but never used
E     ./battery_package/battery_node.py:141:5: F841 local variable 'battery_status_1_timer' is assigned to but never used
E     ./battery_package/battery_node.py:142:5: F841 local variable 'battery_status_2_timer' is assigned to but never used
E     ./battery_package/battery_node.py:143:5: F841 local variable 'battery_status_3_timer' is assigned to but never used
E     ./battery_package/battery_node.py:144:5: F841 local variable 'battery_status_4_timer' is assigned to but never used
E     ./battery_package/battery_node.py:145:5: F841 local variable 'battery_status_5_timer' is assigned to but never used
E     ./battery_package/battery_node.py:146:5: F841 local variable 'battery_status_6_timer' is assigned to but never used
E     ./battery_package/battery_node.py:147:5: F841 local variable 'battery_status_7_timer' is assigned to but never used
E     ./battery_package/battery_node.py:148:5: F841 local variable 'battery_status_8_timer' is assigned to but never used
E     ./battery_package/battery_node.py:152:5: E303 too many blank lines (3)
E     ./battery_package/battery_node.py:155:28: W291 trailing whitespace
E     ./battery_package/battery_node.py:157:9: F841 local variable 'peripherals' is assigned to but never used
E     ./battery_package/battery_node.py:158:14: E231 missing whitespace after ','
E     ./battery_package/battery_node.py:158:16: E231 missing whitespace after ','
E     ./battery_package/battery_node.py:158:18: E231 missing whitespace after ','
E     ./battery_package/battery_node.py:158:20: E231 missing whitespace after ','
E     ./battery_package/battery_node.py:158:22: E231 missing whitespace after ','
E     ./battery_package/battery_node.py:158:24: E231 missing whitespace after ','
E     ./battery_package/battery_node.py:158:26: E231 missing whitespace after ','
E     ./battery_package/battery_node.py:158:29: E261 at least two spaces before inline comment
E     ./battery_package/battery_node.py:158:30: E262 inline comment should start with '# '
E     ./battery_package/battery_node.py:159:14: E231 missing whitespace after ','
E     ./battery_package/battery_node.py:159:16: E231 missing whitespace after ','
E     ./battery_package/battery_node.py:159:18: E231 missing whitespace after ','
E     ./battery_package/battery_node.py:159:21: E261 at least two spaces before inline comment
E     ./battery_package/battery_node.py:160:14: E231 missing whitespace after ','
E     ./battery_package/battery_node.py:160:16: E231 missing whitespace after ','
E     ./battery_package/battery_node.py:160:18: E231 missing whitespace after ','
E     ./battery_package/battery_node.py:162:15: E261 at least two spaces before inline comment
E     ./battery_package/battery_node.py:162:16: E262 inline comment should start with '# '
E     ./battery_package/battery_node.py:170:9: F841 local variable 'cmu_1_cell_temp' is assigned to but never used
E     ./battery_package/battery_node.py:171:9: F841 local variable 'cmu_1_cell_0_voltage' is assigned to but never used
E     ./battery_package/battery_node.py:172:9: F841 local variable 'cmu_1_cell_1_voltage' is assigned to but never used
E     ./battery_package/battery_node.py:173:9: F841 local variable 'cmu_1_cell_2_voltage' is assigned to but never used
E     ./battery_package/battery_node.py:174:9: F841 local variable 'cmu_1_cell_3_voltage' is assigned to but never used
E     ./battery_package/battery_node.py:175:9: F841 local variable 'cmu_1_cell_4_voltage' is assigned to but never used
E     ./battery_package/battery_node.py:176:9: F841 local variable 'cmu_1_cell_5_voltage' is assigned to but never used
E     ./battery_package/battery_node.py:177:9: F841 local variable 'cmu_1_cell_6_voltage' is assigned to but never used
E     ./battery_package/battery_node.py:178:9: F841 local variable 'cmu_1_cell_7_voltage' is assigned to but never used
E     ./battery_package/battery_node.py:182:9: F841 local variable 'cmu_2_cell_temp' is assigned to but never used
E     ./battery_package/battery_node.py:183:9: F841 local variable 'cmu_2_cell_0_voltage' is assigned to but never used
E     ./battery_package/battery_node.py:184:9: F841 local variable 'cmu_2_cell_1_voltage' is assigned to but never used
E     ./battery_package/battery_node.py:185:9: F841 local variable 'cmu_2_cell_2_voltage' is assigned to but never used
E     ./battery_package/battery_node.py:186:9: F841 local variable 'cmu_2_cell_3_voltage' is assigned to but never used
E     ./battery_package/battery_node.py:187:9: F841 local variable 'cmu_2_cell_4_voltage' is assigned to but never used
E     ./battery_package/battery_node.py:188:9: F841 local variable 'cmu_2_cell_5_voltage' is assigned to but never used
E     ./battery_package/battery_node.py:189:9: F841 local variable 'cmu_2_cell_6_voltage' is assigned to but never used
E     ./battery_package/battery_node.py:190:9: F841 local variable 'cmu_2_cell_7_voltage' is assigned to but never used
E     ./battery_package/battery_node.py:193:9: F841 local variable 'cmu_3_pcb_temp' is assigned to but never used
E     ./battery_package/battery_node.py:194:9: F841 local variable 'cmu_3_cell_temp' is assigned to but never used
E     ./battery_package/battery_node.py:195:9: F841 local variable 'cmu_3_cell_0_voltage' is assigned to but never used
E     ./battery_package/battery_node.py:196:9: F841 local variable 'cmu_3_cell_1_voltage' is assigned to but never used
E     ./battery_package/battery_node.py:197:9: F841 local variable 'cmu_3_cell_2_voltage' is assigned to but never used
E     ./battery_package/battery_node.py:198:9: F841 local variable 'cmu_3_cell_3_voltage' is assigned to but never used
E     ./battery_package/battery_node.py:199:9: F841 local variable 'cmu_3_cell_4_voltage' is assigned to but never used
E     ./battery_package/battery_node.py:200:9: F841 local variable 'cmu_3_cell_5_voltage' is assigned to but never used
E     ./battery_package/battery_node.py:201:9: F841 local variable 'cmu_3_cell_6_voltage' is assigned to but never used
E     ./battery_package/battery_node.py:202:9: F841 local variable 'cmu_3_cell_7_voltage' is assigned to but never used
E     ./battery_package/battery_node.py:205:9: F841 local variable 'cmu_4_pcb_temp' is assigned to but never used
E     ./battery_package/battery_node.py:206:9: F841 local variable 'cmu_4_cell_temp' is assigned to but never used
E     ./battery_package/battery_node.py:207:9: F841 local variable 'cmu_4_cell_0_voltage' is assigned to but never used
E     ./battery_package/battery_node.py:208:9: F841 local variable 'cmu_4_cell_1_voltage' is assigned to but never used
E     ./battery_package/battery_node.py:209:9: F841 local variable 'cmu_4_cell_2_voltage' is assigned to but never used
E     ./battery_package/battery_node.py:210:9: F841 local variable 'cmu_4_cell_3_voltage' is assigned to but never used
E     ./battery_package/battery_node.py:211:9: F841 local variable 'cmu_4_cell_4_voltage' is assigned to but never used
E     ./battery_package/battery_node.py:212:9: F841 local variable 'cmu_4_cell_5_voltage' is assigned to but never used
E     ./battery_package/battery_node.py:213:9: F841 local variable 'cmu_4_cell_6_voltage' is assigned to but never used
E     ./battery_package/battery_node.py:214:9: F841 local variable 'cmu_4_cell_7_voltage' is assigned to but never used
E     ./battery_package/battery_node.py:217:9: F841 local variable 'cmu_5_pcb_temp' is assigned to but never used
E     ./battery_package/battery_node.py:218:9: F841 local variable 'cmu_5_cell_temp' is assigned to but never used
E     ./battery_package/battery_node.py:219:9: F841 local variable 'cmu_5_cell_0_voltage' is assigned to but never used
E     ./battery_package/battery_node.py:220:9: F841 local variable 'cmu_5_cell_1_voltage' is assigned to but never used
E     ./battery_package/battery_node.py:221:9: F841 local variable 'cmu_5_cell_2_voltage' is assigned to but never used
E     ./battery_package/battery_node.py:222:9: F841 local variable 'cmu_5_cell_3_voltage' is assigned to but never used
E     ./battery_package/battery_node.py:223:9: F841 local variable 'cmu_5_cell_4_voltage' is assigned to but never used
E     ./battery_package/battery_node.py:224:9: F841 local variable 'cmu_5_cell_5_voltage' is assigned to but never used
E     ./battery_package/battery_node.py:225:9: F841 local variable 'cmu_5_cell_6_voltage' is assigned to but never used
E     ./battery_package/battery_node.py:226:9: F841 local variable 'cmu_5_cell_7_voltage' is assigned to but never used
E     ./battery_package/battery_node.py:229:9: F841 local variable 'battery_soc_ah' is assigned to but never used
E     ./battery_package/battery_node.py:230:9: F841 local variable 'battery_soc_percent' is assigned to but never used
E     ./battery_package/battery_node.py:231:1: W293 blank line contains whitespace
E     ./battery_package/battery_node.py:233:9: F841 local variable 'min_cell_voltage' is assigned to but never used
E     ./battery_package/battery_node.py:234:9: F841 local variable 'max_cell_voltage' is assigned to but never used
E     ./battery_package/battery_node.py:237:9: F841 local variable 'min_cell_temp' is assigned to but never used
E     ./battery_package/battery_node.py:238:9: F841 local variable 'max_cell_temp' is assigned to but never used
E     ./battery_package/battery_node.py:241:9: F841 local variable 'battery_voltage' is assigned to but never used
E     ./battery_package/battery_node.py:242:9: F841 local variable 'battery_current' is assigned to but never used
E     ./battery_package/battery_node.py:245:9: F841 local variable 'battery_status' is assigned to but never used
E     ./battery_package/battery_node.py:248:9: E265 block comment should start with '# '
E     ./battery_package/battery_node.py:253:46: E225 missing whitespace around operator
E     ./battery_package/battery_node.py:255:14: W291 trailing whitespace
E     ./battery_package/battery_node.py:262:46: E225 missing whitespace around operator
E     ./battery_package/battery_node.py:270:1: W293 blank line contains whitespace
E     ./battery_package/battery_node.py:280:1: W293 blank line contains whitespace
E     ./battery_package/battery_node.py:290:1: W293 blank line contains whitespace
E     ./battery_package/battery_node.py:300:1: W293 blank line contains whitespace
E     ./battery_package/battery_node.py:330:1: W293 blank line contains whitespace
E     ./battery_package/battery_node.py:348:1: W293 blank line contains whitespace
E     ./battery_package/battery_node.py:354:53: W291 trailing whitespace
E     ./battery_package/battery_node.py:371:1: W293 blank line contains whitespace
E     ./battery_package/battery_node.py:373:53: W291 trailing whitespace
E     ./battery_package/battery_node.py:391:1: W293 blank line contains whitespace
E     ./battery_package/battery_node.py:410:1: W293 blank line contains whitespace
E     ./battery_package/battery_node.py:453:1: W293 blank line contains whitespace
E     ./battery_package/battery_node.py:473:1: W293 blank line contains whitespace
E     ./battery_package/battery_node.py:486:1: W293 blank line contains whitespace
E     ./battery_package/battery_node.py:499:1: W293 blank line contains whitespace
E     ./battery_package/battery_node.py:516:1: W293 blank line contains whitespace
E     ./battery_package/battery_node.py:523:1: W293 blank line contains whitespace
E     ./battery_package/battery_node.py:526:1: W293 blank line contains whitespace
E     ./battery_package/battery_node.py:531:9: E303 too many blank lines (2)
E     ./battery_package/battery_node.py:534:1: W293 blank line contains whitespace
E     ./battery_package/battery_node.py:545:80: W291 trailing whitespace
E     ./battery_package/battery_node.py:566:53: W291 trailing whitespace
E     ./battery_package/battery_node.py:567:1: W293 blank line contains whitespace
E     ./battery_package/battery_node.py:617:80: W291 trailing whitespace
E     ./battery_package/battery_node.py:692:1: W293 blank line contains whitespace
E     ./battery_package/battery_node.py:694:9: E303 too many blank lines (2)
E     ./battery_package/battery_node.py:697:1: W293 blank line contains whitespace
E     ./battery_package/battery_node.py:710:1: W293 blank line contains whitespace
E     ./battery_package/battery_node.py:752:1: W293 blank line contains whitespace
E     ./battery_package/battery_node.py:774:9: E303 too many blank lines (2)
E     ./battery_package/battery_node.py:790:53: W291 trailing whitespace
E     ./battery_package/battery_node.py:817:1: W293 blank line contains whitespace
E     ./battery_package/battery_node.py:852:9: E303 too many blank lines (2)
E     ./battery_package/battery_node.py:885:1: W293 blank line contains whitespace
E     ./battery_package/battery_node.py:933:9: E303 too many blank lines (2)
E     ./battery_package/battery_node.py:957:1: W293 blank line contains whitespace
E     ./battery_package/battery_node.py:967:1: W293 blank line contains whitespace
E     ./battery_package/battery_node.py:1014:1: W293 blank line contains whitespace
E     ./battery_package/battery_node.py:1024:1: W293 blank line contains whitespace
E     ./battery_package/battery_node.py:1140:1: W293 blank line contains whitespace
E     ./battery_package/battery_node.py:1170:1: W293 blank line contains whitespace
E     ./battery_package/battery_node.py:1211:1: W293 blank line contains whitespace
E     ./battery_package/battery_node.py:1212:9: E303 too many blank lines (2)
E     ./battery_package/battery_node.py:1298:54: W291 trailing whitespace
E     ./battery_package/battery_node.py:1326:1: W293 blank line contains whitespace
E     ./battery_package/battery_node.py:1415:5: E303 too many blank lines (2)
E     ./battery_package/battery_node.py:1420:11: W292 no newline at end of file
E   assert 1 == 0</failure></testcase><testcase classname="battery_package.test.test_pep257" name="test_pep257" time="0.028" /></testsuite></testsuites>