<?xml version="1.0" encoding="utf-8"?><testsuites><testsuite name="pytest" errors="0" failures="1" skipped="1" tests="3" time="0.180" timestamp="2023-08-06T14:46:07.637121" hostname="zephyrus-g15"><testcase classname="gps_package.test.test_copyright" name="test_copyright" time="0.000"><skipped type="pytest.skip" message="No copyright header has been placed in the generated source file.">/home/jaay/Agnirath/Agnirath_LVS_Strategy/aarush_ros/src/gps_package/test/test_copyright.py:20: No copyright header has been placed in the generated source file.</skipped></testcase><testcase classname="gps_package.test.test_flake8" name="test_flake8" time="0.081"><failure message="AssertionError: Found 3 code style errors / warnings:&#10;  ./gps_package/gps_node copy.py:59:77: E203 whitespace before ':'&#10;  ./gps_package/gps_node.py:55:77: E203 whitespace before ':'&#10;  ./gps_package/gps_node.py:104:1: E305 expected 2 blank lines after class or function definition, found 1&#10;assert 1 == 0">test/test_flake8.py:23: in test_flake8
    assert rc == 0, \
E   AssertionError: Found 3 code style errors / warnings:
E     ./gps_package/gps_node copy.py:59:77: E203 whitespace before ':'
E     ./gps_package/gps_node.py:55:77: E203 whitespace before ':'
E     ./gps_package/gps_node.py:104:1: E305 expected 2 blank lines after class or function definition, found 1
E   assert 1 == 0</failure></testcase><testcase classname="gps_package.test.test_pep257" name="test_pep257" time="0.020" /></testsuite></testsuites>