[1.151s] Invoking command in '/home/jaay/Agnirath/Agnirath_LVS_Strategy/aarush_ros/src/imu_package': AMENT_PREFIX_PATH=/home/jaay/Agnirath/Agnirath_LVS_Strategy/aarush_ros/install/imu_package:${AMENT_PREFIX_PATH} PYTEST_ADDOPTS=--tb=short --junit-xml=/home/jaay/Agnirath/Agnirath_LVS_Strategy/aarush_ros/build/imu_package/pytest.xml --junit-prefix=imu_package -o cache_dir=/home/jaay/Agnirath/Agnirath_LVS_Strategy/aarush_ros/build/imu_package/.pytest_cache PYTHONPATH=/home/jaay/Agnirath/Agnirath_LVS_Strategy/aarush_ros/install/imu_package/lib/python3.10/site-packages:${PYTHONPATH} /usr/bin/python3 -m pytest
[2.435s] [1m============================= test session starts ==============================[0m
[2.435s] platform linux -- Python 3.10.12, pytest-6.2.5, py-1.10.0, pluggy-0.13.0
[2.435s] cachedir: /home/jaay/Agnirath/Agnirath_LVS_Strategy/aarush_ros/build/imu_package/.pytest_cache
[2.435s] rootdir: /home/jaay/Agnirath/Agnirath_LVS_Strategy/aarush_ros/src/imu_package
[2.435s] plugins: ament-xmllint-0.14.1, ament-copyright-0.14.1, ament-flake8-0.14.1, launch-testing-2.0.2, ament-pep257-0.14.1, launch-testing-ros-0.24.0, ament-lint-0.14.1, colcon-core-0.12.1, cov-3.0.0
[2.435s] [1mcollecting ... [0m[1m
[2.435s] collected 3 items                                                              [0m
[2.435s] 
[2.436s] test/test_copyright.py [33ms[0m[32m                                                 [ 33%][0m
[2.436s] test/test_flake8.py [31mF[0m[31m                                                    [ 66%][0m
[2.436s] test/test_pep257.py [32m.[0m[31m                                                    [100%][0m
[2.436s] 
[2.436s] =================================== FAILURES ===================================
[2.436s] [31m[1m_________________________________ test_flake8 __________________________________[0m
[2.436s] [1m[31mtest/test_flake8.py[0m:23: in test_flake8
[2.436s]     [94massert[39;49;00m rc == [94m0[39;49;00m, \
[2.436s] [1m[31mE   AssertionError: Found 7 code style errors / warnings:[0m
[2.436s] [1m[31mE     ./imu_package/imu_node.py:12:32: E231 missing whitespace after ','[0m
[2.436s] [1m[31mE     ./imu_package/imu_node.py:58:26: E225 missing whitespace around operator[0m
[2.436s] [1m[31mE     ./imu_package/imu_node.py:73:1: W293 blank line contains whitespace[0m
[2.436s] [1m[31mE     ./imu_package/imu_node.py:74:1: E302 expected 2 blank lines, found 1[0m
[2.436s] [1m[31mE     ./imu_package/imu_node.py:78:43: E231 missing whitespace after ','[0m
[2.436s] [1m[31mE     ./imu_package/imu_node.py:78:45: E231 missing whitespace after ','[0m
[2.436s] [1m[31mE     ./imu_package/imu_node.py:79:1: W293 blank line contains whitespace[0m
[2.436s] [1m[31mE   assert 1 == 0[0m
[2.436s] ----------------------------- Captured stdout call -----------------------------
[2.436s] 
[2.436s] ./imu_package/imu_node.py:12:32: E231 missing whitespace after ','
[2.436s]     def init_imu_publisher(self,topic, timer_period, MPU_BUS_NO):
[2.436s]                                ^
[2.436s] 
[2.436s] ./imu_package/imu_node.py:58:26: E225 missing whitespace around operator
[2.437s]         self.imu_pub_data= [
[2.437s]                          ^
[2.437s] 
[2.437s] ./imu_package/imu_node.py:73:1: W293 blank line contains whitespace
[2.437s]     
[2.437s] ^
[2.437s] 
[2.437s] ./imu_package/imu_node.py:74:1: E302 expected 2 blank lines, found 1
[2.437s] def main(args=None):
[2.437s] ^
[2.437s] 
[2.437s] ./imu_package/imu_node.py:78:43: E231 missing whitespace after ','
[2.437s]     imu_node.init_imu_publisher("imu_data",1,2)
[2.437s]                                           ^
[2.437s] 
[2.437s] ./imu_package/imu_node.py:78:45: E231 missing whitespace after ','
[2.437s]     imu_node.init_imu_publisher("imu_data",1,2)
[2.437s]                                             ^
[2.437s] 
[2.437s] ./imu_package/imu_node.py:79:1: W293 blank line contains whitespace
[2.437s]     
[2.437s] ^
[2.437s] 
[2.437s] 1     E225 missing whitespace around operator
[2.438s] 3     E231 missing whitespace after ','
[2.438s] 1     E302 expected 2 blank lines, found 1
[2.438s] 2     W293 blank line contains whitespace
[2.438s] 
[2.438s] 6 files checked
[2.438s] 7 errors
[2.438s] 
[2.438s] 'E'-type errors: 5
[2.438s] 'W'-type errors: 2
[2.438s] 
[2.438s] Checked files:
[2.438s] 
[2.438s] * ./setup.py
[2.438s] * ./test/test_flake8.py
[2.438s] * ./test/test_pep257.py
[2.438s] * ./test/test_copyright.py
[2.438s] * ./imu_package/__init__.py
[2.438s] * ./imu_package/imu_node.py
[2.438s] ----------------------------- Captured stderr call -----------------------------
[2.438s] option --max-complexity: please update from optparse string `type=` to argparse callable `type=` -- this will be an error in the future
[2.438s] - generated xml file: /home/jaay/Agnirath/Agnirath_LVS_Strategy/aarush_ros/build/imu_package/pytest.xml -
[2.438s] =========================== short test summary info ============================
[2.438s] FAILED test/test_flake8.py::test_flake8 - AssertionError: Found 7 code style ...
[2.439s] [31m============== [31m[1m1 failed[0m, [32m1 passed[0m, [33m1 skipped[0m, [33m2 warnings[0m[31m in 0.21s[0m[31m ==============[0m
[2.439s] [33m=============================== warnings summary ===============================[0m
[2.439s] test/test_flake8.py::test_flake8
[2.439s] test/test_flake8.py::test_flake8
[2.439s]   Warning: SelectableGroups dict interface is deprecated. Use select.
[2.439s] 
[2.439s] -- Docs: https://docs.pytest.org/en/stable/warnings.html
[2.962s] Invoked command in '/home/jaay/Agnirath/Agnirath_LVS_Strategy/aarush_ros/src/imu_package' returned '1': AMENT_PREFIX_PATH=/home/jaay/Agnirath/Agnirath_LVS_Strategy/aarush_ros/install/imu_package:${AMENT_PREFIX_PATH} PYTEST_ADDOPTS=--tb=short --junit-xml=/home/jaay/Agnirath/Agnirath_LVS_Strategy/aarush_ros/build/imu_package/pytest.xml --junit-prefix=imu_package -o cache_dir=/home/jaay/Agnirath/Agnirath_LVS_Strategy/aarush_ros/build/imu_package/.pytest_cache PYTHONPATH=/home/jaay/Agnirath/Agnirath_LVS_Strategy/aarush_ros/install/imu_package/lib/python3.10/site-packages:${PYTHONPATH} /usr/bin/python3 -m pytest
